# Copyright (c) 2017, the Dart project authors.  Please see the AUTHORS file
# for details. All rights reserved. Use of this source code is governed by a
# BSD-style license that can be found in the LICENSE file.

# Kernel works slightly different. There are kernel specific versions.
# These are the non-kernel specific versions so skip tests and allow errors.
[ $compiler == dartk ]
*_reload_*: Skip # no reload support for now
add_breakpoint_rpc_test: SkipByDesign # non-kernel specific version of add_breakpoint_rpc_kernel_test.
address_mapper_test: CompileTimeError # These 3 tests fail with 'dart:vmservice_io': error: [...] native function 'VMServiceIO_Shutdown' (0 arguments) cannot be found because of '--compile_all'
address_mapper_test: Crash
async_generator_breakpoint_test: Skip # Issue 29158, Async debugging
async_single_step_out_test: RuntimeError # Issue 29158, Async debugging
async_star_single_step_into_test: RuntimeError # Issue 29158, Async debugging
async_star_step_out_test: RuntimeError # Issue 29158, Async debugging
async_step_out_test: RuntimeError # Issue 29158, Async debugging
awaiter_async_stack_contents_test: RuntimeError # Issue 29158, Async debugging
capture_stdio_test: CompileTimeError # These 3 tests fail with 'dart:vmservice_io': error: [...] native function 'VMServiceIO_Shutdown' (0 arguments) cannot be found because of '--compile_all'
capture_stdio_test: Crash
developer_extension_test: CompileTimeError
eval_internal_class_test: Skip # no evaluation test for now
evaluate_*: Skip # no evaluation test for now
get_isolate_after_language_error_test: CompileTimeError
isolate_lifecycle_test: Pass, RuntimeError # Inherited from service.status
library_dependency_test: CompileTimeError # Deferred loading kernel issue 28335.
pause_on_unhandled_async_exceptions2_test: RuntimeError # --pause-isolates-on-unhandled-exceptions doesn't currently work. Issue #29056
pause_on_unhandled_async_exceptions_test: RuntimeError #  --pause-isolates-on-unhandled-exceptions doesn't currently work. Issue #29056
step_through_arithmetic_test: RuntimeError # probably constant evaluator pre-evaluating e.g. 1+2
vm_restart_test: Crash

[ $compiler == dartkp ]
*: Skip # Non-kernel also skips precompiled mode.

[ $arch == simdbc64 && $compiler == dartk ]
pause_on_unhandled_async_exceptions2_test: RuntimeError, Timeout # Issue 31765
pause_on_unhandled_async_exceptions_test: RuntimeError, Timeout # Issue 31765

[ $compiler == dartk && $mode == debug ]
isolate_lifecycle_test: Skip # Flaky.
pause_idle_isolate_test: Skip # Flaky

[ $compiler == dartk && $mode == debug && $strong ]
external_service_disappear_test: Crash # Issue 31587

# Issue 31587
[ $compiler == dartk && $strong ]
add_breakpoint_rpc_kernel_test: CompileTimeError
allocations_test: CompileTimeError
async_next_test: CompileTimeError
async_scope_test: CompileTimeError
async_single_step_exception_test: CompileTimeError
async_single_step_into_test: CompileTimeError
async_single_step_out_test: CompileTimeError
async_star_single_step_into_test: CompileTimeError
async_star_step_out_test: CompileTimeError
async_step_out_test: CompileTimeError
auth_token1_test: CompileTimeError
auth_token_test: CompileTimeError
awaiter_async_stack_contents_test: CompileTimeError
bad_web_socket_address_test: CompileTimeError
break_on_activation_test: CompileTimeError
break_on_default_constructor_test: CompileTimeError
break_on_function_test: CompileTimeError
breakpoint_in_parts_class_test: CompileTimeError
breakpoint_two_args_checked_test: CompileTimeError
caching_test: CompileTimeError
causal_async_stack_contents_test: CompileTimeError
causal_async_stack_presence_test: CompileTimeError
causal_async_star_stack_contents_test: CompileTimeError
causal_async_star_stack_presence_test: CompileTimeError
code_test: CompileTimeError
collect_all_garbage_test: CompileTimeError
command_test: CompileTimeError
contexts_test: CompileTimeError
coverage_leaf_function_test: CompileTimeError
coverage_optimized_function_test: CompileTimeError
crash_dump_test: CompileTimeError
dart/spawn_infinite_loop_test: RuntimeError
debugger_inspect_test: CompileTimeError
debugger_location_second_test: CompileTimeError
debugger_location_test: CompileTimeError
debugging_inlined_finally_test: CompileTimeError
debugging_test: CompileTimeError
dev_fs_http_put_test: CompileTimeError
dev_fs_http_put_weird_char_test: CompileTimeError
dev_fs_spawn_test: CompileTimeError
dev_fs_test: CompileTimeError
dev_fs_uri_test: CompileTimeError
dev_fs_weird_char_test: CompileTimeError
developer_server_control_test: CompileTimeError
developer_service_get_isolate_id_test: CompileTimeError
dominator_tree_user_test: CompileTimeError
dominator_tree_vm_test: CompileTimeError
echo_test: CompileTimeError
eval_test: CompileTimeError
external_service_asynchronous_invocation_test: CompileTimeError
external_service_disappear_test: CompileTimeError
external_service_notification_invocation_test: CompileTimeError
external_service_registration_test: CompileTimeError
external_service_registration_via_notification_test: CompileTimeError
external_service_synchronous_invocation_test: CompileTimeError
field_script_test: CompileTimeError
file_service_test: CompileTimeError
gc_test: CompileTimeError
get_allocation_profile_rpc_test: CompileTimeError
get_allocation_samples_test: CompileTimeError
get_cpu_profile_timeline_rpc_test: CompileTimeError
get_flag_list_rpc_test: CompileTimeError
get_heap_map_rpc_test: CompileTimeError
get_instances_rpc_test: CompileTimeError
get_isolate_after_async_error_test: CompileTimeError
get_isolate_after_stack_overflow_error_test: CompileTimeError
get_isolate_after_sync_error_test: CompileTimeError
get_isolate_rpc_test: CompileTimeError
get_object_rpc_test: CompileTimeError
get_object_store_rpc_test: CompileTimeError
get_ports_rpc_test: CompileTimeError
get_retained_size_rpc_test: CompileTimeError
get_retaining_path_rpc_test: CompileTimeError
get_source_report_test: CompileTimeError
get_stack_rpc_test: CompileTimeError
get_user_level_retaining_path_rpc_test: CompileTimeError
get_version_rpc_test: CompileTimeError
get_vm_rpc_test: CompileTimeError
get_vm_timeline_rpc_test: CompileTimeError
get_zone_memory_info_rpc_test: CompileTimeError
implicit_getter_setter_test: CompileTimeError
inbound_references_test: CompileTimeError
instance_field_order_rpc_test: CompileTimeError
isolate_lifecycle_test: CompileTimeError
issue_25465_test: CompileTimeError
issue_27238_test: CompileTimeError
issue_27287_test: CompileTimeError
issue_30555_test: CompileTimeError
local_variable_declaration_test: CompileTimeError
logging_test: CompileTimeError
malformed_test: CompileTimeError
metrics_test: CompileTimeError
mirror_references_test: CompileTimeError
mixin_break_test: CompileTimeError
native_metrics_test: CompileTimeError
next_through_assign_call_test: CompileTimeError
next_through_assign_int_test: CompileTimeError
next_through_call_on_field_in_class_test: CompileTimeError
next_through_call_on_field_test: CompileTimeError
next_through_call_on_static_field_in_class_test: CompileTimeError
next_through_catch_test: CompileTimeError
next_through_closure_test: CompileTimeError
next_through_create_list_and_map_test: CompileTimeError
next_through_for_each_loop_test: CompileTimeError
next_through_for_loop_with_break_and_continue_test: CompileTimeError
next_through_function_expression_test: CompileTimeError
next_through_implicit_call_test: CompileTimeError, RuntimeError # Runtime error on opt counter builder (#31838)
next_through_is_and_as_test: CompileTimeError
next_through_multi_catch_test: CompileTimeError
next_through_new_test: CompileTimeError
next_through_operator_bracket_on_super_test: CompileTimeError
next_through_operator_bracket_on_this_test: CompileTimeError
next_through_operator_bracket_test: CompileTimeError
next_through_simple_async_with_returns_test: CompileTimeError
next_through_simple_linear_2_test: CompileTimeError
next_through_simple_linear_test: CompileTimeError
object_graph_stack_reference_test: CompileTimeError
object_graph_user_test: CompileTimeError
object_graph_vm_test: CompileTimeError
observatory_assets_test: CompileTimeError
parameters_in_scope_at_entry_test: CompileTimeError
pause_idle_isolate_test: CompileTimeError
pause_on_exceptions_test: CompileTimeError
pause_on_start_and_exit_test: CompileTimeError
pause_on_start_then_step_test: CompileTimeError
pause_on_unhandled_async_exceptions2_test: CompileTimeError
pause_on_unhandled_async_exceptions_test: CompileTimeError
pause_on_unhandled_exceptions_test: CompileTimeError
positive_token_pos_test: CompileTimeError
process_service_test: CompileTimeError
reachable_size_test: CompileTimeError
regexp_function_test: CompileTimeError
regress_28443_test: CompileTimeError
regress_28980_test: CompileTimeError
reload_sources_test: CompileTimeError
rewind_optimized_out_test: CompileTimeError
rewind_test: CompileTimeError
set_library_debuggable_rpc_test: CompileTimeError
set_library_debuggable_test: CompileTimeError
set_name_rpc_test: CompileTimeError
set_vm_name_rpc_test: CompileTimeError
steal_breakpoint_test: CompileTimeError
step_into_async_no_await_test: CompileTimeError
step_over_await_test: CompileTimeError
step_test: CompileTimeError
step_through_arithmetic_test: CompileTimeError
step_through_constructor_calls_test: CompileTimeError
step_through_constructor_test: CompileTimeError
step_through_function_2_test: CompileTimeError
step_through_function_test: CompileTimeError
step_through_getter_test: CompileTimeError
step_through_property_get_test: CompileTimeError
step_through_property_set_test: CompileTimeError
step_through_setter_test: CompileTimeError
step_through_switch_test: CompileTimeError
step_through_switch_with_continue_test: CompileTimeError
string_escaping_test: CompileTimeError
tcp_socket_closing_service_test: CompileTimeError
tcp_socket_service_test: CompileTimeError
type_arguments_test: CompileTimeError
typed_data_test: CompileTimeError
udp_socket_service_test: CompileTimeError
vm_test: CompileTimeError
vm_timeline_events_test: CompileTimeError
vm_timeline_flags_test: CompileTimeError
weak_properties_test: CompileTimeError

