# Copyright (c) 2013, the Dart project authors.  Please see the AUTHORS file
# for details. All rights reserved. Use of this source code is governed by a
# BSD-style license that can be found in the LICENSE file.

interactive_test: Skip # Must be run manually.
cross_frame_test: Skip # Test reloads itself. Issue 18558

[ $compiler == dart2js ]
input_element_test/attributes: Fail # Issue 21555
wrapping_collections_test: SkipByDesign # Testing an issue that is only relevant to Dartium
js_typed_interop_default_arg_test/default_value: MissingCompileTimeError # Issue #25759
mirrors_js_typed_interop_test: Pass, Slow
js_type_test/dynamic-null-not-Foo: Fail  # Issue 26838
js_type_test/dynamic-String-not-Foo: Fail  # Issue 26838
js_type_test/dynamic-String-not-dynamic-Foo: Fail  # Issue 26838
js_interop_constructor_name_test/HTMLDivElement-types-erroneous1: Fail # Issue 26838
js_interop_constructor_name_test/HTMLDivElement-types-erroneous2: Fail # Issue 26838
# ROLL 50 FAILURES START
custom/document_register_type_extensions_test/construction: Pass, Timeout # Roll 50 failure
custom/document_register_type_extensions_test/registration: Pass, Timeout # Roll 50 failure
custom/entered_left_view_test/shadow_dom: Pass, Timeout # Roll 50 failure
fileapi_test/directoryReader: Pass, Timeout # Roll 50 failure
fileapi_test/entry: Pass, Timeout # Roll 50 failure
fileapi_test/fileEntry: Pass, Timeout # Roll 50 failure
fileapi_test/getDirectory: Pass, Timeout # Roll 50 failure
fileapi_test/getFile: Pass, Timeout # Roll 50 failure
indexeddb_1_test/functional: Pass, Timeout # Roll 50 failure
indexeddb_2_test: Pass, Timeout # Roll 50 failure
indexeddb_3_test: Pass, Timeout # Roll 50 failure
indexeddb_4_test: Pass, Timeout # Roll 50 failure
indexeddb_5_test: Pass, Timeout # Roll 50 failure
js_typed_interop_side_cast_exp_test: Pass, RuntimeError # Roll 50 failure
svgelement_test/PathElement: Pass, RuntimeError # Roll 50 failure
websql_test/functional: Pass, Timeout # Roll 50 failure
xhr_test/xhr: Pass, RuntimeError # Roll 50 failure
# ROLL 50 FAILURES END

[ $compiler == dart2js && $checked ]
js_function_getter_trust_types_test: Skip # --trust-type-annotations incompatible with --checked

[ $compiler == dart2js && $csp && $browser ]
custom/js_custom_test: Fail # Issue 14643
custom/element_upgrade_test: Fail # Issue 17298

[ $compiler == dart2js && $browser ]
custom/created_callback_test: Fail # Support for created constructor. Issue 14835
fontface_loaded_test: Fail # Support for promises.

[ $compiler == dart2js && ($runtime == safari || $runtime == safarimobilesim || $runtime == ff  || $ie) ]
custom/entered_left_view_test/viewless_document: Fail # Polyfill does not handle this
fontface_test: Fail # Fontface not supported on these.
custom/attribute_changed_callback_test/unsupported_on_polyfill: Fail # Polyfill does not support

[ $compiler == dart2js && $runtime == chrome ]
element_animate_test/timing_dict: RuntimeError # Issue 26730
element_classes_test: RuntimeError # Issue 30291
element_types_test/supported_keygen: RuntimeError # Issue 29055
fileapi_test/entry: Pass, Fail # TODO(dart2js-team): Please triage this failure.
fileapi_test/getDirectory: Fail # TODO(dart2js-team): Please triage this failure.
fileapi_test/getFile: Fail # TODO(dart2js-team): Please triage this failure.
media_stream_test/supported_MediaStreamEvent: RuntimeError # Please triage.
media_stream_test/supported_MediaStreamTrackEvent: RuntimeError # Please triage.
messageevent_test: RuntimeError # Please triage this error. New in Chrome 62.
serialized_script_value_test: RuntimeError # Please triage this error. New in Chrome 62.
speechrecognition_test/types: RuntimeError # Please triage.
touchevent_test/supported: Fail # Touch events are only supported on touch devices

[ $compiler == dart2js && $runtime == chromeOnAndroid ]
crypto_test/functional: Pass, Slow # TODO(dart2js-team): Please triage this failure.
input_element_test/supported_datetime-local: Pass, Slow # TODO(dart2js-team): Please triage this failure.

fileapi_test/entry: Fail, Pass # TODO(dart2js-team): Please triage this failure.
fileapi_test/fileEntry: Fail, Pass # TODO(dart2js-team): Please triage this failure.
fileapi_test/getDirectory: Fail, Pass # TODO(dart2js-team): Please triage this failure.
fileapi_test/getFile: Fail, Pass # TODO(dart2js-team): Please triage this failure.

audiocontext_test/supported: RuntimeError # TODO(dart2js-team): Please triage this failure.
audiobuffersourcenode_test/supported: Fail # TODO(dart2js-team): Please triage this failure.
canvasrenderingcontext2d_test/drawImage_video_element: Fail # TODO(dart2js-team): Please triage this failure.
canvasrenderingcontext2d_test/drawImage_video_element_dataUrl: Fail # TODO(dart2js-team): Please triage this failure.
canvasrenderingcontext2d_test/fillText: Fail # TODO(dart2js-team): Please triage this failure.
element_types_test/supported_datalist: Fail # TODO(dart2js-team): Please triage this failure.
input_element_test/supported_week: Fail # TODO(dart2js-team): Please triage this failure.
media_stream_test/supported_media: Fail # TODO(dart2js-team): Please triage this failure.
rtc_test/supported: Fail # TODO(dart2js-team): Please triage this failure.
speechrecognition_test/supported: Fail # TODO(dart2js-team): Please triage this failure.
speechrecognition_test/types: Fail # TODO(dart2js-team): Please triage this failure.
xhr_test/json: Fail # TODO(dart2js-team): Please triage this failure.

[ $runtime == safarimobilesim ]
element_offset_test/offset: RuntimeError # Issue 18573
element_types_test/supported_meter: RuntimeError # Issue 18573

[ $runtime == chrome && $system == macos ]
canvasrenderingcontext2d_test/drawImage_video_element: Skip # Times out. Please triage this failure.
canvasrenderingcontext2d_test/drawImage_video_element_dataUrl: Skip # Times out. Please triage this failure.
transition_event_test/functional: Skip # Times out. Issue 22167
request_animation_frame_test: Skip # Times out. Issue 22167
custom/*: Pass, Timeout # Issue 26789
custom_elements_test: Pass, Timeout # Issue 26789
custom_element_method_clash_test: Pass, Timeout # Issue 26789
custom_element_name_clash_test: Pass, Timeout # Issue 26789

[$runtime == drt || $runtime == chrome || $runtime == chromeOnAndroid ]
webgl_1_test: Pass, Fail # Issue 8219

[ $compiler == dart2js && $minified ]
canvas_pixel_array_type_alias_test/types2_runtimeTypeName: Fail, OK # Issue 12605

[ $runtime == ie11 ]
canvasrenderingcontext2d_test/arc: Pass, Fail # Pixel unexpected value. Please triage this failure.
canvasrenderingcontext2d_test/drawImage_video_element: Fail # IE does not support drawImage w/ video element
canvasrenderingcontext2d_test/drawImage_video_element_dataUrl: Fail # IE does not support drawImage w/ video element
custom/document_register_type_extensions_test/single-parameter: Fail # Issue 13193.
deferred_multi_app_htmltest: Skip # Times out on IE.  Issue 21537
element_animate_test: Fail # Element.animate not supported on these browsers.
element_test/click: Fail # IE does not support firing this event.
event_test: RuntimeError # Issue 23437. Only three failures, but hard to break them out.
gamepad_test: Fail # IE does not support Navigator.getGamepads()
indexeddb_5_test: Fail # Issue 12893
js_test/transferrables: RuntimeError # Issue 14246
js_util_test/callConstructor: RuntimeError # Issue 26978
localstorage_test: Pass, RuntimeError # Issue 22166
no_linked_scripts_htmltest: Skip # Times out on IE.  Issue 21537
notification_test/supported_notification: Fail # Notification not supported on IE
postmessage_structured_test/more_primitives: Fail # Does not support the MessageEvent constructor.
request_animation_frame_test: Skip # Times out. Issue 22167
scripts_htmltest: Skip # Times out on IE.  Issue 21537
serialized_script_value_test: Fail
storage_test: Pass, RuntimeError # Issue 22166
text_event_test: RuntimeError # Issue 23437
transferables_test: Pass, Fail # Issues 20659.
transition_event_test/functional: Skip # Times out. Issue 22167
two_scripts_htmltest: Skip # Times out on IE.  Issue 21537
websocket_test/websocket: Fail # Issue 7875. Closed with "working as intended".
wheelevent_test: RuntimeError # Issue 23437
worker_test/functional: Pass, Fail # Issues 20659.

# IE11 Feature support statuses-
# These results not yet noted in platform support annotations.
# All changes should be accompanied by platform support annotation changes.
audiobuffersourcenode_test/supported: Fail
audiocontext_test/supported: Fail
crypto_test/supported: Fail
css_test/supportsPointConversions: Fail
element_types_test/supported_content: Fail
element_types_test/supported_details: Fail
element_types_test/supported_keygen: Fail
element_types_test/supported_meter: Fail
element_types_test/supported_output: Fail
element_types_test/supported_shadow: Fail
element_types_test/supported_template: Fail
fileapi_test/supported: Fail
history_test/supported_HashChangeEvent: Fail
input_element_test/supported_date: Fail
input_element_test/supported_datetime-local: Fail
input_element_test/supported_month: Fail
input_element_test/supported_time: Fail
input_element_test/supported_week: Fail
media_stream_test/supported_MediaStreamEvent: Fail
media_stream_test/supported_MediaStreamTrackEvent: Fail
media_stream_test/supported_media: Fail
mediasource_test/supported: Pass, Fail # Should pass on Windows 8
mediasource_test/functional: Pass, Fail # Fails on Windows 8
rtc_test/supported: Fail
shadow_dom_test/supported: Fail
speechrecognition_test/supported: Fail
svgelement_test/supported_altGlyph: Fail
svgelement_test/supported_animate: Fail
svgelement_test/supported_animateMotion: Fail
svgelement_test/supported_animateTransform: Fail
svgelement_test/supported_foreignObject: Fail
svgelement_test/supported_set: Fail
touchevent_test/supported: Fail # IE does not support TouchEvents
webgl_1_test/functional: Fail
websql_test/supported: Fail
xhr_test/json: Fail # IE10 returns string, not JSON object
xsltprocessor_test/supported: Fail

[ $compiler == dart2js && $runtime == drt && ! $checked ]
audiocontext_test/functional: Pass, Fail

[ $runtime == safari || $runtime == safarimobilesim ]
worker_api_test: Skip # Issue 13221
webgl_1_test: Pass, Fail # Issue 8219
canvasrenderingcontext2d_test/drawImage_video_element: Fail # Safari does not support drawImage w/ video element
canvasrenderingcontext2d_test/drawImage_video_element_dataUrl: Fail # Safari does not support drawImage w/ video element
element_test: Pass, Fail # Issue 21434
mediasource_test: Pass, Fail # MediaSource only available on Safari 8 desktop, we can't express that.
element_animate_test: Fail # Element.animate not supported on these browsers.
gamepad_test: Fail # Safari does not support Navigator.getGamepads()

# Safari Feature support statuses-
# All changes should be accompanied by platform support annotation changes.
element_types_test/supported_content: Fail
element_types_test/supported_datalist: Fail
element_types_test/supported_shadow: Fail
fileapi_test/supported: Fail
media_stream_test/supported_MediaStreamEvent: Fail
media_stream_test/supported_MediaStreamTrackEvent: Fail
media_stream_test/supported_media: Fail
rtc_test/supported: Fail
shadow_dom_test/supported: Fail
speechrecognition_test/supported: Fail

[ $runtime == safarimobilesim ]
performance_api_test/supported: Fail
indexeddb_1_test/supported: Fail
element_types_test/supported_template: Fail
xhr_test/json: Fail # Safari doesn't support JSON response type
notification_test/constructors: Pass # Safari mobile will pass this test on the basis that notifications aren't supported at all.
notification_test/supported_notification: RuntimeError # Issue 22869
wheelevent_test: RuntimeError # Safarimobilesim does not support WheelEvent
event_test: RuntimeError # Safarimobilesim does not support WheelEvent

[ $runtime == safari ]
audiobuffersourcenode_test/functional: RuntimeError
input_element_test/supported_month: RuntimeError
input_element_test/supported_time: RuntimeError
input_element_test/supported_week: RuntimeError
input_element_test/supported_date: Fail
input_element_test/supported_datetime-local: Fail
touchevent_test/supported: Fail # Safari does not support TouchEvents
notification_test/constructors: Fail # Safari doesn't let us access the fields of the Notification to verify them.
indexeddb_1_test/functional: Skip # Times out. Issue 21433
indexeddb_2_test: RuntimeError # Issue 21433
indexeddb_4_test: RuntimeError # Issue 21433
indexeddb_5_test: RuntimeError # Issue 21433
indexeddb_3_test: Skip # Times out 1 out of 10.

[  $compiler == dart2js && $runtime == ff ]
history_test/history: Skip # Issue 22050
xhr_test/xhr: Pass, Fail # Issue 11602
dart_object_local_storage_test: Skip  # sessionStorage NS_ERROR_DOM_NOT_SUPPORTED_ERR
webgl_1_test: Pass, Fail   # Issue 8219
text_event_test: Fail # Issue 17893
element_animate_test/timing_dict: RuntimeError # Issue 26730
messageevent_test: Pass, RuntimeError # Issue 28983
serialized_script_value_test: Pass, RuntimeError # Issue 28983
element_types_test/supported_content: Pass, RuntimeError # Issue 28983
element_types_test/supported_shadow: Pass, RuntimeError # Issue 28983

# Firefox Feature support statuses-
# All changes should be accompanied by platform support annotation changes.
element_classes_test: RuntimeError # Issue 27535
element_types_test/supported_keygen: Fail
fileapi_test/supported: Fail
input_element_test/supported_date: Fail
input_element_test/supported_datetime-local: Fail
input_element_test/supported_month: Fail
input_element_test/supported_time: Fail
input_element_test/supported_week: Fail
media_stream_test/supported_MediaStreamEvent: Fail
media_stream_test/supported_MediaStreamTrackEvent: Fail
shadow_dom_test/supported: Fail
speechrecognition_test/supported: Fail
touchevent_test/supported: Fail
websql_test/supported: Fail

# 'html' tests import the HTML library, so they only make sense in
# a browser environment.
[ $runtime == vm || $runtime == dart_precompiled ]
*: Skip

[ $compiler == dart2js && ($runtime == drt || $runtime == ff) ]
request_animation_frame_test: Skip # Async test hangs.

[ $runtime == drt ]
webgl_extensions_test: Skip # webgl does not work properly on DRT, which is 'headless'.

[ $compiler == dart2js && $csp && ($runtime == drt || $runtime == safari || $runtime == ff || $runtime == chrome || $runtime == chromeOnAndroid) ]
# Note: these tests are all injecting scripts by design.  This is not allowed under CSP.
# TODO(sra): Change these tests to use a same-origin JavaScript script file.
event_customevent_test: SkipByDesign
js_interop_1_test: SkipByDesign
js_test: SkipByDesign
js_array_test: SkipByDesign
js_util_test: SkipByDesign
js_typed_interop_bind_this_test: SkipByDesign
js_typed_interop_callable_object_test: SkipByDesign
js_typed_interop_test: SkipByDesign
js_typed_interop_default_arg_test: SkipByDesign
js_typed_interop_type_test: SkipByDesign
js_typed_interop_type1_test: SkipByDesign
js_typed_interop_type3_test: SkipByDesign
js_typed_interop_window_property_test: SkipByDesign
js_function_getter_test: SkipByDesign
js_function_getter_trust_types_test: SkipByDesign
js_dart_to_string_test: SkipByDesign
mirrors_js_typed_interop_test: SkipByDesign
postmessage_structured_test: SkipByDesign

[ $compiler == dart2js &&  ($runtime == chrome || $runtime == drt) ]
svgelement_test/supported_altGlyph: RuntimeError # Issue 25787

[ ($runtime == drt && $system == macos) || $system == windows ]
xhr_test/xhr: Skip # Times out.  Issue 21527

[ $compiler == dart2analyzer ]
custom/document_register_basic_test: StaticWarning
custom/element_upgrade_test: StaticWarning
datalistelement_test: StaticWarning
documentfragment_test: StaticWarning
element_add_test: StaticWarning
element_test: StaticWarning
events_test: StaticWarning
htmlelement_test: StaticWarning
js_function_getter_trust_types_test: skip # dart2js specific flags.
localstorage_test: StaticWarning
mutationobserver_test: StaticWarning
queryall_test: fail
track_element_constructor_test: StaticWarning
transferables_test: StaticWarning
typed_arrays_range_checks_test: StaticWarning
typing_test: StaticWarning
webgl_1_test: StaticWarning
window_nosuchmethod_test: StaticWarning
js_typed_interop_default_arg_test/default_value: MissingCompileTimeError # Issue #25759

[ $compiler == dart2analyzer && $builder_tag == strong ]
*: Skip # Issue 28649

[ $compiler == dart2js && $dart2js_with_kernel && $host_checked ]
async_spawnuri_test: RuntimeError
async_test: RuntimeError
audiobuffersourcenode_test/functional: RuntimeError
audiobuffersourcenode_test/supported: RuntimeError
audiobuffersourcenode_test: Crash # 'file:*/pkg/compiler/lib/src/common_elements.dart': Failed assertion: line 405 pos 12: 'element.name == '=='': is not true.
audiocontext_test/supported: RuntimeError
audiocontext_test: Crash # 'file:*/pkg/compiler/lib/src/common_elements.dart': Failed assertion: line 405 pos 12: 'element.name == '=='': is not true.
audioelement_test: RuntimeError
cache_test/ApplicationCache: RuntimeError
cache_test/supported: RuntimeError
cache_test: Crash # 'file:*/pkg/compiler/lib/src/common_elements.dart': Failed assertion: line 405 pos 12: 'element.name == '=='': is not true.
callbacks_test: RuntimeError
canvas_pixel_array_type_alias_test/basic: RuntimeError
canvas_pixel_array_type_alias_test/typed_data: RuntimeError
canvas_pixel_array_type_alias_test/types1: RuntimeError
canvas_pixel_array_type_alias_test/types2: RuntimeError
canvas_pixel_array_type_alias_test/types2_runtimeTypeName: RuntimeError
canvas_pixel_array_type_alias_test: Crash # 'file:*/pkg/compiler/lib/src/common_elements.dart': Failed assertion: line 405 pos 12: 'element.name == '=='': is not true.
canvas_test: RuntimeError
canvasrenderingcontext2d_test/arc: RuntimeError
canvasrenderingcontext2d_test/drawImage_canvas_element: RuntimeError
canvasrenderingcontext2d_test/drawImage_image_element: RuntimeError
canvasrenderingcontext2d_test/drawImage_video_element: RuntimeError
canvasrenderingcontext2d_test/drawImage_video_element_dataUrl: RuntimeError
canvasrenderingcontext2d_test/fillText: RuntimeError
canvasrenderingcontext2d_test/pixel_manipulation: RuntimeError
canvasrenderingcontext2d_test: Crash # 'file:*/pkg/compiler/lib/src/common_elements.dart': Failed assertion: line 405 pos 12: 'element.name == '=='': is not true.
cdata_test: RuntimeError
client_rect_test: RuntimeError
cross_domain_iframe_test: RuntimeError
crypto_test/functional: RuntimeError
crypto_test/supported: RuntimeError
crypto_test: Crash # 'file:*/pkg/compiler/lib/src/common_elements.dart': Failed assertion: line 405 pos 12: 'element.name == '=='': is not true.
css_test/functional: RuntimeError
css_test/supportsPointConversions: RuntimeError
css_test: Crash # 'file:*/pkg/compiler/lib/src/common_elements.dart': Failed assertion: line 405 pos 12: 'element.name == '=='': is not true.
cssstyledeclaration_test: RuntimeError
custom/attribute_changed_callback_test/fully_supported: RuntimeError
custom/attribute_changed_callback_test/unsupported_on_polyfill: RuntimeError
custom/attribute_changed_callback_test: Crash # 'file:*/pkg/compiler/lib/src/common_elements.dart': Failed assertion: line 405 pos 12: 'element.name == '=='': is not true.
custom/constructor_calls_created_synchronously_test: RuntimeError
custom/created_callback_test: Crash # 'file:*/pkg/compiler/lib/src/common_elements.dart': Failed assertion: line 405 pos 12: 'element.name == '=='': is not true.
custom/document_register_basic_test: RuntimeError
custom/document_register_template_test: RuntimeError
custom/document_register_type_extensions_test/construction: RuntimeError
custom/document_register_type_extensions_test/constructors: RuntimeError
custom/document_register_type_extensions_test/createElement with type extension: RuntimeError
custom/document_register_type_extensions_test/functional: RuntimeError
custom/document_register_type_extensions_test/namespaces: RuntimeError
custom/document_register_type_extensions_test/parsing: RuntimeError
custom/document_register_type_extensions_test/registration: RuntimeError
custom/document_register_type_extensions_test/single-parameter createElement: RuntimeError
custom/document_register_type_extensions_test: Crash # 'file:*/pkg/compiler/lib/src/common_elements.dart': Failed assertion: line 405 pos 12: 'element.name == '=='': is not true.
custom/element_upgrade_test: RuntimeError
custom/entered_left_view_test/disconnected_subtree: RuntimeError
custom/entered_left_view_test/shadow_dom: RuntimeError
custom/entered_left_view_test/standard_events: RuntimeError
custom/entered_left_view_test/standard_events_old_callback_names: RuntimeError
custom/entered_left_view_test/viewless_document: RuntimeError
custom/entered_left_view_test: Crash # 'file:*/pkg/compiler/lib/src/common_elements.dart': Failed assertion: line 405 pos 12: 'element.name == '=='': is not true.
custom/js_custom_test: RuntimeError
custom/mirrors_2_test: RuntimeError
custom/mirrors_test: RuntimeError
custom/regress_194523002_test: RuntimeError
custom_element_method_clash_test/test: RuntimeError
custom_element_method_clash_test: Crash # 'file:*/pkg/compiler/lib/src/common_elements.dart': Failed assertion: line 405 pos 12: 'element.name == '=='': is not true.
custom_element_name_clash_test/test: RuntimeError
custom_element_name_clash_test: Crash # 'file:*/pkg/compiler/lib/src/common_elements.dart': Failed assertion: line 405 pos 12: 'element.name == '=='': is not true.
custom_elements_23127_test: Crash # 'file:*/pkg/compiler/lib/src/common_elements.dart': Failed assertion: line 405 pos 12: 'element.name == '=='': is not true.
custom_elements_test/innerHtml: RuntimeError
custom_elements_test/lifecycle: RuntimeError
custom_elements_test/mixins: RuntimeError
custom_elements_test/preregister: RuntimeError
custom_elements_test/register: RuntimeError
custom_elements_test: Crash # 'file:*/pkg/compiler/lib/src/common_elements.dart': Failed assertion: line 405 pos 12: 'element.name == '=='': is not true.
custom_tags_test: RuntimeError
dart_object_local_storage_test: RuntimeError
datalistelement_test: RuntimeError
document_test/document: RuntimeError
document_test: Crash # 'file:*/pkg/compiler/lib/src/common_elements.dart': Failed assertion: line 405 pos 12: 'element.name == '=='': is not true.
documentfragment_test: RuntimeError
dom_constructors_test: RuntimeError
domparser_test: RuntimeError
element_add_test: RuntimeError
element_animate_test/animate_supported: RuntimeError
element_animate_test/omit_timing: RuntimeError
element_animate_test/simple_timing: RuntimeError
element_animate_test/timing_dict: RuntimeError
element_animate_test: Crash # 'file:*/pkg/compiler/lib/src/common_elements.dart': Failed assertion: line 405 pos 12: 'element.name == '=='': is not true.
element_classes_svg_test: RuntimeError
element_classes_test: RuntimeError
element_constructor_1_test: RuntimeError
element_dimensions_test: RuntimeError
element_offset_test/offset: RuntimeError
element_offset_test: Crash # 'file:*/pkg/compiler/lib/src/common_elements.dart': Failed assertion: line 405 pos 12: 'element.name == '=='': is not true.
element_test/ElementList: RuntimeError
element_test/_ElementList: RuntimeError
element_test/attributes: RuntimeError
element_test/children: RuntimeError
element_test/click: RuntimeError
element_test/constructors: RuntimeError
element_test/eventDelegation: RuntimeError
element_test/eventListening: RuntimeError
element_test/functional: RuntimeError
element_test/matches: RuntimeError
element_test/position: RuntimeError
element_test/queryAll: RuntimeError
element_test: Crash # 'file:*/pkg/compiler/lib/src/common_elements.dart': Failed assertion: line 405 pos 12: 'element.name == '=='': is not true.
element_types_constructors1_test: RuntimeError
element_types_constructors2_test/constructors: RuntimeError
element_types_constructors2_test: Crash # 'file:*/pkg/compiler/lib/src/common_elements.dart': Failed assertion: line 405 pos 12: 'element.name == '=='': is not true.
element_types_constructors3_test/constructors: RuntimeError
element_types_constructors3_test: Crash # 'file:*/pkg/compiler/lib/src/common_elements.dart': Failed assertion: line 405 pos 12: 'element.name == '=='': is not true.
element_types_constructors4_test/constructors: RuntimeError
element_types_constructors4_test: Crash # 'file:*/pkg/compiler/lib/src/common_elements.dart': Failed assertion: line 405 pos 12: 'element.name == '=='': is not true.
element_types_constructors5_test/constructors: RuntimeError
element_types_constructors5_test: Crash # 'file:*/pkg/compiler/lib/src/common_elements.dart': Failed assertion: line 405 pos 12: 'element.name == '=='': is not true.
element_types_constructors6_test: Crash # 'file:*/pkg/compiler/lib/src/common_elements.dart': Failed assertion: line 405 pos 12: 'element.name == '=='': is not true.
element_types_test/supported_content: RuntimeError
element_types_test/supported_datalist: RuntimeError
element_types_test/supported_details: RuntimeError
element_types_test/supported_embed: RuntimeError
element_types_test/supported_keygen: RuntimeError
element_types_test/supported_meter: RuntimeError
element_types_test/supported_object: RuntimeError
element_types_test/supported_output: RuntimeError
element_types_test/supported_progress: RuntimeError
element_types_test/supported_shadow: RuntimeError
element_types_test/supported_template: RuntimeError
element_types_test/supported_track: RuntimeError
element_types_test: Crash # 'file:*/pkg/compiler/lib/src/common_elements.dart': Failed assertion: line 405 pos 12: 'element.name == '=='': is not true.
event_customevent_test: RuntimeError
event_test: RuntimeError
events_test: RuntimeError
exceptions_test: RuntimeError
fileapi_test/directoryReader: RuntimeError
fileapi_test/entry: RuntimeError
fileapi_test/fileEntry: RuntimeError
fileapi_test/getDirectory: RuntimeError
fileapi_test/getFile: RuntimeError
fileapi_test/unsupported_throws: RuntimeError
fileapi_test: Crash # 'file:*/pkg/compiler/lib/src/common_elements.dart': Failed assertion: line 405 pos 12: 'element.name == '=='': is not true.
filereader_test: RuntimeError
filteredelementlist_test: RuntimeError
fontface_loaded_test: Crash # 'file:*/pkg/compiler/lib/src/common_elements.dart': Failed assertion: line 405 pos 12: 'element.name == '=='': is not true.
fontface_test: RuntimeError
form_data_test/functional: RuntimeError
form_data_test/supported: RuntimeError
form_data_test: Crash # 'file:*/pkg/compiler/lib/src/common_elements.dart': Failed assertion: line 405 pos 12: 'element.name == '=='': is not true.
form_element_test: RuntimeError
gamepad_test: RuntimeError
geolocation_test: RuntimeError
hidden_dom_1_test: RuntimeError
hidden_dom_2_test: RuntimeError
history_test/history: RuntimeError
history_test/supported_HashChangeEvent: RuntimeError
history_test/supported_state: RuntimeError
history_test: Crash # 'file:*/pkg/compiler/lib/src/common_elements.dart': Failed assertion: line 405 pos 12: 'element.name == '=='': is not true.
htmlcollection_test: RuntimeError
htmlelement_test: RuntimeError
htmloptionscollection_test: RuntimeError
indexeddb_1_test/dynamic: RuntimeError
indexeddb_1_test/functional: RuntimeError
indexeddb_1_test/supported: RuntimeError
indexeddb_1_test/typed: RuntimeError
indexeddb_1_test: Crash # 'file:*/pkg/compiler/lib/src/common_elements.dart': Failed assertion: line 405 pos 12: 'element.name == '=='': is not true.
indexeddb_2_test: RuntimeError
indexeddb_3_test: RuntimeError
indexeddb_4_test: RuntimeError
indexeddb_5_test: RuntimeError
input_element_test/constructors: RuntimeError
input_element_test/supported_date: RuntimeError
input_element_test/supported_datetime-local: RuntimeError
input_element_test/supported_email: RuntimeError
input_element_test/supported_month: RuntimeError
input_element_test/supported_number: RuntimeError
input_element_test/supported_range: RuntimeError
input_element_test/supported_search: RuntimeError
input_element_test/supported_tel: RuntimeError
input_element_test/supported_time: RuntimeError
input_element_test/supported_url: RuntimeError
input_element_test/supported_week: RuntimeError
input_element_test: Crash # 'file:*/pkg/compiler/lib/src/common_elements.dart': Failed assertion: line 405 pos 12: 'element.name == '=='': is not true.
instance_of_test: RuntimeError
isolates_test: RuntimeError
js_array_test: Crash # FileSystemException(uri=file:///usr/local/google/home/efortuna/dart2/sdk/sdk/lib/_internal/dart2js_platform.dill; message=Error reading 'sdk/lib/_internal/dart2js_platform.dill'  (No such file or directory))
js_array_test: RuntimeError
js_dispatch_property_test: Crash # FileSystemException(uri=file:///usr/local/google/home/efortuna/dart2/sdk/sdk/lib/_internal/dart2js_platform.dill; message=Error reading 'sdk/lib/_internal/dart2js_platform.dill'  (No such file or directory))
js_dispatch_property_test: RuntimeError
js_function_getter_test/call getter as function: RuntimeError
js_function_getter_test: CompileTimeError
js_function_getter_trust_types_test/trust types: Crash # FileSystemException(uri=file:///usr/local/google/home/efortuna/dart2/sdk/sdk/lib/_internal/dart2js_platform.dill; message=Error reading 'sdk/lib/_internal/dart2js_platform.dill'  (No such file or directory))
js_function_getter_trust_types_test: CompileTimeError
js_interop_constructor_name_test/HTMLDivElement-methods: RuntimeError
js_interop_constructor_name_test/HTMLDivElement-types-erroneous1: Crash # FileSystemException(uri=file:///usr/local/google/home/efortuna/dart2/sdk/sdk/lib/_internal/dart2js_platform.dill; message=Error reading 'sdk/lib/_internal/dart2js_platform.dill'  (No such file or directory))
js_interop_constructor_name_test/HTMLDivElement-types-erroneous2: Crash # FileSystemException(uri=file:///usr/local/google/home/efortuna/dart2/sdk/sdk/lib/_internal/dart2js_platform.dill; message=Error reading 'sdk/lib/_internal/dart2js_platform.dill'  (No such file or directory))
js_interop_constructor_name_test/HTMLDivElement-types: Crash # FileSystemException(uri=file:///usr/local/google/home/efortuna/dart2/sdk/sdk/lib/_internal/dart2js_platform.dill; message=Error reading 'sdk/lib/_internal/dart2js_platform.dill'  (No such file or directory))
js_interop_constructor_name_test/HTMLDivElement-types: RuntimeError
js_interop_constructor_name_test: CompileTimeError
js_test/Dart->JS: RuntimeError
js_test/Dart_functions: RuntimeError
js_test/JS->Dart: RuntimeError
js_test/JavaScriptFunction: RuntimeError
js_test/JsArray: RuntimeError
js_test/JsFunction and callMethod: RuntimeError
js_test/JsObject.fromBrowserObject(): RuntimeError
js_test/JsObject.jsify(): RuntimeError
js_test/JsObject_methods: RuntimeError
js_test/caching: RuntimeError
js_test/context: RuntimeError
js_test/identity: RuntimeError
js_test/new_JsObject: RuntimeError
js_test/transferrables: RuntimeError
js_test: Crash # 'file:*/pkg/compiler/lib/src/common_elements.dart': Failed assertion: line 405 pos 12: 'element.name == '=='': is not true.
js_type_test/dynamic-null-not-dynamic-Foo: RuntimeError
js_type_test/dynamic-type: RuntimeError
js_type_test/dynamic: RuntimeError
js_type_test/static: RuntimeError
js_type_test: Crash # 'file:*/pkg/compiler/lib/src/common_elements.dart': Failed assertion: line 405 pos 12: 'element.name == '=='': is not true.
js_typed_interop_anonymous2_exp_test: RuntimeError
js_typed_interop_anonymous2_test: RuntimeError
js_typed_interop_anonymous_exp_test: RuntimeError
js_typed_interop_anonymous_unreachable_exp_test: RuntimeError
js_typed_interop_anonymous_unreachable_test: RuntimeError
js_typed_interop_bind_this_test/bind this: RuntimeError
js_typed_interop_bind_this_test: Crash # 'file:*/pkg/compiler/lib/src/common_elements.dart': Failed assertion: line 405 pos 12: 'element.name == '=='': is not true.
js_typed_interop_callable_object_test/callable object: RuntimeError
js_typed_interop_callable_object_test: CompileTimeError
js_typed_interop_default_arg_test/default_value: Crash # 'file:*/pkg/compiler/lib/src/common_elements.dart': Failed assertion: line 405 pos 12: 'element.name == '=='': is not true.
js_typed_interop_default_arg_test/explicit_argument: RuntimeError
js_typed_interop_default_arg_test/none: RuntimeError
js_typed_interop_side_cast_exp_test: Crash # 'file:*/pkg/compiler/lib/src/common_elements.dart': Failed assertion: line 405 pos 12: 'element.name == '=='': is not true.
js_typed_interop_side_cast_test: RuntimeError
js_typed_interop_test/avoid leaks on dart core: RuntimeError
js_typed_interop_test/chain calls: RuntimeError
js_typed_interop_test/closure: RuntimeError
js_typed_interop_test/constructor: RuntimeError
js_typed_interop_test/html: RuntimeError
js_typed_interop_test/method: RuntimeError
js_typed_interop_test/object literal: RuntimeError
js_typed_interop_test/private class: RuntimeError
js_typed_interop_test/property: RuntimeError
js_typed_interop_test/static_method_call: RuntimeError
js_typed_interop_test/static_method_tearoff_1: RuntimeError
js_typed_interop_test/static_method_tearoff_2: RuntimeError
js_typed_interop_test/type check: RuntimeError
js_typed_interop_test: CompileTimeError
js_typed_interop_window_property_test/bind this: RuntimeError
js_typed_interop_window_property_test: Crash # 'file:*/pkg/compiler/lib/src/common_elements.dart': Failed assertion: line 405 pos 12: 'element.name == '=='': is not true.
js_util_test/callConstructor: RuntimeError
js_util_test/callMethod: RuntimeError
js_util_test/getProperty: RuntimeError
js_util_test/hasProperty: RuntimeError
js_util_test/instanceof: RuntimeError
js_util_test/js_util.jsify(): RuntimeError
js_util_test/js_util.newObject: RuntimeError
js_util_test/setProperty: RuntimeError
js_util_test: Crash # 'file:*/pkg/compiler/lib/src/common_elements.dart': Failed assertion: line 405 pos 12: 'element.name == '=='': is not true.
keyboard_event_test: RuntimeError
localstorage_test: RuntimeError
location_test: RuntimeError
media_stream_test/constructors: RuntimeError
media_stream_test/supported_MediaStreamEvent: RuntimeError
media_stream_test/supported_MediaStreamTrackEvent: RuntimeError
media_stream_test/supported_media: RuntimeError
media_stream_test: Crash # 'file:*/pkg/compiler/lib/src/common_elements.dart': Failed assertion: line 405 pos 12: 'element.name == '=='': is not true.
mediasource_test/functional: RuntimeError
mediasource_test/supported: RuntimeError
mediasource_test: Crash # 'file:*/pkg/compiler/lib/src/common_elements.dart': Failed assertion: line 405 pos 12: 'element.name == '=='': is not true.
messageevent_test: RuntimeError
mirrors_js_typed_interop_test: RuntimeError
mouse_event_test: RuntimeError
mutationobserver_test/childList: RuntimeError
mutationobserver_test/supported: RuntimeError
mutationobserver_test: Crash # 'file:*/pkg/compiler/lib/src/common_elements.dart': Failed assertion: line 405 pos 12: 'element.name == '=='': is not true.
native_gc_test: RuntimeError
navigator_test: RuntimeError
node_test/functional: RuntimeError
node_test/iterating: RuntimeError
node_test/nodes: RuntimeError
node_test: Crash # 'file:*/pkg/compiler/lib/src/common_elements.dart': Failed assertion: line 405 pos 12: 'element.name == '=='': is not true.
node_validator_important_if_you_suppress_make_the_bug_critical_test/DOM_sanitization: RuntimeError
node_validator_important_if_you_suppress_make_the_bug_critical_test/URI_sanitization: RuntimeError
node_validator_important_if_you_suppress_make_the_bug_critical_test/allowCustomElement: RuntimeError
node_validator_important_if_you_suppress_make_the_bug_critical_test/allowImages: RuntimeError
node_validator_important_if_you_suppress_make_the_bug_critical_test/allowInlineStyles: RuntimeError
node_validator_important_if_you_suppress_make_the_bug_critical_test/allowNavigation: RuntimeError
node_validator_important_if_you_suppress_make_the_bug_critical_test/allowSvg: RuntimeError
node_validator_important_if_you_suppress_make_the_bug_critical_test/allowTagExtension: RuntimeError
node_validator_important_if_you_suppress_make_the_bug_critical_test/allowTemplating: RuntimeError
node_validator_important_if_you_suppress_make_the_bug_critical_test/dom_clobbering: RuntimeError
node_validator_important_if_you_suppress_make_the_bug_critical_test/identify Uri attributes listed as attributes: RuntimeError
node_validator_important_if_you_suppress_make_the_bug_critical_test/svg: RuntimeError
node_validator_important_if_you_suppress_make_the_bug_critical_test/throws: RuntimeError
node_validator_important_if_you_suppress_make_the_bug_critical_test: Crash # 'file:*/pkg/compiler/lib/src/common_elements.dart': Failed assertion: line 405 pos 12: 'element.name == '=='': is not true.
non_instantiated_is_test: RuntimeError
notification_test/constructors: RuntimeError
notification_test/supported_notification: RuntimeError
notification_test: Crash # 'file:*/pkg/compiler/lib/src/common_elements.dart': Failed assertion: line 405 pos 12: 'element.name == '=='': is not true.
performance_api_test/performance: RuntimeError
performance_api_test/supported: RuntimeError
performance_api_test: Crash # 'file:*/pkg/compiler/lib/src/common_elements.dart': Failed assertion: line 405 pos 12: 'element.name == '=='': is not true.
postmessage_structured_test/iframe: RuntimeError
postmessage_structured_test/more_primitives: RuntimeError
postmessage_structured_test/primitives: RuntimeError
postmessage_structured_test/typed_arrays: RuntimeError
postmessage_structured_test: Crash # 'file:*/pkg/compiler/lib/src/common_elements.dart': Failed assertion: line 405 pos 12: 'element.name == '=='': is not true.
query_test: RuntimeError
range_test/functional: RuntimeError
range_test/supported: RuntimeError
range_test: Crash # 'file:*/pkg/compiler/lib/src/common_elements.dart': Failed assertion: line 405 pos 12: 'element.name == '=='': is not true.
request_animation_frame_test: Crash # 'file:*/pkg/compiler/lib/src/common_elements.dart': Failed assertion: line 405 pos 12: 'element.name == '=='': is not true.
rtc_test/functionality: RuntimeError
rtc_test/supported: RuntimeError
rtc_test: Crash # 'file:*/pkg/compiler/lib/src/common_elements.dart': Failed assertion: line 405 pos 12: 'element.name == '=='': is not true.
selectelement_test: RuntimeError
serialized_script_value_test: RuntimeError
shadow_dom_test/ShadowDOM_tests: RuntimeError
shadow_dom_test/supported: RuntimeError
shadow_dom_test: Crash # 'file:*/pkg/compiler/lib/src/common_elements.dart': Failed assertion: line 405 pos 12: 'element.name == '=='': is not true.
shadowroot_test: RuntimeError
speechrecognition_test/supported: RuntimeError
speechrecognition_test/types: RuntimeError
speechrecognition_test: Crash # 'file:*/pkg/compiler/lib/src/common_elements.dart': Failed assertion: line 405 pos 12: 'element.name == '=='': is not true.
storage_test: RuntimeError
streams_test: RuntimeError
svg_test/svgBehavioral: RuntimeError
svg_test/svgInterfaceMatch: RuntimeError
svg_test/svgPresence: RuntimeError
svg_test: Crash # 'file:*/pkg/compiler/lib/src/common_elements.dart': Failed assertion: line 405 pos 12: 'element.name == '=='': is not true.
svgelement_test/additionalConstructors: RuntimeError
svgelement_test/constructors: RuntimeError
svgelement_test/css: RuntimeError
svgelement_test/elementget: RuntimeError
svgelement_test/elementset: RuntimeError
svgelement_test/getBoundingClientRect: RuntimeError
svgelement_test/innerHtml: RuntimeError
svgelement_test/outerHtml: RuntimeError
svgelement_test/supported_animate: RuntimeError
svgelement_test/supported_animateMotion: RuntimeError
svgelement_test/supported_animateTransform: RuntimeError
svgelement_test/supported_feBlend: RuntimeError
svgelement_test/supported_feColorMatrix: RuntimeError
svgelement_test/supported_feComponentTransfer: RuntimeError
svgelement_test/supported_feConvolveMatrix: RuntimeError
svgelement_test/supported_feDiffuseLighting: RuntimeError
svgelement_test/supported_feDisplacementMap: RuntimeError
svgelement_test/supported_feDistantLight: RuntimeError
svgelement_test/supported_feFlood: RuntimeError
svgelement_test/supported_feFuncA: RuntimeError
svgelement_test/supported_feFuncB: RuntimeError
svgelement_test/supported_feFuncG: RuntimeError
svgelement_test/supported_feFuncR: RuntimeError
svgelement_test/supported_feGaussianBlur: RuntimeError
svgelement_test/supported_feImage: RuntimeError
svgelement_test/supported_feMerge: RuntimeError
svgelement_test/supported_feMergeNode: RuntimeError
svgelement_test/supported_feOffset: RuntimeError
svgelement_test/supported_feSpecularLighting: RuntimeError
svgelement_test/supported_feTile: RuntimeError
svgelement_test/supported_feTurbulence: RuntimeError
svgelement_test/supported_filter: RuntimeError
svgelement_test/supported_foreignObject: RuntimeError
svgelement_test/supported_set: RuntimeError
svgelement_test: Crash # 'file:*/pkg/compiler/lib/src/common_elements.dart': Failed assertion: line 405 pos 12: 'element.name == '=='': is not true.
table_test: RuntimeError
text_event_test: RuntimeError
touchevent_test/functional: RuntimeError
touchevent_test/supported: RuntimeError
touchevent_test: Crash # 'file:*/pkg/compiler/lib/src/common_elements.dart': Failed assertion: line 405 pos 12: 'element.name == '=='': is not true.
track_element_constructor_test: RuntimeError
transferables_test: RuntimeError
transition_event_test/functional: RuntimeError
transition_event_test/supported: RuntimeError
transition_event_test: Crash # 'file:*/pkg/compiler/lib/src/common_elements.dart': Failed assertion: line 405 pos 12: 'element.name == '=='': is not true.
trusted_html_tree_sanitizer_test/not_create_document_fragment: RuntimeError
trusted_html_tree_sanitizer_test/untrusted: RuntimeError
trusted_html_tree_sanitizer_test: Crash # 'file:*/pkg/compiler/lib/src/common_elements.dart': Failed assertion: line 405 pos 12: 'element.name == '=='': is not true.
typed_arrays_1_test/arrays: RuntimeError
typed_arrays_1_test/supported: RuntimeError
typed_arrays_1_test: Crash # 'file:*/pkg/compiler/lib/src/common_elements.dart': Failed assertion: line 405 pos 12: 'element.name == '=='': is not true.
typed_arrays_2_test: RuntimeError
typed_arrays_3_test: RuntimeError
typed_arrays_4_test: RuntimeError
typed_arrays_5_test: RuntimeError
typed_arrays_arraybuffer_test: RuntimeError
typed_arrays_dataview_test: RuntimeError
typed_arrays_simd_test: RuntimeError
typing_test: RuntimeError
unknownelement_test: RuntimeError
uri_test: RuntimeError
url_test: RuntimeError
webgl_1_test: Crash # 'file:*/pkg/compiler/lib/src/common_elements.dart': Failed assertion: line 405 pos 12: 'element.name == '=='': is not true.
webgl_extensions_test: Crash # 'file:*/pkg/compiler/lib/src/common_elements.dart': Failed assertion: line 405 pos 12: 'element.name == '=='': is not true.
websocket_test: Crash # 'file:*/pkg/compiler/lib/src/common_elements.dart': Failed assertion: line 405 pos 12: 'element.name == '=='': is not true.
websql_test/functional: RuntimeError
websql_test/supported: RuntimeError
websql_test: Crash # 'file:*/pkg/compiler/lib/src/common_elements.dart': Failed assertion: line 405 pos 12: 'element.name == '=='': is not true.
wheelevent_test: RuntimeError
window_eq_test: RuntimeError
window_nosuchmethod_test: RuntimeError
window_test: RuntimeError
worker_api_test: RuntimeError
worker_test/functional: RuntimeError
worker_test/supported: RuntimeError
worker_test: Crash # 'file:*/pkg/compiler/lib/src/common_elements.dart': Failed assertion: line 405 pos 12: 'element.name == '=='': is not true.
xhr_cross_origin_test/functional: RuntimeError
xhr_cross_origin_test/supported: RuntimeError
xhr_cross_origin_test: Crash # 'file:*/pkg/compiler/lib/src/common_elements.dart': Failed assertion: line 405 pos 12: 'element.name == '=='': is not true.
xhr_test/headers: RuntimeError
xhr_test/json: RuntimeError
xhr_test/supported_onLoadEnd: RuntimeError
xhr_test/supported_onProgress: RuntimeError
xhr_test/supported_overrideMimeType: RuntimeError
xhr_test/xhr_requestBlob: RuntimeError
xhr_test: Crash # 'file:*/pkg/compiler/lib/src/common_elements.dart': Failed assertion: line 405 pos 12: 'element.name == '=='': is not true.
xsltprocessor_test/functional: RuntimeError
xsltprocessor_test/supported: RuntimeError
xsltprocessor_test: Crash # 'file:*/pkg/compiler/lib/src/common_elements.dart': Failed assertion: line 405 pos 12: 'element.name == '=='': is not true.

[ $compiler == dart2js && $dart2js_with_kernel && $minified ]
async_spawnuri_test: RuntimeError
async_test: RuntimeError
audiobuffersourcenode_test/functional: RuntimeError
audiobuffersourcenode_test/supported: RuntimeError
audiobuffersourcenode_test: Crash # NoSuchMethodError: Class 'JMethod' has no instance getter 'implementation'.
audiocontext_test/supported: RuntimeError
audiocontext_test: Crash # NoSuchMethodError: Class 'JMethod' has no instance getter 'implementation'.
audioelement_test: RuntimeError
b_element_test: RuntimeError
blob_constructor_test: RuntimeError
cache_test/ApplicationCache: RuntimeError
cache_test/supported: RuntimeError
cache_test: Crash # NoSuchMethodError: Class 'JMethod' has no instance getter 'implementation'.
callbacks_test: RuntimeError
canvas_pixel_array_type_alias_test/basic: RuntimeError
canvas_pixel_array_type_alias_test/typed_data: RuntimeError
canvas_pixel_array_type_alias_test/types1: RuntimeError
canvas_pixel_array_type_alias_test/types2: RuntimeError
canvas_pixel_array_type_alias_test: Crash # NoSuchMethodError: Class 'JMethod' has no instance getter 'implementation'.
canvas_test: RuntimeError
canvasrenderingcontext2d_test/arc: RuntimeError
canvasrenderingcontext2d_test/drawImage_canvas_element: RuntimeError
canvasrenderingcontext2d_test/drawImage_image_element: RuntimeError
canvasrenderingcontext2d_test/drawImage_video_element: RuntimeError
canvasrenderingcontext2d_test/drawImage_video_element_dataUrl: RuntimeError
canvasrenderingcontext2d_test/fillText: RuntimeError
canvasrenderingcontext2d_test/pixel_manipulation: RuntimeError
canvasrenderingcontext2d_test: Crash # NoSuchMethodError: Class 'JMethod' has no instance getter 'implementation'.
cdata_test: RuntimeError
client_rect_test: RuntimeError
cross_domain_iframe_test: RuntimeError
crypto_test/functional: RuntimeError
crypto_test/supported: RuntimeError
crypto_test: Crash # NoSuchMethodError: Class 'JMethod' has no instance getter 'implementation'.
css_rule_list_test: RuntimeError
css_test/functional: RuntimeError
css_test/supportsPointConversions: RuntimeError
css_test: Crash # NoSuchMethodError: Class 'JMethod' has no instance getter 'implementation'.
cssstyledeclaration_test: RuntimeError
custom/attribute_changed_callback_test/fully_supported: RuntimeError
custom/attribute_changed_callback_test/unsupported_on_polyfill: RuntimeError
custom/attribute_changed_callback_test: Crash # NoSuchMethodError: Class 'JMethod' has no instance getter 'implementation'.
custom/constructor_calls_created_synchronously_test: RuntimeError
custom/created_callback_test: Crash # NoSuchMethodError: Class 'JMethod' has no instance getter 'implementation'.
custom/document_register_basic_test: RuntimeError
custom/document_register_template_test: RuntimeError
custom/document_register_type_extensions_test/construction: RuntimeError
custom/document_register_type_extensions_test/constructors: RuntimeError
custom/document_register_type_extensions_test/createElement with type extension: RuntimeError
custom/document_register_type_extensions_test/functional: RuntimeError
custom/document_register_type_extensions_test/namespaces: RuntimeError
custom/document_register_type_extensions_test/parsing: RuntimeError
custom/document_register_type_extensions_test/registration: RuntimeError
custom/document_register_type_extensions_test/single-parameter createElement: RuntimeError
custom/document_register_type_extensions_test: Crash # NoSuchMethodError: Class 'JMethod' has no instance getter 'implementation'.
custom/element_upgrade_test: RuntimeError
custom/entered_left_view_test/disconnected_subtree: RuntimeError
custom/entered_left_view_test/shadow_dom: RuntimeError
custom/entered_left_view_test/standard_events: RuntimeError
custom/entered_left_view_test/standard_events_old_callback_names: RuntimeError
custom/entered_left_view_test/viewless_document: RuntimeError
custom/entered_left_view_test: Crash # NoSuchMethodError: Class 'JMethod' has no instance getter 'implementation'.
custom/js_custom_test: RuntimeError
custom/mirrors_2_test: RuntimeError
custom/mirrors_test: RuntimeError
custom/regress_194523002_test: RuntimeError
custom_element_method_clash_test/test: RuntimeError
custom_element_method_clash_test: Crash # NoSuchMethodError: Class 'JMethod' has no instance getter 'implementation'.
custom_element_name_clash_test/test: RuntimeError
custom_element_name_clash_test: Crash # NoSuchMethodError: Class 'JMethod' has no instance getter 'implementation'.
custom_elements_23127_test: Crash # Assertion failure: Cannot find value local(B2T.created#a) in (type_variable_local(B2T.T), local(C2T.created#a), local(C2T.created#b), local(C2T.created#c), BoxLocal(_box_0)) for j:constructor(C2T.created).
custom_elements_test/innerHtml: RuntimeError
custom_elements_test/lifecycle: RuntimeError
custom_elements_test/mixins: RuntimeError
custom_elements_test/preregister: RuntimeError
custom_elements_test/register: RuntimeError
custom_elements_test: Crash # NoSuchMethodError: Class 'JMethod' has no instance getter 'implementation'.
custom_tags_test: RuntimeError
dart_object_local_storage_test: RuntimeError
datalistelement_test: RuntimeError
document_test/document: RuntimeError
document_test: Crash # NoSuchMethodError: Class 'JMethod' has no instance getter 'implementation'.
documentfragment_test: RuntimeError
dom_constructors_test: RuntimeError
domparser_test: RuntimeError
element_add_test: RuntimeError
element_animate_test/animate_supported: RuntimeError
element_animate_test/omit_timing: RuntimeError
element_animate_test/simple_timing: RuntimeError
element_animate_test/timing_dict: RuntimeError
element_animate_test: Crash # NoSuchMethodError: Class 'JMethod' has no instance getter 'implementation'.
element_classes_svg_test: RuntimeError
element_classes_test: RuntimeError
element_constructor_1_test: RuntimeError
element_dimensions_test: RuntimeError
element_offset_test/offset: RuntimeError
element_offset_test: Crash # NoSuchMethodError: Class 'JMethod' has no instance getter 'implementation'.
element_test/ElementList: RuntimeError
element_test/_ElementList: RuntimeError
element_test/attributes: RuntimeError
element_test/children: RuntimeError
element_test/click: RuntimeError
element_test/constructors: RuntimeError
element_test/eventDelegation: RuntimeError
element_test/eventListening: RuntimeError
element_test/functional: RuntimeError
element_test/matches: RuntimeError
element_test/position: RuntimeError
element_test/queryAll: RuntimeError
element_test: Crash # NoSuchMethodError: Class 'JMethod' has no instance getter 'implementation'.
element_types_constructors1_test: RuntimeError
element_types_constructors2_test/constructors: RuntimeError
element_types_constructors2_test: Crash # NoSuchMethodError: Class 'JMethod' has no instance getter 'implementation'.
element_types_constructors3_test/constructors: RuntimeError
element_types_constructors3_test: Crash # NoSuchMethodError: Class 'JMethod' has no instance getter 'implementation'.
element_types_constructors4_test/constructors: RuntimeError
element_types_constructors4_test: Crash # NoSuchMethodError: Class 'JMethod' has no instance getter 'implementation'.
element_types_constructors5_test/constructors: RuntimeError
element_types_constructors5_test: Crash # NoSuchMethodError: Class 'JMethod' has no instance getter 'implementation'.
element_types_constructors6_test/constructors: RuntimeError
element_types_constructors6_test/ul: RuntimeError
element_types_constructors6_test: Crash # NoSuchMethodError: Class 'JMethod' has no instance getter 'implementation'.
element_types_test/supported_content: RuntimeError
element_types_test/supported_datalist: RuntimeError
element_types_test/supported_details: RuntimeError
element_types_test/supported_embed: RuntimeError
element_types_test/supported_keygen: RuntimeError
element_types_test/supported_meter: RuntimeError
element_types_test/supported_object: RuntimeError
element_types_test/supported_output: RuntimeError
element_types_test/supported_progress: RuntimeError
element_types_test/supported_shadow: RuntimeError
element_types_test/supported_template: RuntimeError
element_types_test/supported_track: RuntimeError
element_types_test: Crash # NoSuchMethodError: Class 'JMethod' has no instance getter 'implementation'.
event_customevent_test: RuntimeError
event_test: RuntimeError
events_test: RuntimeError
exceptions_test: RuntimeError
fileapi_test/directoryReader: RuntimeError
fileapi_test/entry: RuntimeError
fileapi_test/fileEntry: RuntimeError
fileapi_test/getDirectory: RuntimeError
fileapi_test/getFile: RuntimeError
fileapi_test/supported: RuntimeError
fileapi_test/unsupported_throws: RuntimeError
fileapi_test: Crash # NoSuchMethodError: Class 'JMethod' has no instance getter 'implementation'.
filereader_test: RuntimeError
filteredelementlist_test: RuntimeError
fontface_loaded_test: Crash # NoSuchMethodError: Class 'JMethod' has no instance getter 'implementation'.
fontface_test: RuntimeError
form_data_test/functional: RuntimeError
form_data_test/supported: RuntimeError
form_data_test: Crash # NoSuchMethodError: Class 'JMethod' has no instance getter 'implementation'.
form_element_test: RuntimeError
gamepad_test: RuntimeError
geolocation_test: RuntimeError
hidden_dom_1_test: RuntimeError
hidden_dom_2_test: RuntimeError
history_test/history: RuntimeError
history_test/supported_HashChangeEvent: RuntimeError
history_test/supported_state: RuntimeError
history_test: Crash # NoSuchMethodError: Class 'JMethod' has no instance getter 'implementation'.
htmlcollection_test: RuntimeError
htmlelement_test: RuntimeError
htmloptionscollection_test: RuntimeError
indexeddb_1_test/dynamic: RuntimeError
indexeddb_1_test/functional: RuntimeError
indexeddb_1_test/supported: RuntimeError
indexeddb_1_test/typed: RuntimeError
indexeddb_1_test: Crash # NoSuchMethodError: Class 'JMethod' has no instance getter 'implementation'.
indexeddb_2_test: RuntimeError
indexeddb_3_test: RuntimeError
indexeddb_4_test: RuntimeError
indexeddb_5_test: RuntimeError
input_element_test/constructors: RuntimeError
input_element_test/supported_date: RuntimeError
input_element_test/supported_datetime-local: RuntimeError
input_element_test/supported_email: RuntimeError
input_element_test/supported_month: RuntimeError
input_element_test/supported_number: RuntimeError
input_element_test/supported_range: RuntimeError
input_element_test/supported_search: RuntimeError
input_element_test/supported_tel: RuntimeError
input_element_test/supported_time: RuntimeError
input_element_test/supported_url: RuntimeError
input_element_test/supported_week: RuntimeError
input_element_test: Crash # NoSuchMethodError: Class 'JMethod' has no instance getter 'implementation'.
instance_of_test: RuntimeError
isolates_test: RuntimeError
js_array_test: RuntimeError
js_dart_to_string_test: RuntimeError
js_dispatch_property_test: RuntimeError
js_function_getter_test/call getter as function: RuntimeError
js_function_getter_test: CompileTimeError
js_function_getter_trust_types_test/trust types: Crash # NoSuchMethodError: Class 'InterfaceType' has no instance getter 'isObject'.
js_function_getter_trust_types_test: CompileTimeError
js_interop_1_test: RuntimeError
js_interop_constructor_name_test/HTMLDivElement-methods: RuntimeError
js_interop_constructor_name_test/HTMLDivElement-types: RuntimeError
js_interop_constructor_name_test: CompileTimeError
js_test/Dart->JS: RuntimeError
js_test/Dart_functions: RuntimeError
js_test/JS->Dart: RuntimeError
js_test/JavaScriptFunction: RuntimeError
js_test/JsArray: RuntimeError
js_test/JsFunction and callMethod: RuntimeError
js_test/JsObject.fromBrowserObject(): RuntimeError
js_test/JsObject.jsify(): RuntimeError
js_test/JsObject_methods: RuntimeError
js_test/caching: RuntimeError
js_test/context: RuntimeError
js_test/identity: RuntimeError
js_test/new_JsObject: RuntimeError
js_test/transferrables: RuntimeError
js_test: Crash # NoSuchMethodError: Class 'JMethod' has no instance getter 'implementation'.
js_type_test/dynamic-null-not-dynamic-Foo: RuntimeError
js_type_test/dynamic-type: RuntimeError
js_type_test/dynamic: RuntimeError
js_type_test/static: RuntimeError
js_type_test: Crash # NoSuchMethodError: Class 'JMethod' has no instance getter 'implementation'.
js_typed_interop_anonymous2_exp_test: RuntimeError
js_typed_interop_anonymous2_test: RuntimeError
js_typed_interop_anonymous_exp_test: RuntimeError
js_typed_interop_anonymous_test: RuntimeError
js_typed_interop_anonymous_unreachable_exp_test: RuntimeError
js_typed_interop_anonymous_unreachable_test: RuntimeError
js_typed_interop_bind_this_test/bind this: RuntimeError
js_typed_interop_bind_this_test: Crash # NoSuchMethodError: Class 'JMethod' has no instance getter 'implementation'.
js_typed_interop_callable_object_test/callable object: RuntimeError
js_typed_interop_callable_object_test: CompileTimeError
js_typed_interop_default_arg_test/explicit_argument: RuntimeError
js_typed_interop_default_arg_test/none: RuntimeError
js_typed_interop_side_cast_exp_test: Crash # NoSuchMethodError: Class 'JMethod' has no instance getter 'implementation'.
js_typed_interop_side_cast_test: RuntimeError
js_typed_interop_test/avoid leaks on dart core: RuntimeError
js_typed_interop_test/chain calls: RuntimeError
js_typed_interop_test/closure: RuntimeError
js_typed_interop_test/constructor: RuntimeError
js_typed_interop_test/html: RuntimeError
js_typed_interop_test/method: RuntimeError
js_typed_interop_test/object literal: RuntimeError
js_typed_interop_test/private class: RuntimeError
js_typed_interop_test/property: RuntimeError
js_typed_interop_test/static_method_call: RuntimeError
js_typed_interop_test/static_method_tearoff_1: RuntimeError
js_typed_interop_test/static_method_tearoff_2: RuntimeError
js_typed_interop_test/type check: RuntimeError
js_typed_interop_test: CompileTimeError
js_typed_interop_type1_test/01: RuntimeError
js_typed_interop_type1_test/none: RuntimeError
js_typed_interop_type2_test/01: RuntimeError
js_typed_interop_type2_test/none: RuntimeError
js_typed_interop_type_test: RuntimeError
js_typed_interop_window_property_test/bind this: RuntimeError
js_typed_interop_window_property_test: Crash # NoSuchMethodError: Class 'JMethod' has no instance getter 'implementation'.
js_util_test/callConstructor: RuntimeError
js_util_test/callMethod: RuntimeError
js_util_test/getProperty: RuntimeError
js_util_test/hasProperty: RuntimeError
js_util_test/instanceof: RuntimeError
js_util_test/js_util.jsify(): RuntimeError
js_util_test/js_util.newObject: RuntimeError
js_util_test/setProperty: RuntimeError
js_util_test: Crash # NoSuchMethodError: Class 'JMethod' has no instance getter 'implementation'.
keyboard_event_test: RuntimeError
localstorage_test: RuntimeError
location_test: RuntimeError
media_stream_test/constructors: RuntimeError
media_stream_test/supported_MediaStreamEvent: RuntimeError
media_stream_test/supported_MediaStreamTrackEvent: RuntimeError
media_stream_test/supported_media: RuntimeError
media_stream_test: Crash # NoSuchMethodError: Class 'JMethod' has no instance getter 'implementation'.
mediasource_test/functional: RuntimeError
mediasource_test/supported: RuntimeError
mediasource_test: Crash # NoSuchMethodError: Class 'JMethod' has no instance getter 'implementation'.
messageevent_test: RuntimeError
mirrors_js_typed_interop_test: RuntimeError
mouse_event_test: RuntimeError
mutationobserver_test/childList: RuntimeError
mutationobserver_test/supported: RuntimeError
mutationobserver_test: Crash # NoSuchMethodError: Class 'JMethod' has no instance getter 'implementation'.
native_gc_test: RuntimeError
navigator_test: RuntimeError
node_test/functional: RuntimeError
node_test/iterating: RuntimeError
node_test/nodes: RuntimeError
node_test: Crash # NoSuchMethodError: Class 'JMethod' has no instance getter 'implementation'.
node_validator_important_if_you_suppress_make_the_bug_critical_test/DOM_sanitization: RuntimeError
node_validator_important_if_you_suppress_make_the_bug_critical_test/URI_sanitization: RuntimeError
node_validator_important_if_you_suppress_make_the_bug_critical_test/allowCustomElement: RuntimeError
node_validator_important_if_you_suppress_make_the_bug_critical_test/allowImages: RuntimeError
node_validator_important_if_you_suppress_make_the_bug_critical_test/allowInlineStyles: RuntimeError
node_validator_important_if_you_suppress_make_the_bug_critical_test/allowNavigation: RuntimeError
node_validator_important_if_you_suppress_make_the_bug_critical_test/allowSvg: RuntimeError
node_validator_important_if_you_suppress_make_the_bug_critical_test/allowTagExtension: RuntimeError
node_validator_important_if_you_suppress_make_the_bug_critical_test/allowTemplating: RuntimeError
node_validator_important_if_you_suppress_make_the_bug_critical_test/dom_clobbering: RuntimeError
node_validator_important_if_you_suppress_make_the_bug_critical_test/identify Uri attributes listed as attributes: RuntimeError
node_validator_important_if_you_suppress_make_the_bug_critical_test/svg: RuntimeError
node_validator_important_if_you_suppress_make_the_bug_critical_test/throws: RuntimeError
node_validator_important_if_you_suppress_make_the_bug_critical_test: Crash # NoSuchMethodError: Class 'JMethod' has no instance getter 'implementation'.
non_instantiated_is_test: RuntimeError
notification_test/constructors: RuntimeError
notification_test/supported_notification: RuntimeError
notification_test: Crash # NoSuchMethodError: Class 'JMethod' has no instance getter 'implementation'.
performance_api_test/performance: RuntimeError
performance_api_test/supported: RuntimeError
performance_api_test: Crash # NoSuchMethodError: Class 'JMethod' has no instance getter 'implementation'.
postmessage_structured_test/iframe: RuntimeError
postmessage_structured_test/more_primitives: RuntimeError
postmessage_structured_test/primitives: RuntimeError
postmessage_structured_test/typed_arrays: RuntimeError
postmessage_structured_test: Crash # NoSuchMethodError: Class 'JMethod' has no instance getter 'implementation'.
query_test: RuntimeError
queryall_test: RuntimeError
range_test/functional: RuntimeError
range_test/supported: RuntimeError
range_test: Crash # NoSuchMethodError: Class 'JMethod' has no instance getter 'implementation'.
request_animation_frame_test: Crash # NoSuchMethodError: Class 'JMethod' has no instance getter 'implementation'.
rtc_test/functionality: RuntimeError
rtc_test/supported: RuntimeError
rtc_test: Crash # NoSuchMethodError: Class 'JMethod' has no instance getter 'implementation'.
selectelement_test: RuntimeError
serialized_script_value_test: RuntimeError
shadow_dom_test/ShadowDOM_tests: RuntimeError
shadow_dom_test/supported: RuntimeError
shadow_dom_test: Crash # NoSuchMethodError: Class 'JMethod' has no instance getter 'implementation'.
shadowroot_test: RuntimeError
speechrecognition_test/supported: RuntimeError
speechrecognition_test/types: RuntimeError
speechrecognition_test: Crash # NoSuchMethodError: Class 'JMethod' has no instance getter 'implementation'.
storage_test: RuntimeError
streams_test: RuntimeError
svg_test/svgBehavioral: RuntimeError
svg_test/svgInterfaceMatch: RuntimeError
svg_test/svgPresence: RuntimeError
svg_test: Crash # NoSuchMethodError: Class 'JMethod' has no instance getter 'implementation'.
svgelement_test/additionalConstructors: RuntimeError
svgelement_test/constructors: RuntimeError
svgelement_test/css: RuntimeError
svgelement_test/elementget: RuntimeError
svgelement_test/elementset: RuntimeError
svgelement_test/getBoundingClientRect: RuntimeError
svgelement_test/innerHtml: RuntimeError
svgelement_test/outerHtml: RuntimeError
svgelement_test/supported_animate: RuntimeError
svgelement_test/supported_animateMotion: RuntimeError
svgelement_test/supported_animateTransform: RuntimeError
svgelement_test/supported_feBlend: RuntimeError
svgelement_test/supported_feColorMatrix: RuntimeError
svgelement_test/supported_feComponentTransfer: RuntimeError
svgelement_test/supported_feConvolveMatrix: RuntimeError
svgelement_test/supported_feDiffuseLighting: RuntimeError
svgelement_test/supported_feDisplacementMap: RuntimeError
svgelement_test/supported_feDistantLight: RuntimeError
svgelement_test/supported_feFlood: RuntimeError
svgelement_test/supported_feFuncA: RuntimeError
svgelement_test/supported_feFuncB: RuntimeError
svgelement_test/supported_feFuncG: RuntimeError
svgelement_test/supported_feFuncR: RuntimeError
svgelement_test/supported_feGaussianBlur: RuntimeError
svgelement_test/supported_feImage: RuntimeError
svgelement_test/supported_feMerge: RuntimeError
svgelement_test/supported_feMergeNode: RuntimeError
svgelement_test/supported_feOffset: RuntimeError
svgelement_test/supported_feSpecularLighting: RuntimeError
svgelement_test/supported_feTile: RuntimeError
svgelement_test/supported_feTurbulence: RuntimeError
svgelement_test/supported_filter: RuntimeError
svgelement_test/supported_foreignObject: RuntimeError
svgelement_test/supported_set: RuntimeError
svgelement_test: Crash # NoSuchMethodError: Class 'JMethod' has no instance getter 'implementation'.
table_test: RuntimeError
text_event_test: RuntimeError
touchevent_test/functional: RuntimeError
touchevent_test/supported: RuntimeError
touchevent_test: Crash # NoSuchMethodError: Class 'JMethod' has no instance getter 'implementation'.
track_element_constructor_test: RuntimeError
transferables_test: RuntimeError
transition_event_test/functional: RuntimeError
transition_event_test/supported: RuntimeError
transition_event_test: Crash # NoSuchMethodError: Class 'JMethod' has no instance getter 'implementation'.
trusted_html_tree_sanitizer_test/not_create_document_fragment: RuntimeError
trusted_html_tree_sanitizer_test/untrusted: RuntimeError
trusted_html_tree_sanitizer_test: Crash # NoSuchMethodError: Class 'JMethod' has no instance getter 'implementation'.
typed_arrays_1_test/arrays: RuntimeError
typed_arrays_1_test/supported: RuntimeError
typed_arrays_1_test: Crash # NoSuchMethodError: Class 'JMethod' has no instance getter 'implementation'.
typed_arrays_2_test: RuntimeError
typed_arrays_3_test: RuntimeError
typed_arrays_4_test: RuntimeError
typed_arrays_5_test: RuntimeError
typed_arrays_arraybuffer_test: RuntimeError
typed_arrays_dataview_test: RuntimeError
typed_arrays_range_checks_test: RuntimeError
typed_arrays_simd_test: RuntimeError
typing_test: RuntimeError
unknownelement_test: RuntimeError
uri_test: RuntimeError
url_test: RuntimeError
webgl_1_test: Crash # NoSuchMethodError: Class 'JMethod' has no instance getter 'implementation'.
webgl_extensions_test: Crash # NoSuchMethodError: Class 'JMethod' has no instance getter 'implementation'.
websocket_test/supported: RuntimeError
websocket_test/websocket: RuntimeError
websocket_test: Crash # NoSuchMethodError: Class 'JMethod' has no instance getter 'implementation'.
websql_test/functional: RuntimeError
websql_test/supported: RuntimeError
websql_test: Crash # NoSuchMethodError: Class 'JMethod' has no instance getter 'implementation'.
wheelevent_test: RuntimeError
window_eq_test: RuntimeError
window_mangling_test: RuntimeError
window_nosuchmethod_test: RuntimeError
window_test: RuntimeError
worker_api_test: RuntimeError
worker_test/functional: RuntimeError
worker_test/supported: RuntimeError
worker_test: Crash # NoSuchMethodError: Class 'JMethod' has no instance getter 'implementation'.
xhr_cross_origin_test/functional: RuntimeError
xhr_cross_origin_test/supported: RuntimeError
xhr_cross_origin_test: Crash # NoSuchMethodError: Class 'JMethod' has no instance getter 'implementation'.
xhr_test/headers: RuntimeError
xhr_test/json: RuntimeError
xhr_test/supported_onLoadEnd: RuntimeError
xhr_test/supported_onProgress: RuntimeError
xhr_test/supported_overrideMimeType: RuntimeError
xhr_test/xhr_requestBlob: RuntimeError
xhr_test: Crash # NoSuchMethodError: Class 'JMethod' has no instance getter 'implementation'.
xsltprocessor_test/functional: RuntimeError
xsltprocessor_test/supported: RuntimeError
xsltprocessor_test: Crash # NoSuchMethodError: Class 'JMethod' has no instance getter 'implementation'.

[ $compiler == dart2js && $fast_startup ]
custom/constructor_calls_created_synchronously_test: Fail # mirrors not supported
custom/js_custom_test: Fail # mirrors not supported
custom/mirrors_test: Fail # mirrors not supported
custom/mirrors_2_test: Fail # mirrors not supported
mirrors_js_typed_interop_test: Fail # mirrors not supported
