### ISSUE TITLE
Flaky crashes in signal handler on ARM64 Linux

### ISSUE THREAD

**Issue by rmacnak-google** [dart-lang/sdk#26472]
```
(gdb) bt
#0  dart::ThreadInterrupterLinux::ThreadInterruptSignalHandler (signal=27, info=0x7fa737bd60, context_=0x7fa737bde0)
    at runtime/vm/thread_interrupter_linux.cc:23
#1  <signal handler called>
#2  0x0000007fa6566b5c in ?? ()
#3  0x0000007fa7475060 in ?? ()
#4  0x0000007fa7a64901 in ?? ()
Backtrace stopped: previous frame inner to this frame (corrupt stack?)

(gdb) info registers
x0             0x1b 27
x1             0x7fa737bd60 548266294624
x2             0x7fa737bde0 548266294752
x3             0x7f980227c0 548011124672
x4             0x882    2178
x5             0x7fa732b6d1 548265965265
x6             0x7fa732b728 548265965352
x7             0x2  2
x8             0x7fa7474a90 548267313808
x9             0x2755434    41243700
x10            0x573b5edc   1463508700
x11            0x45f1a  286490
x12            0x18 24
x13            0x7fa732b810 548265965584
x14            0x0  0
x15            0x7fa7474ec0 548267314880
x16            0x1  1
x17            0x7fa7a62022 548273528866
x18            0x7ff1ab8b10 549515397904
x19            0x7f980227c0 548011124672
x20            0xe35000 14897152
x21            0x7fa7475060 548267315296
x22            0x0  0
x23            0xd15690 13719184
x24            0x7fa7a65f41 548273545025
x25            0xd15670 13719152
x26            0x7f980227c0 548011124672
x27            0x7fa732b810 548265965584
x28            0x7fa7a227c0 548273268672
x29            0x7fa737cfb0 548266299312
x30            0x7fa928e510 548298876176
sp             0x7fa737ac00 0x7fa737ac00
pc             0x8f27a4 0x8f27a4 <dart::ThreadInterrupterLinux::ThreadInterruptSignalHandler(int, siginfo_t*, void*)+12>
cpsr           0x60000000   1610612736
fpsr           0x10 16
fpcr           0x0  0

(gdb) disassemble
Dump of assembler code for function dart::ThreadInterrupterLinux::ThreadInterruptSignalHandler(int, siginfo_t*, void*):
   0x00000000008f2798 <+0>: sub sp, sp, #0x1, lsl #12
   0x00000000008f279c <+4>: sub sp, sp, #0x160
   0x00000000008f27a0 <+8>: cmp w0, #0x1b
=> 0x00000000008f27a4 <+12>:    stp x29, x30, [sp,#-48]!
   0x00000000008f27a8 <+16>:    mov x29, sp
   0x00000000008f27ac <+20>:    stp x19, x20, [sp,#16]
   0x00000000008f27b0 <+24>:    adrp    x19, 0xe38000 <_ZN4dartL16BootStrapEntriesE+8568>
   0x00000000008f27b4 <+28>:    str x21, [sp,#32]
   0x00000000008f27b8 <+32>:    mov x20, x2
   0x00000000008f27bc <+36>:    ldr x0, [x19,#2200]
   0x00000000008f27c0 <+40>:    str x0, [x29,#4488]
   0x00000000008f27c4 <+44>:    b.eq    0x8f27f0 <dart::ThreadInterrupterLinux::ThreadInterruptSignalHandler(int, siginfo_t*, void*)+88>
```

**Comment by rmacnak-google** [comment]
@zanderso @johnmccutchan

**Comment by zanderso** [comment]
The C stack pointer has to be 16-byte aligned, and we're not allowed to access memory beyond the stack pointer. I checked V8. It updates the C stack pointer to a legal value in lockstep with updates to the JS stack pointer.

**Comment by johnmccutchan** [comment]
Some offline context:

- When in Dart code the C stack pointer is moved near the stack limit.
- When the kernel invokes the signal handler, it uses the C stack pointer.
- The crash occurs when accessing something in the stack (likely because the C stack pointer points somewhere invalid).

**Comment by rmacnak-google** [comment]
As an interim fix, we'll bump the C stack pointer on frame builds. We should adjust the stack overflow check to look at the C stack pointer instead of the Dart stack pointer because it is closer to the stack limit, but the currently simulation of CompareRegisters(CSP, TMP) is not correct (it does assemble correct because it works on hardware).  The long term fix should be updating the C stack pointer as we go as Zach points out.

**Comment by rmacnak-google** [comment]
6e2c4636cddece36c87ca77f69955a8490c8a0dd
