### ISSUE TITLE
Bus Error on ARMv7 caused by web socket communication for SDK versions >= 1.22.0

### ISSUE THREAD

**Issue by MartinManev** [dart-lang/sdk#30099]
Hello,
I'm developing a web application which is going to be hosted on an OLinuXino board (armhf architecture). The application runs normally on all of the latest versions of the Dart SDK on any x64 system. The application also runs normally on the ARMv7 1.21.1 release of the Dart SDK. Later versions seem to have a problem concerning web socket communication. I've written my own testing application and it appears that setting up the web socket completes successfully from both sides, but once the client sends its first message the server crashes with a Bus Error. The error does not come with any other information. Since my app is working correctly on an older version of the Dart SDK I'm suspecting it's a bug and not an issue with the board itself. I also have both the A10 and A20 boards. Anything else I could try?

**Comment by floitschG** [comment]
Thanks for the report.

Do you maybe have a small reproducible example?

**Comment by MartinManev** [comment]
Yeah, I'll prepare one soon.

**Comment by mraleph** [comment]
I would suspect VM bug here (e.g. web sockets use SIMD so if we miscompile that code - then you'd get a SIGBUS).

@MartinManev could you enable core dumps on the device and get us a core dump?

```
$ ulimit -c unlimited
# reproduce the crash, core file will be generated
# location of the core file is controlled by /proc/sys/kernel/core_pattern
# often it's just called `core` and stored in the cwd
$ ls -al core
```

**Comment by MartinManev** [comment]
[core.zip](https://github.com/dart-lang/sdk/files/1130679/core.zip)

**Comment by mraleph** [comment]
Thanks @MartinManev!

Indeed, just as I suspected, this is a crash in SIMD code (in Runtime):

```
Program terminated with signal SIGBUS, Bus error.
#0  0x0030a0de in dart::Int32x4::value() const ()
(gdb) x/i $pc - 4
   0x30a0da <_ZNK4dart7Int32x45valueEv+10>:	vld1.64	{d16-d17}, [r2 :64]
(gdb) print/x $r2
$3 = 0xb59120dc
(gdb) 
```

C++ compiler generated a 128-bit SIMD load using `vld1.64` instruction with 64-bit alignment. Which does not hold for `$r2`. 

I believe this was fixed by @rmacnak-google in dddd96cfd2984f4c157b8c3632ad2b5dcb25b9fc (and a follow up e1b31c6b4bc623149d1a8d3dd3816bbd3de60ff3). 

I suggest trying dev channel build (1.25.0-dev.4.0), I checked disassembly of `dart::Int32x4::value` and it seems fine

```
(gdb) disassemble _ZNK4dart7Int32x45valueEv
Dump of assembler code for function _ZNK4dart7Int32x45valueEv:
   0x0031e9b0 <+0>:	push	{r4, r5, r7}
   0x0031e9b2 <+2>:	mov	r5, r0
   0x0031e9b4 <+4>:	mov	r4, r0
   0x0031e9b6 <+6>:	ldr	r3, [r1, #4]
   0x0031e9b8 <+8>:	add	r7, sp, #0
   0x0031e9ba <+10>:	ldr.w	r0, [r3, #7]!
   0x0031e9be <+14>:	ldr	r1, [r3, #4]
   0x0031e9c0 <+16>:	ldr	r2, [r3, #8]
   0x0031e9c2 <+18>:	ldr	r3, [r3, #12]
   0x0031e9c4 <+20>:	stmia	r4!, {r0, r1, r2, r3}
   0x0031e9c6 <+22>:	mov	r0, r5
   0x0031e9c8 <+24>:	mov	sp, r7
   0x0031e9ca <+26>:	pop	{r4, r5, r7}
   0x0031e9cc <+28>:	bx	lr
End of assembler dump.
```

Thanks for reporting the issue.

**Comment by MartinManev** [comment]
It is indeed working correctly in 1.25.0-dev.4.0. I'll wait for the stable release then. Thanks for the quick response!
