# Copyright (c) 2018, the Dart project authors.  Please see the AUTHORS file
# for details. All rights reserved. Use of this source code is governed by a
# BSD-style license that can be found in the LICENSE file.

[ $builder_tag == bytecode_interpreter ]
LibTest/collection/ListBase/ListBase_class_A01_t04: Pass, Slow
LibTest/collection/ListBase/ListBase_class_A01_t05: Pass, Slow
LibTest/collection/ListBase/ListBase_class_A01_t06: Pass, Slow

[ $compiler == dartk ]
LanguageFeatures/Set-literals/syntax_compatibility_A01_t02: RuntimeError

[ $compiler == dartkb ]
LibTest/isolate/Isolate/kill_A01_t01: Skip # Issue 37699
LibTest/isolate/Isolate/pause_A01_t01: Skip # Issue 37699
LibTest/isolate/Isolate/pause_A01_t02: Skip # Issue 37699

[ $compiler == dartkp ]
Language/Expressions/Instance_Creation/New/evaluation_t20: RuntimeError
Language/Libraries_and_Scripts/Imports/deferred_import_t01: RuntimeError
Language/Metadata/before_factory_t01: RuntimeError
Language/Metadata/before_library_t01: RuntimeError
Language/Metadata/before_param_t06: RuntimeError
Language/Metadata/before_param_t08: RuntimeError
Language/Metadata/before_param_t09: DartkCrash
Language/Statements/Yield_and_Yield_Each/Yield_Each/execution_async_t09: RuntimeError
Language/Types/Interface_Types/subtype_t03: RuntimeError
Language/Types/Interface_Types/subtype_t26: RuntimeError
LanguageFeatures/Set-literals/syntax_compatibility_A01_t02: RuntimeError
LanguageFeatures/Subtyping/static/generated/left_bottom_global_variable_A02_t01: DartkCrash
LanguageFeatures/Subtyping/static/generated/left_promoted_variable_global_variable_A02_t01: DartkCrash
LibTest/collection/DoubleLinkedQueue/removeWhere_A02_t02: RuntimeError
LibTest/core/StackOverflowError/stackTrace_A01_t02: RuntimeError
LibTest/core/Uri/Uri.dataFromString_A01_t01: RuntimeError
LibTest/io/Cookie/Cookie_A01_t02: RuntimeError
LibTest/io/File/openRead_A01_t04: RuntimeError
LibTest/io/HttpClientRequest/addStream_A02_t02: RuntimeError
LibTest/io/HttpClientRequest/add_A03_t01: RuntimeError
LibTest/io/HttpServer/bind_A05_t02: Fail
LibTest/io/IOSink/close_A02_t01: RuntimeError
LibTest/io/IOSink/writeAll_A01_t01: RuntimeError
LibTest/io/IOSink/writeAll_A02_t02: RuntimeError
LibTest/io/IOSink/write_A01_t04: RuntimeError
LibTest/io/ProcessResult/pid_A01_t01: RuntimeError
LibTest/io/RandomAccessFile/lockSync_A01_t01: RuntimeError
LibTest/io/RandomAccessFile/lock_A02_t02: RuntimeError
LibTest/io/RandomAccessFile/lock_A03_t02: RuntimeError
LibTest/io/RandomAccessFile/lock_A04_t03: RuntimeError
LibTest/io/RandomAccessFile/unlockSync_A02_t01: RuntimeError
LibTest/io/RandomAccessFile/unlock_A01_t03: RuntimeError
LibTest/io/RawDatagramSocket/asBroadcastStream_A03_t01: Timeout
LibTest/io/RawDatagramSocket/join_A02_t01: RuntimeError
LibTest/io/RawSecureServerSocket/first_A02_t01: RuntimeError
LibTest/io/Stdin/any_A01_t03: RuntimeError
LibTest/io/Stdin/first_A02_t01: RuntimeError
LibTest/io/Stdin/readByteSync_A02_t01: RuntimeError
LibTest/io/Stdout/addStream_A03_t01: RuntimeError
LibTest/io/Stdout/nonBlocking_A01_t01: RuntimeError
LibTest/io/ZLibDecoder/fuse_A01_t01: RuntimeError
LibTest/io/exit/exit_A01_t01: RuntimeError
LibTest/io/exit/exit_A02_t01: RuntimeError
LibTest/io/exitCode/exitCode_A01_t01: RuntimeError
LibTest/isolate/ReceivePort/lastWhere_A01_t01: RuntimeError

[ $compiler == fasta ]
Language/Expressions/Assignment/Compound_Assignment/expression_assignment_t12: CompileTimeError
Language/Expressions/Assignment/Compound_Assignment/indexed_expression_assignment_t12: CompileTimeError
Language/Expressions/Assignment/Compound_Assignment/null_aware_compound_assignment_static_t12: CompileTimeError
Language/Expressions/Assignment/Compound_Assignment/null_aware_compound_assignment_t12: CompileTimeError
Language/Expressions/Assignment/Compound_Assignment/setter_assignment_t12: CompileTimeError
Language/Expressions/Assignment/Compound_Assignment/variable_assignment_t12: CompileTimeError
Language/Statements/For/syntax_t13: Crash # Assertion error: kernel_shadow_ast.dart: 'receiver == null': is not true.
Language/Statements/For/syntax_t20: Crash # Assertion error: kernel_shadow_ast.dart: 'receiver == null': is not true.
LanguageFeatures/Constant-update-2018/NewOperators_A01_t04/none: CompileTimeError
LanguageFeatures/Constant-update-2018/NewOperators_A01_t06/none: Crash
LanguageFeatures/Set-literals/type_inference_A04_t02/02: MissingCompileTimeError
LanguageFeatures/Set-literals/type_inference_A04_t02/03: MissingCompileTimeError
LanguageFeatures/Set-literals/type_inference_A06_t02/03: MissingCompileTimeError
LanguageFeatures/Set-literals/type_inference_A06_t02/04: MissingCompileTimeError
LanguageFeatures/Set-literals/type_inference_A06_t02/05: MissingCompileTimeError
LanguageFeatures/Set-literals/type_inference_A06_t02/06: MissingCompileTimeError

[ $runtime == vm ]
LibTest/collection/ListBase/ListBase_class_A01_t02: Pass, Slow # Does many calls
LibTest/collection/ListMixin/ListMixin_class_A01_t02: Pass, Slow # Does many calls
LibTest/core/List/List_class_A01_t02: Pass, Slow # Does many calls
LibTest/io/FileSystemCreateEvent/isDirectory_A01_t06: Pass, RuntimeError # https://github.com/dart-lang/co19/issues/186
LibTest/io/RawDatagramSocket/*: Skip # RawDatagramSocket are flacky. Skip them all until rewritten
LibTest/io/RawDatagramSocket/any_A01_t02: Pass, Fail # Issue https://github.com/dart-lang/co19/issues/170
LibTest/io/RawDatagramSocket/any_A01_t03: Pass, Fail # Issue https://github.com/dart-lang/co19/issues/170
LibTest/io/RawDatagramSocket/asBroadcastStream_A01_t02: Pass, Fail # Issue https://github.com/dart-lang/co19/issues/170
LibTest/io/RawDatagramSocket/distinct_A01_t05: Pass, Fail # Issue https://github.com/dart-lang/co19/issues/170
LibTest/io/RawDatagramSocket/lastWhere_A01_t02: Pass, Fail # Issue https://github.com/dart-lang/co19/issues/170
LibTest/io/RawDatagramSocket/listen_A02_t02: Pass, Fail # Issue https://github.com/dart-lang/co19/issues/170
LibTest/io/RawDatagramSocket/receive_A01_t01: Pass, Fail # Issue https://github.com/dart-lang/co19/issues/170
LibTest/io/RawDatagramSocket/timeout_A02_t01: Pass, Fail # Issue https://github.com/dart-lang/co19/issues/170
LibTest/io/RawDatagramSocket/timeout_A06_t01: Pass, Fail # Next roll might fix it (see https://github.com/dart-lang/co19/commit/8b2e2be5bc3bb9fec41efec8ac6fc777e231d915)
LibTest/io/RawDatagramSocket/where_A01_t01: Pass, Fail # Issue https://github.com/dart-lang/co19/issues/170

[ $fasta ]
Language/Classes/Constructors/Generative_Constructors/initializers_t15: CompileTimeError
Language/Classes/Getters/type_object_t01: CompileTimeError
Language/Classes/Getters/type_object_t02: CompileTimeError
Language/Classes/Instance_Methods/Operators/allowed_names_t01: Skip # triple-shift flag
Language/Classes/Instance_Methods/Operators/allowed_names_t23: Skip # triple-shift flag
Language/Classes/Instance_Methods/Operators/arity_1_t19: Skip # triple-shift flag
Language/Classes/Instance_Methods/Operators/return_type_t01: MissingCompileTimeError
Language/Classes/Setters/return_type_not_void_t01: MissingCompileTimeError
Language/Classes/Setters/same_name_getter_different_type_t01: MissingCompileTimeError
Language/Classes/Setters/syntax_t04: MissingCompileTimeError
Language/Classes/Setters/syntax_t05: MissingCompileTimeError
Language/Classes/Setters/syntax_t06: CompileTimeError
Language/Classes/Static_Methods/declaration_t04: CompileTimeError
Language/Classes/Static_Methods/same_name_method_and_setter_t01: CompileTimeError
Language/Classes/Static_Variables/type_alias_t01: CompileTimeError
Language/Classes/Superclasses/Inheritance_and_Overriding/inheritance_t07: CompileTimeError
Language/Classes/Superclasses/Inheritance_and_Overriding/inheritance_t08: CompileTimeError
Language/Classes/Superclasses/Inheritance_and_Overriding/inheritance_t09: CompileTimeError
Language/Classes/Superclasses/Inheritance_and_Overriding/overriding_t06: CompileTimeError
Language/Classes/Superclasses/Inheritance_and_Overriding/overriding_t07: CompileTimeError
Language/Classes/Superclasses/Inheritance_and_Overriding/overriding_t08: CompileTimeError
Language/Classes/Superclasses/extends_clause_t02: CompileTimeError
Language/Classes/Superclasses/transition_t02: CompileTimeError
Language/Classes/Superclasses/wrong_superclass_t08: MissingCompileTimeError # Issue 30273
Language/Classes/Superinterfaces/no_member_t07: CompileTimeError
Language/Classes/Superinterfaces/syntax_t03: CompileTimeError
Language/Classes/Superinterfaces/wrong_type_t05: MissingCompileTimeError # Issue 30273
Language/Classes/method_definition_t06: MissingCompileTimeError # Legal
Language/Enums/restrictions_t10: Crash
Language/Enums/syntax_t08: CompileTimeError
Language/Enums/syntax_t09: CompileTimeError
Language/Enums/syntax_t10: CompileTimeError
Language/Expressions/Assignable_Expressions/syntax_t01: CompileTimeError
Language/Expressions/Assignment/Compound_Assignment/expression_assignment_t12: Skip # triple-shift flag
Language/Expressions/Assignment/Compound_Assignment/indexed_expression_assignment_t12: Skip # triple-shift flag
Language/Expressions/Assignment/Compound_Assignment/null_aware_compound_assignment_static_t12: Skip # triple-shift flag
Language/Expressions/Assignment/Compound_Assignment/null_aware_compound_assignment_t12: Skip # triple-shift flag
Language/Expressions/Assignment/Compound_Assignment/setter_assignment_t12: Skip # triple-shift flag
Language/Expressions/Assignment/Compound_Assignment/variable_assignment_t12: Skip # triple-shift flag
Language/Expressions/Assignment/expression_assignment_failed_t02: CompileTimeError
Language/Expressions/Assignment/static_type_t02: CompileTimeError
Language/Expressions/Assignment/static_type_t03: CompileTimeError
Language/Expressions/Assignment/super_assignment_failed_t04: CompileTimeError
Language/Expressions/Assignment/super_assignment_static_warning_t02: CompileTimeError
Language/Expressions/Assignment/super_assignment_static_warning_t03: CompileTimeError
Language/Expressions/Assignment/super_assignment_t06: CompileTimeError
Language/Expressions/Assignment/super_assignment_value_t02: CompileTimeError
Language/Expressions/Bitwise_Expressions/syntax_t01: Skip # triple-shift flag
Language/Expressions/Constants/bitwise_operators_t01: Skip # triple-shift flag
Language/Expressions/Constants/bitwise_operators_t07: Skip # triple-shift flag
Language/Expressions/Constants/bitwise_operators_t08: Skip # triple-shift flag
Language/Expressions/Constants/constant_list_t02: MissingCompileTimeError # Legal because of implicit const
Language/Expressions/Constants/constant_map_t02: MissingCompileTimeError # Legal because of implicit const
Language/Expressions/Equality/syntax_t01: Skip # triple-shift flag
Language/Expressions/Function_Expressions/syntax_t05: CompileTimeError
Language/Expressions/Function_Invocation/async_cleanup_t01: CompileTimeError
Language/Expressions/Function_Invocation/async_cleanup_t02: CompileTimeError
Language/Expressions/Function_Invocation/async_cleanup_t03: CompileTimeError
Language/Expressions/Function_Invocation/async_cleanup_t04: CompileTimeError
Language/Expressions/Function_Invocation/async_cleanup_t05: CompileTimeError
Language/Expressions/Function_Invocation/async_cleanup_t06: CompileTimeError
Language/Expressions/Function_Invocation/async_cleanup_t07: CompileTimeError
Language/Expressions/Function_Invocation/async_cleanup_t08: CompileTimeError
Language/Expressions/Instance_Creation/Const/arguments_t03: MissingCompileTimeError # Legal because of implicit const
Language/Expressions/Instance_Creation/Const/parameterized_type_t01: CompileTimeError
Language/Expressions/Instance_Creation/Const/parameterized_type_t02: CompileTimeError
Language/Expressions/Instance_Creation/New/syntax_t04: MissingCompileTimeError # Legal because of implicit new
Language/Expressions/Instance_Creation/New/type_t08: CompileTimeError
Language/Expressions/Instance_Creation/New/type_t09: CompileTimeError
Language/Expressions/Lists/constant_list_t01: CompileTimeError
Language/Expressions/Lists/syntax_t01: Skip # triple-shift flag
Language/Expressions/Maps/constant_map_t02: MissingCompileTimeError
Language/Expressions/Maps/constant_map_type_t01: CompileTimeError
Language/Expressions/Maps/key_value_equals_operator_t01: MissingCompileTimeError # Issue 32557
Language/Expressions/Maps/syntax_t01: Skip # triple-shift flag
Language/Expressions/Method_Invocation/Ordinary_Invocation/accessible_instance_member_t04: CompileTimeError
Language/Expressions/Method_Invocation/Super_Invocation/getter_lookup_failed_t02: CompileTimeError
Language/Expressions/Multiplicative_Expressions/syntax_t01: CompileTimeError
Language/Expressions/Postfix_Expressions/syntax_t01: CompileTimeError
Language/Expressions/Property_Extraction/Getter_Access_and_Method_Extraction/instance_of_type_getter_t01: CompileTimeError
Language/Expressions/Property_Extraction/Getter_Access_and_Method_Extraction/instance_of_type_getter_t03: CompileTimeError
Language/Expressions/Property_Extraction/Getter_Access_and_Method_Extraction/instance_of_type_t01: CompileTimeError
Language/Expressions/Property_Extraction/Getter_Access_and_Method_Extraction/instance_of_type_t03: CompileTimeError
Language/Expressions/Property_Extraction/Super_Getter_Access_and_Method_Closurization/no_such_method_t01: CompileTimeError
Language/Expressions/Property_Extraction/Super_Getter_Access_and_Method_Closurization/no_such_method_t02: CompileTimeError
Language/Expressions/Property_Extraction/Super_Getter_Access_and_Method_Closurization/static_type_t03: CompileTimeError
Language/Expressions/Relational_Expressions/syntax_t01: Skip # triple-shift experiment flag
Language/Expressions/Shift/allowed_characters_t02: Skip # triple-shift flag
Language/Expressions/Shift/equivalent_super_t02: Skip # triple-shift flag
Language/Expressions/Shift/equivalent_t02: Skip # triple-shift flag
Language/Expressions/Shift/integer_t03: Skip # triple-shift flag
Language/Expressions/Shift/integer_t04/01: Crash
Language/Expressions/Shift/integer_t04/02: Crash
Language/Expressions/Shift/integer_t04/03: Crash
Language/Expressions/Shift/integer_t04/04: Crash
Language/Expressions/Shift/integer_t04/05: Crash
Language/Expressions/Shift/integer_t04/06: Crash
Language/Expressions/Shift/integer_t04/07: Crash
Language/Expressions/Shift/integer_t04/none: Crash
Language/Expressions/Shift/syntax_t01: Skip # triple-shift experiment flag
Language/Expressions/Shift/syntax_t15: Skip # triple-shift experiment flag
Language/Expressions/Shift/syntax_t17: Skip # triple-shift experiment flag
Language/Expressions/Shift/syntax_t18: Skip # triple-shift experiment flag
Language/Expressions/Shift/syntax_t19: Skip # triple-shift experiment flag
Language/Expressions/Shift/syntax_t21: Skip # triple-shift experiment flag
Language/Expressions/Shift/syntax_t22: Skip # triple-shift experiment flag
Language/Expressions/Shift/syntax_t23: Skip # triple-shift experiment flag
Language/Expressions/Shift/syntax_t24: Skip # triple-shift experiment flag
Language/Expressions/Shift/syntax_t25: Skip # triple-shift experiment flag
Language/Expressions/Shift/syntax_t26: Skip # triple-shift experiment flag
Language/Expressions/Shift/syntax_t27: Skip # triple-shift experiment flag
Language/Expressions/Strings/String_Interpolation/syntax_t01: Skip # triple-shift experiment flag
Language/Expressions/Symbols/syntax_t02: Skip # triple-shift experiment flag
Language/Expressions/Unary_Expressions/syntax_t10: CompileTimeError
Language/Expressions/Unary_Expressions/syntax_t27: CompileTimeError
Language/Expressions/parentheses_t01: Skip # triple-shift experiment flag
Language/Functions/syntax_t03: Skip # triple-shift experiment flag
Language/Generics/syntax_t20: CompileTimeError
Language/Generics/syntax_t22: CompileTimeError
Language/Generics/syntax_t23: CompileTimeError
Language/Generics/syntax_t24: CompileTimeError
Language/Generics/syntax_t25: CompileTimeError
Language/Generics/syntax_t27/none: CompileTimeError
Language/Generics/typedef_A01_t01: CompileTimeError
Language/Generics/typedef_A01_t06/none: CompileTimeError
Language/Generics/typedef_A01_t07: CompileTimeError
Language/Generics/typedef_A01_t08: CompileTimeError
Language/Generics/typedef_A01_t10: CompileTimeError
Language/Generics/typedef_A04_t01: CompileTimeError
Language/Generics/typedef_A04_t02: CompileTimeError
Language/Interfaces/Superinterfaces/Inheritance_and_Overriding/inheritance_t13: CompileTimeError
Language/Interfaces/Superinterfaces/Inheritance_and_Overriding/inheritance_t14: CompileTimeError
Language/Interfaces/Superinterfaces/Inheritance_and_Overriding/not_overriden_members_t03: CompileTimeError
Language/Interfaces/Superinterfaces/Inheritance_and_Overriding/same_name_getters_t03: CompileTimeError
Language/Interfaces/Superinterfaces/Inheritance_and_Overriding/same_name_getters_t04: CompileTimeError
Language/Interfaces/Superinterfaces/Inheritance_and_Overriding/same_name_getters_type_t10: CompileTimeError
Language/Interfaces/Superinterfaces/Inheritance_and_Overriding/same_name_getters_type_t11: CompileTimeError
Language/Libraries_and_Scripts/Imports/library_name_t01: MissingCompileTimeError # Expects an error, but this is a warning in Dart 2
Language/Mixins/Mixin_Application/abstract_t09: Crash
Language/Mixins/Mixin_Application/abstract_t10: Crash
Language/Mixins/Mixin_Application/abstract_t11: Crash
Language/Mixins/Mixin_Application/abstract_t12: Crash
Language/Mixins/Mixin_Application/abstract_t13: Crash
Language/Mixins/Mixin_Application/deferred_t03: Crash
Language/Mixins/Mixin_Application/implicit_constructor_t03: Crash
Language/Mixins/Mixin_Application/implicit_constructor_t04: Crash
Language/Mixins/Mixin_Application/initializers_t04: Crash
Language/Mixins/Mixin_Application/initializers_t05: Crash
Language/Mixins/Mixin_Application/initializers_t06: Crash
Language/Mixins/Mixin_Application/interfaces_t06: Crash
Language/Mixins/Mixin_Application/interfaces_t07: Crash
Language/Mixins/Mixin_Application/static_warning_t01: MissingCompileTimeError # Mixin super equirement
Language/Mixins/Mixin_Application/superclass_t03: Crash
Language/Mixins/Mixin_Application/superclass_t04: Crash
Language/Mixins/Mixin_Application/superinterfaces_t10: Crash
Language/Mixins/Mixin_Application/superinterfaces_t11: Crash
Language/Mixins/Mixin_Application/superinterfaces_t12: CompileTimeError
Language/Mixins/Mixin_Application/superinterfaces_t13: Crash
Language/Mixins/Mixin_Application/superinterfaces_t14: Crash
Language/Mixins/Mixin_Application/syntax_t26: Crash
Language/Mixins/Mixin_Application/warning_t04: Crash
Language/Mixins/Mixin_Application/wrong_mixin_type_t09: Crash
Language/Mixins/Mixin_Composition/order_t02: Crash
Language/Mixins/declaring_constructor_t05: MissingCompileTimeError # Mixin constructor
Language/Mixins/declaring_constructor_t06: MissingCompileTimeError # Mixin constructor
Language/Mixins/declaring_constructor_t11: Crash
Language/Overview/Privacy/private_and_public_t11: CompileTimeError
Language/Reference/Operator_Precedence/precedence_01_assignment_t14: Skip # triple-shift experimental flag
Language/Reference/Operator_Precedence/precedence_12_Shift_t04: Skip # triple-shift experimental flag
Language/Reference/Operator_Precedence/precedence_t05: Skip # triple-shift experimental flag
Language/Statements/Continue/async_loops_t01: CompileTimeError
Language/Statements/Continue/async_loops_t02: CompileTimeError
Language/Statements/Continue/async_loops_t03: CompileTimeError
Language/Statements/Continue/async_loops_t04: CompileTimeError
Language/Statements/Continue/async_loops_t05: CompileTimeError
Language/Statements/Continue/async_loops_t06: CompileTimeError
Language/Statements/Continue/async_loops_t07: CompileTimeError
Language/Statements/Continue/async_loops_t08: CompileTimeError
Language/Statements/Continue/async_loops_t09: CompileTimeError
Language/Statements/Continue/async_loops_t10: CompileTimeError
Language/Statements/Continue/control_transfer_t08: CompileTimeError
Language/Statements/Continue/control_transfer_t09: CompileTimeError
Language/Statements/Continue/label_t07: MissingCompileTimeError # Issue 34206
Language/Statements/Expression_Statements/syntax_t06: Skip # triple-shift experimental flag
Language/Statements/Try/catch_scope_t01: CompileTimeError
Language/Types/Interface_Types/subtype_t30: CompileTimeError
Language/Types/Type_Aliases/scope_t01: CompileTimeError
Language/Types/Type_Aliases/scope_t02/none: CompileTimeError
Language/Types/Type_Aliases/scope_t03: CompileTimeError
Language/Types/Type_Aliases/scope_t04/none: CompileTimeError
Language/Types/Type_Aliases/syntax_t01: CompileTimeError
Language/Types/Type_Aliases/syntax_t02: CompileTimeError
Language/Types/Type_Aliases/syntax_t03: CompileTimeError
Language/Types/Type_Aliases/syntax_t04: CompileTimeError
Language/Types/Type_Aliases/syntax_t20: CompileTimeError
Language/Types/Type_Aliases/syntax_t21: CompileTimeError
LanguageFeatures/Constant-update-2018/EqualityOperator_A01_t09: MissingCompileTimeError
LanguageFeatures/Constant-update-2018/EqualityOperator_A01_t10: MissingCompileTimeError
LanguageFeatures/Constant-update-2018/NewOperators_A01_t01: Crash
LanguageFeatures/Constant-update-2018/NewOperators_A01_t02: Crash
LanguageFeatures/Constant-update-2018/NewOperators_A01_t03/01: Crash
LanguageFeatures/Constant-update-2018/NewOperators_A01_t03/02: Crash
LanguageFeatures/Constant-update-2018/NewOperators_A01_t03/03: Crash
LanguageFeatures/Constant-update-2018/NewOperators_A01_t03/04: Crash
LanguageFeatures/Constant-update-2018/NewOperators_A01_t03/05: Crash
LanguageFeatures/Constant-update-2018/NewOperators_A01_t03/06: Crash
LanguageFeatures/Constant-update-2018/NewOperators_A01_t03/none: Crash
LanguageFeatures/Constant-update-2018/NewOperators_A01_t04: Crash
LanguageFeatures/Constant-update-2018/NewOperators_A01_t04/01: Crash
LanguageFeatures/Constant-update-2018/NewOperators_A01_t04/02: Crash
LanguageFeatures/Constant-update-2018/NewOperators_A01_t04/03: Crash
LanguageFeatures/Constant-update-2018/NewOperators_A01_t04/04: Crash
LanguageFeatures/Constant-update-2018/NewOperators_A01_t04/none: Crash
LanguageFeatures/Constant-update-2018/NewOperators_A01_t05/01: Crash
LanguageFeatures/Constant-update-2018/NewOperators_A01_t05/02: Crash
LanguageFeatures/Constant-update-2018/NewOperators_A01_t05/03: Crash
LanguageFeatures/Constant-update-2018/NewOperators_A01_t05/04: Crash
LanguageFeatures/Constant-update-2018/NewOperators_A01_t05/05: Crash
LanguageFeatures/Constant-update-2018/NewOperators_A01_t05/06: Crash
LanguageFeatures/Constant-update-2018/NewOperators_A01_t05/none: Crash
LanguageFeatures/Constant-update-2018/NewOperators_A01_t06/01: Crash
LanguageFeatures/Constant-update-2018/NewOperators_A01_t06/02: Crash
LanguageFeatures/Constant-update-2018/NewOperators_A01_t06/03: Crash
LanguageFeatures/Constant-update-2018/NewOperators_A01_t06/04: Crash
LanguageFeatures/Constant-update-2018/NewOperators_A01_t06/05: Crash
LanguageFeatures/Constant-update-2018/NewOperators_A01_t06/06: Crash
LanguageFeatures/Constant-update-2018/NewOperators_A01_t07: Crash
LanguageFeatures/Constant-update-2018/NewOperators_A01_t07/01: Crash
LanguageFeatures/Constant-update-2018/NewOperators_A01_t07/02: Crash
LanguageFeatures/Constant-update-2018/NewOperators_A01_t07/03: Crash
LanguageFeatures/Constant-update-2018/NewOperators_A01_t07/04: Crash
LanguageFeatures/Constant-update-2018/NewOperators_A01_t07/05: Crash
LanguageFeatures/Constant-update-2018/NewOperators_A01_t07/06: Crash
LanguageFeatures/Constant-update-2018/NewOperators_A01_t07/none: Crash
LanguageFeatures/Constant-update-2018/NewOperators_A01_t08/01: Crash
LanguageFeatures/Constant-update-2018/NewOperators_A01_t08/02: Crash
LanguageFeatures/Constant-update-2018/NewOperators_A01_t08/03: Crash
LanguageFeatures/Constant-update-2018/NewOperators_A01_t08/04: Crash
LanguageFeatures/Constant-update-2018/NewOperators_A01_t08/05: Crash
LanguageFeatures/Constant-update-2018/NewOperators_A01_t08/none: Crash
LanguageFeatures/Constant-update-2018/NewOperators_A01_t09: Crash
LanguageFeatures/Constant-update-2018/NewOperators_A01_t10/01: Crash
LanguageFeatures/Constant-update-2018/NewOperators_A01_t10/02: Crash
LanguageFeatures/Constant-update-2018/NewOperators_A01_t10/03: Crash
LanguageFeatures/Constant-update-2018/NewOperators_A01_t10/04: Crash
LanguageFeatures/Constant-update-2018/NewOperators_A01_t10/05: Crash
LanguageFeatures/Constant-update-2018/NewOperators_A01_t10/06: Crash
LanguageFeatures/Constant-update-2018/NewOperators_A01_t10/none: Crash
LanguageFeatures/Constant-update-2018/NewOperators_A01_t11: Crash
LanguageFeatures/Constant-update-2018/NewOperators_A01_t12/01: Crash
LanguageFeatures/Constant-update-2018/NewOperators_A01_t12/02: Crash
LanguageFeatures/Constant-update-2018/NewOperators_A01_t12/03: Crash
LanguageFeatures/Constant-update-2018/NewOperators_A01_t12/04: Crash
LanguageFeatures/Constant-update-2018/NewOperators_A01_t12/05: Crash
LanguageFeatures/Constant-update-2018/NewOperators_A01_t12/none: Crash
LanguageFeatures/Instantiate-to-bound/class/dynamic/class_FutureOr_l1_t01: Crash
LanguageFeatures/Instantiate-to-bound/class/dynamic/class_FutureOr_l1_t02: CompileTimeError
LanguageFeatures/Instantiate-to-bound/class/dynamic/class_FutureOr_l1_t03: Crash
LanguageFeatures/Instantiate-to-bound/class/dynamic/class_FutureOr_l1_t04: CompileTimeError
LanguageFeatures/Instantiate-to-bound/class/dynamic/class_l1_t04: CompileTimeError
LanguageFeatures/Instantiate-to-bound/class/dynamic/class_l2_t03: CompileTimeError
LanguageFeatures/Instantiate-to-bound/class/dynamic/class_l2_t04: CompileTimeError
LanguageFeatures/Instantiate-to-bound/class/dynamic/class_l3_t02: CompileTimeError
LanguageFeatures/Instantiate-to-bound/class/dynamic/class_typedef_l2_t02: RuntimeError
LanguageFeatures/Instantiate-to-bound/class/static/class_FutureOr_l1_t01: Crash
LanguageFeatures/Instantiate-to-bound/class/static/class_FutureOr_l1_t01/01: Crash
LanguageFeatures/Instantiate-to-bound/class/static/class_FutureOr_l1_t01/02: Crash
LanguageFeatures/Instantiate-to-bound/class/static/class_FutureOr_l1_t01/03: Crash
LanguageFeatures/Instantiate-to-bound/class/static/class_FutureOr_l1_t01/04: Crash
LanguageFeatures/Instantiate-to-bound/class/static/class_FutureOr_l1_t01/none: Crash
LanguageFeatures/Instantiate-to-bound/class/static/class_FutureOr_l1_t02/none: CompileTimeError
LanguageFeatures/Instantiate-to-bound/class/static/class_FutureOr_l1_t03/01: Crash
LanguageFeatures/Instantiate-to-bound/class/static/class_FutureOr_l1_t03/02: Crash
LanguageFeatures/Instantiate-to-bound/class/static/class_FutureOr_l1_t03/none: Crash
LanguageFeatures/Instantiate-to-bound/class/static/class_FutureOr_l1_t04/none: CompileTimeError
LanguageFeatures/Instantiate-to-bound/class/static/class_l1_t04/none: CompileTimeError
LanguageFeatures/Instantiate-to-bound/class/static/class_l2_t03/none: CompileTimeError
LanguageFeatures/Instantiate-to-bound/class/static/class_l2_t04/none: CompileTimeError
LanguageFeatures/Instantiate-to-bound/class/static/class_l2_t08/01: MissingCompileTimeError
LanguageFeatures/Instantiate-to-bound/class/static/class_l2_t08/02: MissingCompileTimeError
LanguageFeatures/Instantiate-to-bound/class/static/class_l2_t08/03: MissingCompileTimeError
LanguageFeatures/Instantiate-to-bound/class/static/class_l2_t08/04: MissingCompileTimeError
LanguageFeatures/Instantiate-to-bound/class/static/class_l3_t02/none: CompileTimeError
LanguageFeatures/Instantiate-to-bound/class/static/class_typedef_l1_t02/none: CompileTimeError
LanguageFeatures/Instantiate-to-bound/class/static/class_typedef_l1_t03/01: MissingCompileTimeError
LanguageFeatures/Instantiate-to-bound/class/static/class_typedef_l1_t04/01: Crash, Pass
LanguageFeatures/Instantiate-to-bound/class/static/class_typedef_l1_t04/02: Crash, Pass
LanguageFeatures/Instantiate-to-bound/class/static/class_typedef_l1_t04/none: Crash
LanguageFeatures/Instantiate-to-bound/class/static/class_typedef_l2_t02/none: CompileTimeError
LanguageFeatures/Instantiate-to-bound/class/static/class_typedef_l2_t03/01: MissingCompileTimeError
LanguageFeatures/Instantiate-to-bound/class/static/class_typedef_l2_t04/01: Crash, Pass
LanguageFeatures/Instantiate-to-bound/class/static/class_typedef_l2_t04/none: Crash, Pass
LanguageFeatures/Instantiate-to-bound/class/static/class_typedef_l2_t06/none: CompileTimeError
LanguageFeatures/Instantiate-to-bound/class/static/class_typedef_l2_t07/01: MissingCompileTimeError
LanguageFeatures/Instantiate-to-bound/class/static/class_typedef_l2_t08/01: Crash, Pass
LanguageFeatures/Instantiate-to-bound/class/static/class_typedef_l2_t08/02: Crash, Pass
LanguageFeatures/Instantiate-to-bound/class/static/class_typedef_l2_t08/none: Crash, Pass
LanguageFeatures/Instantiate-to-bound/typedef/dynamic/typedef_l1_t07: RuntimeError
LanguageFeatures/Instantiate-to-bound/typedef/dynamic/typedef_l2_01_t02: RuntimeError
LanguageFeatures/Instantiate-to-bound/typedef/dynamic/typedef_l2_01_t03: RuntimeError
LanguageFeatures/Instantiate-to-bound/typedef/dynamic/typedef_l2_01_t04: RuntimeError
LanguageFeatures/Instantiate-to-bound/typedef/dynamic/typedef_l2_01_t12: RuntimeError
LanguageFeatures/Instantiate-to-bound/typedef/dynamic/typedef_l2_01_t13: RuntimeError
LanguageFeatures/Instantiate-to-bound/typedef/dynamic/typedef_l2_01_t15: RuntimeError
LanguageFeatures/Instantiate-to-bound/typedef/dynamic/typedef_l2_02_t03: RuntimeError
LanguageFeatures/Instantiate-to-bound/typedef/dynamic/typedef_l2_02_t04: RuntimeError
LanguageFeatures/Instantiate-to-bound/typedef/dynamic/typedef_l2_02_t05: RuntimeError
LanguageFeatures/Instantiate-to-bound/typedef/dynamic/typedef_l2_02_t12: RuntimeError
LanguageFeatures/Instantiate-to-bound/typedef/dynamic/typedef_l2_02_t14: RuntimeError
LanguageFeatures/Instantiate-to-bound/typedef/dynamic/typedef_l2_02_t15: RuntimeError
LanguageFeatures/Instantiate-to-bound/typedef/dynamic/typedef_l2_03_t01: RuntimeError
LanguageFeatures/Instantiate-to-bound/typedef/dynamic/typedef_l2_03_t02: RuntimeError
LanguageFeatures/Instantiate-to-bound/typedef/dynamic/typedef_l2_03_t10: RuntimeError
LanguageFeatures/Instantiate-to-bound/typedef/dynamic/typedef_l2_03_t11: RuntimeError
LanguageFeatures/Instantiate-to-bound/typedef/dynamic/typedef_l2_03_t12: RuntimeError
LanguageFeatures/Instantiate-to-bound/typedef/dynamic/typedef_l2_03_t14: RuntimeError
LanguageFeatures/Instantiate-to-bound/typedef/dynamic/typedef_l2_04_t02: RuntimeError
LanguageFeatures/Instantiate-to-bound/typedef/dynamic/typedef_l2_04_t03: RuntimeError
LanguageFeatures/Instantiate-to-bound/typedef/dynamic/typedef_l2_04_t12: RuntimeError
LanguageFeatures/Instantiate-to-bound/typedef/dynamic/typedef_l2_05_t01: RuntimeError
LanguageFeatures/Instantiate-to-bound/typedef/dynamic/typedef_l2_05_t03: RuntimeError
LanguageFeatures/Instantiate-to-bound/typedef/dynamic/typedef_l2_05_t05: RuntimeError
LanguageFeatures/Instantiate-to-bound/typedef/dynamic/typedef_l2_05_t11: RuntimeError
LanguageFeatures/Instantiate-to-bound/typedef/dynamic/typedef_l2_05_t12: RuntimeError
LanguageFeatures/Instantiate-to-bound/typedef/dynamic/typedef_l2_05_t13: RuntimeError
LanguageFeatures/Instantiate-to-bound/typedef/dynamic/typedef_l2_05_t14: RuntimeError
LanguageFeatures/Instantiate-to-bound/typedef/dynamic/typedef_l2_05_t15: RuntimeError
LanguageFeatures/Instantiate-to-bound/typedef/dynamic/typedef_l2_06_t02: RuntimeError
LanguageFeatures/Instantiate-to-bound/typedef/dynamic/typedef_l2_06_t11: RuntimeError
LanguageFeatures/Instantiate-to-bound/typedef/dynamic/typedef_l2_06_t12: RuntimeError
LanguageFeatures/Instantiate-to-bound/typedef/dynamic/typedef_l2_06_t15: RuntimeError
LanguageFeatures/Instantiate-to-bound/typedef/dynamic/typedef_l2_t02: RuntimeError
LanguageFeatures/Instantiate-to-bound/typedef/dynamic/typedef_typedef_l1_t05: RuntimeError
LanguageFeatures/Instantiate-to-bound/typedef/dynamic/typedef_typedef_l1_t06: RuntimeError
LanguageFeatures/Instantiate-to-bound/typedef/static/typedef_FutureOr_l1_t02/none: CompileTimeError
LanguageFeatures/Instantiate-to-bound/typedef/static/typedef_l1_t02/none: CompileTimeError
LanguageFeatures/Instantiate-to-bound/typedef/static/typedef_l1_t03/01: MissingCompileTimeError
LanguageFeatures/Instantiate-to-bound/typedef/static/typedef_l1_t04/01: MissingCompileTimeError
LanguageFeatures/Instantiate-to-bound/typedef/static/typedef_l1_t04/02: MissingCompileTimeError
LanguageFeatures/Instantiate-to-bound/typedef/static/typedef_l1_t04/03: MissingCompileTimeError
LanguageFeatures/Instantiate-to-bound/typedef/static/typedef_l1_t04/04: MissingCompileTimeError
LanguageFeatures/Instantiate-to-bound/typedef/static/typedef_l1_t04/05: MissingCompileTimeError
LanguageFeatures/Instantiate-to-bound/typedef/static/typedef_l1_t04/06: MissingCompileTimeError
LanguageFeatures/Instantiate-to-bound/typedef/static/typedef_l1_t04/07: MissingCompileTimeError
LanguageFeatures/Instantiate-to-bound/typedef/static/typedef_l1_t05/01: MissingCompileTimeError
LanguageFeatures/Instantiate-to-bound/typedef/static/typedef_l1_t07/none: CompileTimeError
LanguageFeatures/Instantiate-to-bound/typedef/static/typedef_l1_t08/01: MissingCompileTimeError
LanguageFeatures/Instantiate-to-bound/typedef/static/typedef_l1_t09/01: MissingCompileTimeError
LanguageFeatures/Instantiate-to-bound/typedef/static/typedef_l1_t09/02: MissingCompileTimeError
LanguageFeatures/Instantiate-to-bound/typedef/static/typedef_l1_t09/03: MissingCompileTimeError
LanguageFeatures/Instantiate-to-bound/typedef/static/typedef_l1_t09/04: MissingCompileTimeError
LanguageFeatures/Instantiate-to-bound/typedef/static/typedef_l1_t09/05: MissingCompileTimeError
LanguageFeatures/Instantiate-to-bound/typedef/static/typedef_l1_t09/06: MissingCompileTimeError
LanguageFeatures/Instantiate-to-bound/typedef/static/typedef_l1_t09/07: MissingCompileTimeError
LanguageFeatures/Instantiate-to-bound/typedef/static/typedef_l1_t10/01: MissingCompileTimeError
LanguageFeatures/Instantiate-to-bound/typedef/static/typedef_l2_01_t01/01: MissingCompileTimeError
LanguageFeatures/Instantiate-to-bound/typedef/static/typedef_l2_01_t02/01: MissingCompileTimeError
LanguageFeatures/Instantiate-to-bound/typedef/static/typedef_l2_01_t03/01: MissingCompileTimeError
LanguageFeatures/Instantiate-to-bound/typedef/static/typedef_l2_01_t04/01: MissingCompileTimeError
LanguageFeatures/Instantiate-to-bound/typedef/static/typedef_l2_01_t05/none: CompileTimeError
LanguageFeatures/Instantiate-to-bound/typedef/static/typedef_l2_01_t06/01: MissingCompileTimeError
LanguageFeatures/Instantiate-to-bound/typedef/static/typedef_l2_01_t07/01: MissingCompileTimeError
LanguageFeatures/Instantiate-to-bound/typedef/static/typedef_l2_01_t08/01: MissingCompileTimeError
LanguageFeatures/Instantiate-to-bound/typedef/static/typedef_l2_01_t09/01: MissingCompileTimeError
LanguageFeatures/Instantiate-to-bound/typedef/static/typedef_l2_01_t10/01: MissingCompileTimeError
LanguageFeatures/Instantiate-to-bound/typedef/static/typedef_l2_01_t11/01: MissingCompileTimeError
LanguageFeatures/Instantiate-to-bound/typedef/static/typedef_l2_01_t12/01: MissingCompileTimeError
LanguageFeatures/Instantiate-to-bound/typedef/static/typedef_l2_01_t13/01: MissingCompileTimeError
LanguageFeatures/Instantiate-to-bound/typedef/static/typedef_l2_01_t14/01: MissingCompileTimeError
LanguageFeatures/Instantiate-to-bound/typedef/static/typedef_l2_01_t15/01: MissingCompileTimeError
LanguageFeatures/Instantiate-to-bound/typedef/static/typedef_l2_01_t16/01: MissingCompileTimeError
LanguageFeatures/Instantiate-to-bound/typedef/static/typedef_l2_01_t17/01: MissingCompileTimeError
LanguageFeatures/Instantiate-to-bound/typedef/static/typedef_l2_01_t18/01: MissingCompileTimeError
LanguageFeatures/Instantiate-to-bound/typedef/static/typedef_l2_01_t19/01: MissingCompileTimeError
LanguageFeatures/Instantiate-to-bound/typedef/static/typedef_l2_01_t20/01: MissingCompileTimeError
LanguageFeatures/Instantiate-to-bound/typedef/static/typedef_l2_02_t01/01: MissingCompileTimeError
LanguageFeatures/Instantiate-to-bound/typedef/static/typedef_l2_02_t02/none: CompileTimeError
LanguageFeatures/Instantiate-to-bound/typedef/static/typedef_l2_02_t03/01: MissingCompileTimeError
LanguageFeatures/Instantiate-to-bound/typedef/static/typedef_l2_02_t04/none: CompileTimeError
LanguageFeatures/Instantiate-to-bound/typedef/static/typedef_l2_02_t05/none: CompileTimeError
LanguageFeatures/Instantiate-to-bound/typedef/static/typedef_l2_02_t06/01: MissingCompileTimeError
LanguageFeatures/Instantiate-to-bound/typedef/static/typedef_l2_02_t07/01: MissingCompileTimeError
LanguageFeatures/Instantiate-to-bound/typedef/static/typedef_l2_02_t08/01: MissingCompileTimeError
LanguageFeatures/Instantiate-to-bound/typedef/static/typedef_l2_02_t09/01: MissingCompileTimeError
LanguageFeatures/Instantiate-to-bound/typedef/static/typedef_l2_02_t10/01: MissingCompileTimeError
LanguageFeatures/Instantiate-to-bound/typedef/static/typedef_l2_02_t11/01: MissingCompileTimeError
LanguageFeatures/Instantiate-to-bound/typedef/static/typedef_l2_02_t12/none: CompileTimeError
LanguageFeatures/Instantiate-to-bound/typedef/static/typedef_l2_02_t13/none: CompileTimeError
LanguageFeatures/Instantiate-to-bound/typedef/static/typedef_l2_02_t14/01: MissingCompileTimeError
LanguageFeatures/Instantiate-to-bound/typedef/static/typedef_l2_02_t15/01: MissingCompileTimeError
LanguageFeatures/Instantiate-to-bound/typedef/static/typedef_l2_02_t16/01: MissingCompileTimeError
LanguageFeatures/Instantiate-to-bound/typedef/static/typedef_l2_02_t17/01: MissingCompileTimeError
LanguageFeatures/Instantiate-to-bound/typedef/static/typedef_l2_02_t18/01: MissingCompileTimeError
LanguageFeatures/Instantiate-to-bound/typedef/static/typedef_l2_02_t19/01: MissingCompileTimeError
LanguageFeatures/Instantiate-to-bound/typedef/static/typedef_l2_02_t20/01: MissingCompileTimeError
LanguageFeatures/Instantiate-to-bound/typedef/static/typedef_l2_03_t01/none: CompileTimeError
LanguageFeatures/Instantiate-to-bound/typedef/static/typedef_l2_03_t02/01: MissingCompileTimeError
LanguageFeatures/Instantiate-to-bound/typedef/static/typedef_l2_03_t03/none: CompileTimeError
LanguageFeatures/Instantiate-to-bound/typedef/static/typedef_l2_03_t04/01: MissingCompileTimeError
LanguageFeatures/Instantiate-to-bound/typedef/static/typedef_l2_03_t05/none: CompileTimeError
LanguageFeatures/Instantiate-to-bound/typedef/static/typedef_l2_03_t06/01: MissingCompileTimeError
LanguageFeatures/Instantiate-to-bound/typedef/static/typedef_l2_03_t07/01: MissingCompileTimeError
LanguageFeatures/Instantiate-to-bound/typedef/static/typedef_l2_03_t08/01: MissingCompileTimeError
LanguageFeatures/Instantiate-to-bound/typedef/static/typedef_l2_03_t09/01: MissingCompileTimeError
LanguageFeatures/Instantiate-to-bound/typedef/static/typedef_l2_03_t10: CompileTimeError
LanguageFeatures/Instantiate-to-bound/typedef/static/typedef_l2_03_t11: CompileTimeError
LanguageFeatures/Instantiate-to-bound/typedef/static/typedef_l2_03_t12/01: MissingCompileTimeError
LanguageFeatures/Instantiate-to-bound/typedef/static/typedef_l2_03_t13/01: MissingCompileTimeError
LanguageFeatures/Instantiate-to-bound/typedef/static/typedef_l2_03_t14/01: MissingCompileTimeError
LanguageFeatures/Instantiate-to-bound/typedef/static/typedef_l2_03_t15/01: MissingCompileTimeError
LanguageFeatures/Instantiate-to-bound/typedef/static/typedef_l2_03_t16/01: MissingCompileTimeError
LanguageFeatures/Instantiate-to-bound/typedef/static/typedef_l2_03_t17/01: MissingCompileTimeError
LanguageFeatures/Instantiate-to-bound/typedef/static/typedef_l2_03_t18/01: MissingCompileTimeError
LanguageFeatures/Instantiate-to-bound/typedef/static/typedef_l2_03_t19/01: MissingCompileTimeError
LanguageFeatures/Instantiate-to-bound/typedef/static/typedef_l2_03_t20/01: MissingCompileTimeError
LanguageFeatures/Instantiate-to-bound/typedef/static/typedef_l2_04_t01/01: MissingCompileTimeError
LanguageFeatures/Instantiate-to-bound/typedef/static/typedef_l2_04_t02/01: MissingCompileTimeError
LanguageFeatures/Instantiate-to-bound/typedef/static/typedef_l2_04_t03/01: MissingCompileTimeError
LanguageFeatures/Instantiate-to-bound/typedef/static/typedef_l2_04_t04/01: MissingCompileTimeError
LanguageFeatures/Instantiate-to-bound/typedef/static/typedef_l2_04_t05/none: CompileTimeError
LanguageFeatures/Instantiate-to-bound/typedef/static/typedef_l2_04_t06/01: MissingCompileTimeError
LanguageFeatures/Instantiate-to-bound/typedef/static/typedef_l2_04_t07/01: MissingCompileTimeError
LanguageFeatures/Instantiate-to-bound/typedef/static/typedef_l2_04_t08/01: MissingCompileTimeError
LanguageFeatures/Instantiate-to-bound/typedef/static/typedef_l2_04_t09/01: MissingCompileTimeError
LanguageFeatures/Instantiate-to-bound/typedef/static/typedef_l2_04_t10/01: MissingCompileTimeError
LanguageFeatures/Instantiate-to-bound/typedef/static/typedef_l2_04_t11/01: MissingCompileTimeError
LanguageFeatures/Instantiate-to-bound/typedef/static/typedef_l2_04_t12/01: MissingCompileTimeError
LanguageFeatures/Instantiate-to-bound/typedef/static/typedef_l2_04_t13/01: MissingCompileTimeError
LanguageFeatures/Instantiate-to-bound/typedef/static/typedef_l2_04_t14/01: MissingCompileTimeError
LanguageFeatures/Instantiate-to-bound/typedef/static/typedef_l2_04_t15/01: MissingCompileTimeError
LanguageFeatures/Instantiate-to-bound/typedef/static/typedef_l2_04_t16/01: MissingCompileTimeError
LanguageFeatures/Instantiate-to-bound/typedef/static/typedef_l2_04_t17/01: MissingCompileTimeError
LanguageFeatures/Instantiate-to-bound/typedef/static/typedef_l2_04_t18/01: MissingCompileTimeError
LanguageFeatures/Instantiate-to-bound/typedef/static/typedef_l2_04_t19/01: MissingCompileTimeError
LanguageFeatures/Instantiate-to-bound/typedef/static/typedef_l2_04_t20/01: MissingCompileTimeError
LanguageFeatures/Instantiate-to-bound/typedef/static/typedef_l2_05_t01/01: MissingCompileTimeError
LanguageFeatures/Instantiate-to-bound/typedef/static/typedef_l2_05_t02/01: MissingCompileTimeError
LanguageFeatures/Instantiate-to-bound/typedef/static/typedef_l2_05_t03/01: MissingCompileTimeError
LanguageFeatures/Instantiate-to-bound/typedef/static/typedef_l2_05_t04/01: MissingCompileTimeError
LanguageFeatures/Instantiate-to-bound/typedef/static/typedef_l2_05_t05/none: CompileTimeError
LanguageFeatures/Instantiate-to-bound/typedef/static/typedef_l2_05_t06/01: MissingCompileTimeError
LanguageFeatures/Instantiate-to-bound/typedef/static/typedef_l2_05_t07/01: MissingCompileTimeError
LanguageFeatures/Instantiate-to-bound/typedef/static/typedef_l2_05_t08/01: MissingCompileTimeError
LanguageFeatures/Instantiate-to-bound/typedef/static/typedef_l2_05_t09/01: MissingCompileTimeError
LanguageFeatures/Instantiate-to-bound/typedef/static/typedef_l2_05_t10/01: MissingCompileTimeError
LanguageFeatures/Instantiate-to-bound/typedef/static/typedef_l2_05_t11/01: MissingCompileTimeError
LanguageFeatures/Instantiate-to-bound/typedef/static/typedef_l2_05_t12/01: MissingCompileTimeError
LanguageFeatures/Instantiate-to-bound/typedef/static/typedef_l2_05_t13/01: MissingCompileTimeError
LanguageFeatures/Instantiate-to-bound/typedef/static/typedef_l2_05_t14/01: MissingCompileTimeError
LanguageFeatures/Instantiate-to-bound/typedef/static/typedef_l2_05_t15/01: MissingCompileTimeError
LanguageFeatures/Instantiate-to-bound/typedef/static/typedef_l2_05_t16/01: MissingCompileTimeError
LanguageFeatures/Instantiate-to-bound/typedef/static/typedef_l2_05_t17/01: MissingCompileTimeError
LanguageFeatures/Instantiate-to-bound/typedef/static/typedef_l2_05_t18/01: MissingCompileTimeError
LanguageFeatures/Instantiate-to-bound/typedef/static/typedef_l2_05_t19/01: MissingCompileTimeError
LanguageFeatures/Instantiate-to-bound/typedef/static/typedef_l2_05_t20/01: MissingCompileTimeError
LanguageFeatures/Instantiate-to-bound/typedef/static/typedef_l2_06_t01/01: MissingCompileTimeError
LanguageFeatures/Instantiate-to-bound/typedef/static/typedef_l2_06_t02/01: MissingCompileTimeError
LanguageFeatures/Instantiate-to-bound/typedef/static/typedef_l2_06_t03/01: MissingCompileTimeError
LanguageFeatures/Instantiate-to-bound/typedef/static/typedef_l2_06_t04/01: MissingCompileTimeError
LanguageFeatures/Instantiate-to-bound/typedef/static/typedef_l2_06_t05/none: CompileTimeError
LanguageFeatures/Instantiate-to-bound/typedef/static/typedef_l2_06_t06/01: MissingCompileTimeError
LanguageFeatures/Instantiate-to-bound/typedef/static/typedef_l2_06_t07/01: MissingCompileTimeError
LanguageFeatures/Instantiate-to-bound/typedef/static/typedef_l2_06_t08/01: MissingCompileTimeError
LanguageFeatures/Instantiate-to-bound/typedef/static/typedef_l2_06_t09/01: MissingCompileTimeError
LanguageFeatures/Instantiate-to-bound/typedef/static/typedef_l2_06_t10/01: MissingCompileTimeError
LanguageFeatures/Instantiate-to-bound/typedef/static/typedef_l2_06_t11/01: MissingCompileTimeError
LanguageFeatures/Instantiate-to-bound/typedef/static/typedef_l2_06_t12/01: MissingCompileTimeError
LanguageFeatures/Instantiate-to-bound/typedef/static/typedef_l2_06_t13/01: MissingCompileTimeError
LanguageFeatures/Instantiate-to-bound/typedef/static/typedef_l2_06_t14/01: MissingCompileTimeError
LanguageFeatures/Instantiate-to-bound/typedef/static/typedef_l2_06_t15/01: MissingCompileTimeError
LanguageFeatures/Instantiate-to-bound/typedef/static/typedef_l2_06_t16/01: MissingCompileTimeError
LanguageFeatures/Instantiate-to-bound/typedef/static/typedef_l2_06_t17/01: MissingCompileTimeError
LanguageFeatures/Instantiate-to-bound/typedef/static/typedef_l2_06_t18/01: MissingCompileTimeError
LanguageFeatures/Instantiate-to-bound/typedef/static/typedef_l2_06_t19/01: MissingCompileTimeError
LanguageFeatures/Instantiate-to-bound/typedef/static/typedef_l2_06_t20/01: MissingCompileTimeError
LanguageFeatures/Instantiate-to-bound/typedef/static/typedef_l2_t01/none: CompileTimeError
LanguageFeatures/Instantiate-to-bound/typedef/static/typedef_l2_t02/none: CompileTimeError
LanguageFeatures/Instantiate-to-bound/typedef/static/typedef_l2_t06/none: CompileTimeError
LanguageFeatures/Instantiate-to-bound/typedef/static/typedef_l2_t15: CompileTimeError
LanguageFeatures/Instantiate-to-bound/typedef/static/typedef_typedef_l1_t02/none: CompileTimeError
LanguageFeatures/Instantiate-to-bound/typedef/static/typedef_typedef_l1_t03/01: MissingCompileTimeError
LanguageFeatures/Instantiate-to-bound/typedef/static/typedef_typedef_l1_t04/01: MissingCompileTimeError
LanguageFeatures/Instantiate-to-bound/typedef/static/typedef_typedef_l1_t04/02: MissingCompileTimeError
LanguageFeatures/Instantiate-to-bound/typedef/static/typedef_typedef_l1_t04/03: MissingCompileTimeError
LanguageFeatures/Instantiate-to-bound/typedef/static/typedef_typedef_l1_t04/04: MissingCompileTimeError
LanguageFeatures/Instantiate-to-bound/typedef/static/typedef_typedef_l1_t04/05: MissingCompileTimeError
LanguageFeatures/Instantiate-to-bound/typedef/static/typedef_typedef_l1_t04/06: MissingCompileTimeError
LanguageFeatures/Instantiate-to-bound/typedef/static/typedef_typedef_l1_t04/07: MissingCompileTimeError
LanguageFeatures/Instantiate-to-bound/typedef/static/typedef_typedef_l1_t05/none: CompileTimeError
LanguageFeatures/Instantiate-to-bound/typedef/static/typedef_typedef_l1_t06/none: CompileTimeError
LanguageFeatures/Instantiate-to-bound/typedef/static/typedef_typedef_l1_t07/01: MissingCompileTimeError
LanguageFeatures/Instantiate-to-bound/typedef/static/typedef_typedef_l1_t08/01: MissingCompileTimeError
LanguageFeatures/Instantiate-to-bound/typedef/static/typedef_typedef_l1_t08/02: MissingCompileTimeError
LanguageFeatures/Instantiate-to-bound/typedef/static/typedef_typedef_l1_t08/03: MissingCompileTimeError
LanguageFeatures/Instantiate-to-bound/typedef/static/typedef_typedef_l1_t08/04: MissingCompileTimeError
LanguageFeatures/Instantiate-to-bound/typedef/static/typedef_typedef_l1_t08/05: MissingCompileTimeError
LanguageFeatures/Instantiate-to-bound/typedef/static/typedef_typedef_l1_t08/06: MissingCompileTimeError
LanguageFeatures/Instantiate-to-bound/typedef/static/typedef_typedef_l1_t08/07: MissingCompileTimeError
LanguageFeatures/Instantiate-to-bound/typedef/static/typedef_typedef_l1_t09/01: MissingCompileTimeError
LanguageFeatures/Instantiate-to-bound/typedef/static/typedef_typedef_l1_t10/01: MissingCompileTimeError
LanguageFeatures/Instantiate-to-bound/typedef/static/typedef_typedef_l1_t11/01: MissingCompileTimeError
LanguageFeatures/Instantiate-to-bound/typedef/static/typedef_typedef_l1_t13/01: MissingCompileTimeError
LanguageFeatures/Instantiate-to-bound/typedef/static/typedef_typedef_l1_t14/01: MissingCompileTimeError
LanguageFeatures/Instantiate-to-bound/typedef/static/typedef_typedef_l1_t15/01: MissingCompileTimeError
LanguageFeatures/Instantiate-to-bound/typedef/static/typedef_typedef_l1_t17/01: MissingCompileTimeError
LanguageFeatures/Instantiate-to-bound/typedef/static/typedef_typedef_l1_t18/01: MissingCompileTimeError
LanguageFeatures/Instantiate-to-bound/typedef/static/typedef_typedef_l1_t19/01: MissingCompileTimeError
LanguageFeatures/Set-literals/disambiguating_A02_t02: CompileTimeError
LanguageFeatures/Set-literals/disambiguating_A02_t03: Crash
LanguageFeatures/Set-literals/exact_types_of_literals_A01_t03: RuntimeError
LanguageFeatures/Set-literals/type_inference_A07_t01: CompileTimeError
LanguageFeatures/Set-literals/type_inference_A08_t01: CompileTimeError
LanguageFeatures/Set-literals/type_inference_A09_t01: CompileTimeError
LanguageFeatures/Set-literals/type_inference_A10_t01: CompileTimeError
LanguageFeatures/Set-literals/type_inference_A10_t02: CompileTimeError
LanguageFeatures/Simple-bounds/dynamic/class_FutureOr_l1_t02: CompileTimeError
LanguageFeatures/Simple-bounds/static/class_FutureOr_l1_t02/none: CompileTimeError
LanguageFeatures/Simple-bounds/static/typedef_FutureOr_l1_t02/none: CompileTimeError
LanguageFeatures/Simple-bounds/static/typedef_l1_t07/none: CompileTimeError
LanguageFeatures/Simple-bounds/static/typedef_l2_t02/none: CompileTimeError
LanguageFeatures/Simple-bounds/static/typedef_typedef_l1_t04/01: MissingCompileTimeError
LanguageFeatures/Simple-bounds/static/typedef_typedef_l1_t04/02: MissingCompileTimeError
LanguageFeatures/Simple-bounds/static/typedef_typedef_l1_t10: CompileTimeError
LanguageFeatures/Spread-collections/TypeInference_A01_t03/06: MissingCompileTimeError
LanguageFeatures/Spread-collections/TypeInference_A01_t03/07: MissingCompileTimeError
LanguageFeatures/Spread-collections/TypeInference_A01_t03/08: MissingCompileTimeError
LanguageFeatures/Spread-collections/TypeInference_A01_t03/09: MissingCompileTimeError
LanguageFeatures/Spread-collections/TypeInference_A01_t04/06: MissingCompileTimeError
LanguageFeatures/Spread-collections/TypeInference_A01_t04/07: MissingCompileTimeError
LanguageFeatures/Spread-collections/TypeInference_A01_t04/08: MissingCompileTimeError
LanguageFeatures/Spread-collections/TypeInference_A01_t04/09: MissingCompileTimeError
LanguageFeatures/Spread-collections/TypeInference_A03_t02/06: MissingCompileTimeError
LanguageFeatures/Spread-collections/TypeInference_A03_t02/07: MissingCompileTimeError
LanguageFeatures/Spread-collections/TypeInference_A03_t02/08: MissingCompileTimeError
LanguageFeatures/Spread-collections/TypeInference_A03_t02/09: MissingCompileTimeError
LanguageFeatures/Super-mixins/covariance_t03: MissingCompileTimeError # Issue 35111
LanguageFeatures/Super-mixins/covariance_t06: MissingCompileTimeError # Issue 35111
LanguageFeatures/Super-mixins/covariance_t07: MissingCompileTimeError # Issue 35111
LanguageFeatures/regression/33597_t01: MissingCompileTimeError
LanguageFeatures/regression/33701_t01: MissingCompileTimeError
LanguageFeatures/regression/34635_t01: CompileTimeError
LanguageFeatures/regression/34635_t02: CompileTimeError
LanguageFeatures/regression/34635_t03: CompileTimeError
LanguageFeatures/regression/34803_t01: Crash
LanguageFeatures/regression/34803_t02: Crash

[ $arch == simdbc64 && $compiler == dartk ]
LibTest/collection/ListBase/ListBase_class_A01_t02: Crash # Issue http://dartbug.com/35242
LibTest/collection/ListMixin/ListMixin_class_A01_t02: Crash # Issue http://dartbug.com/35242
LibTest/core/List/List_class_A01_t02: Crash # Issue http://dartbug.com/35242

[ $arch == simdbc64 && $system == macos && ($compiler == dartk || $compiler == dartkb) ]
LanguageFeatures/Subtyping/static/generated/function_type_function_arguments_binding_A04_t02: Crash, Pass
LibTest/io/Directory/watch_A01_t02: RuntimeError, Pass
LibTest/io/Directory/watch_A02_t01: RuntimeError, Pass
LibTest/io/FileSystemCreateEvent/type_A01_t01: RuntimeError, Pass
LibTest/io/FileSystemCreateEvent/type_A01_t02: RuntimeError, Pass
LibTest/io/HttpClientRequest/add_A05_t01: RuntimeError, Pass
LibTest/io/HttpClientRequest/contentLength_A02_t01: RuntimeError, Pass
LibTest/io/HttpClientRequest/headers_A03_t01: RuntimeError, Pass
LibTest/io/Stdout/writeCharCode_A01_t03: Timeout, Pass

[ $arch == simdbc64 && ($compiler == dartk || $compiler == dartkb) ]
LibTest/collection/ListBase/ListBase_class_A01_t02: Timeout, Pass # https://github.com/dart-lang/sdk/issues/35316 as well?
LibTest/collection/ListMixin/ListMixin_class_A01_t02: Timeout, Pass # https://github.com/dart-lang/sdk/issues/35316 as well?
LibTest/io/Link/renameSync_A02_t01: RuntimeError, Pass
LibTest/io/Process/start_A01_t01: RuntimeError
LibTest/io/Process/start_A02_t01: RuntimeError
LibTest/io/Process/start_A02_t02: RuntimeError
LibTest/io/Process/start_A03_t01: RuntimeError
LibTest/io/Process/start_A03_t02: RuntimeError
LibTest/io/ProcessSignal/watch_A01_t01: RuntimeError
LibTest/io/ProcessSignal/watch_A01_t02: RuntimeError
LibTest/io/RandomAccessFile/lockSync_A01_t01: RuntimeError
LibTest/io/RandomAccessFile/lockSync_A01_t02: RuntimeError
LibTest/io/RandomAccessFile/lockSync_A02_t01: RuntimeError
LibTest/io/RandomAccessFile/lockSync_A02_t02: RuntimeError
LibTest/io/RandomAccessFile/lockSync_A02_t03: RuntimeError
LibTest/io/RandomAccessFile/lockSync_A02_t04: RuntimeError
LibTest/io/RandomAccessFile/lockSync_A03_t01: RuntimeError
LibTest/io/RandomAccessFile/lockSync_A03_t02: RuntimeError
LibTest/io/RandomAccessFile/lockSync_A03_t03: RuntimeError
LibTest/io/RandomAccessFile/lockSync_A04_t01: RuntimeError
LibTest/io/RandomAccessFile/lockSync_A04_t02: RuntimeError
LibTest/io/RandomAccessFile/lockSync_A04_t03: RuntimeError
LibTest/io/RandomAccessFile/lockSync_A04_t04: RuntimeError
LibTest/io/RandomAccessFile/lockSync_A05_t01: RuntimeError
LibTest/io/RandomAccessFile/lock_A01_t02: RuntimeError
LibTest/io/RandomAccessFile/lock_A01_t03: RuntimeError
LibTest/io/RandomAccessFile/lock_A01_t04: RuntimeError
LibTest/io/RandomAccessFile/lock_A02_t01: RuntimeError
LibTest/io/RandomAccessFile/lock_A02_t02: RuntimeError
LibTest/io/RandomAccessFile/lock_A02_t03: RuntimeError
LibTest/io/RandomAccessFile/lock_A03_t01: RuntimeError
LibTest/io/RandomAccessFile/lock_A03_t02: RuntimeError
LibTest/io/RandomAccessFile/lock_A03_t03: RuntimeError
LibTest/io/RandomAccessFile/lock_A04_t01: RuntimeError
LibTest/io/RandomAccessFile/lock_A04_t02: RuntimeError
LibTest/io/RandomAccessFile/lock_A04_t03: RuntimeError
LibTest/io/RandomAccessFile/lock_A04_t04: RuntimeError
LibTest/io/RandomAccessFile/lock_A05_t01: RuntimeError
LibTest/io/RandomAccessFile/lock_A05_t02: RuntimeError
LibTest/io/RandomAccessFile/unlockSync_A01_t01: RuntimeError
LibTest/io/RandomAccessFile/unlockSync_A01_t02: RuntimeError
LibTest/io/RandomAccessFile/unlockSync_A01_t03: RuntimeError
LibTest/io/RandomAccessFile/unlockSync_A02_t01: RuntimeError
LibTest/io/RandomAccessFile/unlock_A01_t02: RuntimeError
LibTest/io/RandomAccessFile/unlock_A01_t03: RuntimeError
LibTest/io/RandomAccessFile/unlock_A01_t04: RuntimeError
LibTest/io/RandomAccessFile/unlock_A02_t01: RuntimeError
LibTest/io/RawDatagramSocket/any_A03_t01: RuntimeError, Pass
LibTest/io/RawDatagramSocket/timeout_A03_t01: RuntimeError, Pass
LibTest/io/RawSecureServerSocket/first_A02_t01: RuntimeError
LibTest/io/RawSecureServerSocket/first_A02_t02: RuntimeError
LibTest/io/RawSecureServerSocket/first_A03_t01: RuntimeError
LibTest/io/RawSecureServerSocket/isEmpty_A01_t02: RuntimeError
LibTest/io/RawSecureServerSocket/last_A02_t01: RuntimeError
LibTest/io/RawSecureServerSocket/length_A01_t02: RuntimeError
LibTest/io/RawSecureServerSocket/single_A01_t03: RuntimeError
LibTest/io/RawSecureServerSocket/single_A02_t01: RuntimeError
LibTest/io/Stdin/first_A01_t01: RuntimeError, Pass
LibTest/io/Stdout/add_A02_t01: RuntimeError, Pass
LibTest/io/Stdout/add_A04_t01: RuntimeError, Pass
LibTest/io/stderr/stderr_A01_t01: RuntimeError, Pass
LibTest/isolate/Isolate/ping_A03_t02: RuntimeError, Pass
LibTest/isolate/Isolate/removeErrorListener_A02_t01: Crash, Pass

[ $compiler != dart2js && $runtime != vm && $fasta ]
Language/Classes/Constructors/Constant_Constructors/invalid_constant_initializer_t02: MissingCompileTimeError # Issue 34192
Language/Expressions/Instance_Creation/Const/exception_t01: MissingCompileTimeError # Issue 31936
Language/Metadata/compilation_t03: MissingCompileTimeError # Issue 34205

[ $compiler != dart2js && $fasta ]
Language/Statements/Switch/equal_operator_t01: MissingCompileTimeError # Issue 32557
Language/Statements/Switch/equal_operator_t02: MissingCompileTimeError # Issue 32557

[ $mode == debug && $runtime == vm && $system == linux && ($compiler == dartk || $compiler == dartkb) ]
LibTest/io/Stdin/readByteSync_A02_t01: RuntimeError, Pass
LibTest/io/WebSocket/pingInterval_A01_t01: RuntimeError, Pass

[ $runtime == vm && $system == linux && ($compiler == dartk || $compiler == dartkb) ]
LibTest/io/Link/stat_A01_t01: RuntimeError
LibTest/isolate/Isolate/spawn_A06_t03: Crash, Pass

[ $runtime == vm && $system == macos && ($compiler == dartk || $compiler == dartkb) ]
LibTest/collection/ListBase/ListBase_class_A01_t02: Pass, Slow
LibTest/collection/ListBase/ListBase_class_A01_t03: Pass, Slow
LibTest/collection/ListMixin/ListMixin_class_A01_t02: Pass, Slow
LibTest/collection/ListMixin/ListMixin_class_A01_t03: Pass, Slow
LibTest/core/List/List_class_A01_t02: Pass, Slow
LibTest/core/List/List_class_A01_t03: Pass, Slow
LibTest/io/Directory/watch_A01_t02: RuntimeError, Pass
LibTest/io/Directory/watch_A02_t01: RuntimeError, Pass
LibTest/io/FileSystemCreateEvent/isDirectory_A01_t03: RuntimeError, Pass
LibTest/io/FileSystemCreateEvent/isDirectory_A01_t04: RuntimeError, Pass
LibTest/io/FileSystemCreateEvent/isDirectory_A01_t05: RuntimeError, Pass, Timeout
LibTest/io/FileSystemCreateEvent/isDirectory_A01_t06: Timeout, Pass
LibTest/io/FileSystemCreateEvent/type_A01_t01: RuntimeError, Pass
LibTest/io/FileSystemCreateEvent/type_A01_t02: RuntimeError, Pass
LibTest/io/FileSystemCreateEvent/type_A01_t03: RuntimeError, Pass, Timeout
LibTest/io/FileSystemDeleteEvent/isDirectory_A01_t07: RuntimeError
LibTest/io/FileSystemDeleteEvent/path_A01_t02: RuntimeError, Pass
LibTest/io/FileSystemDeleteEvent/path_A01_t03: RuntimeError, Pass
LibTest/io/FileSystemDeleteEvent/type_A01_t03: RuntimeError, Pass
LibTest/io/FileSystemModifyEvent/contentChanged_A01_t01: Fail, Timeout
LibTest/io/FileSystemModifyEvent/contentChanged_A01_t02: Timeout, Pass
LibTest/io/FileSystemModifyEvent/isDirectory_A01_t01: Timeout, Pass
LibTest/io/FileSystemModifyEvent/path_A01_t02: Timeout, Pass
LibTest/io/FileSystemModifyEvent/type_A01_t01: Timeout, Pass
LibTest/io/FileSystemMoveEvent/destination_A01_t01: Fail, Timeout
LibTest/io/FileSystemMoveEvent/destination_A01_t02: Fail, Timeout
LibTest/io/FileSystemMoveEvent/destination_A01_t03: RuntimeError, Fail, Timeout
LibTest/io/FileSystemMoveEvent/isDirectory_A01_t01: Fail, Timeout
LibTest/io/FileSystemMoveEvent/isDirectory_A01_t02: Fail, Timeout
LibTest/io/FileSystemMoveEvent/isDirectory_A01_t03: Fail, Timeout
LibTest/io/FileSystemMoveEvent/path_A01_t01: Fail, Timeout
LibTest/io/FileSystemMoveEvent/path_A01_t02: Fail, Timeout
LibTest/io/FileSystemMoveEvent/path_A01_t03: Fail, Timeout
LibTest/io/FileSystemMoveEvent/type_A01_t01: Fail, Timeout
LibTest/io/FileSystemMoveEvent/type_A01_t02: Fail, Timeout
LibTest/io/FileSystemMoveEvent/type_A01_t03: Fail, Timeout
LibTest/io/HttpClientRequest/contentLength_A02_t01: RuntimeError, Pass
LibTest/io/HttpClientRequest/headers_A03_t01: RuntimeError, Pass
LibTest/io/Link/stat_A01_t01: RuntimeError
LibTest/io/Process/exitCode_A01_t02: RuntimeError
LibTest/io/Process/killPid_A01_t01: RuntimeError
LibTest/io/Process/killPid_A01_t02: RuntimeError
LibTest/io/Process/kill_A01_t01: RuntimeError
LibTest/io/Process/runSync_A01_t01: RuntimeError
LibTest/io/Process/runSync_A02_t01: RuntimeError
LibTest/io/Process/runSync_A02_t02: RuntimeError
LibTest/io/Process/run_A01_t01: RuntimeError
LibTest/io/Process/run_A02_t01: RuntimeError
LibTest/io/Process/run_A02_t02: RuntimeError
LibTest/io/Process/start_A04_t01: RuntimeError
LibTest/io/Process/start_A05_t01: RuntimeError
LibTest/io/Process/start_A06_t01: RuntimeError
LibTest/io/ProcessSignal/watch_A01_t02: RuntimeError
LibTest/io/RawDatagramSocket/asyncExpand_A01_t02: RuntimeError
LibTest/io/RawDatagramSocket/asyncExpand_A01_t04: RuntimeError
LibTest/io/RawDatagramSocket/asyncMap_A01_t02: RuntimeError
LibTest/io/RawDatagramSocket/asyncMap_A01_t03: RuntimeError
LibTest/io/RawDatagramSocket/broadcastEnable_A01_t01: RuntimeError
LibTest/io/RawDatagramSocket/cast_A01_t01: RuntimeError
LibTest/io/RawDatagramSocket/contains_A01_t02: RuntimeError
LibTest/io/RawDatagramSocket/distinct_A01_t01: Timeout, Pass
LibTest/io/RawDatagramSocket/distinct_A01_t02: RuntimeError
LibTest/io/RawDatagramSocket/distinct_A01_t04: RuntimeError
LibTest/io/RawDatagramSocket/distinct_A01_t05: RuntimeError
LibTest/io/RawDatagramSocket/distinct_A02_t01: RuntimeError
LibTest/io/RawDatagramSocket/drain_A01_t02: RuntimeError
LibTest/io/RawDatagramSocket/drain_A01_t03: RuntimeError
LibTest/io/RawDatagramSocket/elementAt_A01_t02: RuntimeError
LibTest/io/RawDatagramSocket/elementAt_A01_t03: RuntimeError
LibTest/io/RawDatagramSocket/elementAt_A02_t02: RuntimeError
LibTest/io/RawDatagramSocket/every_A01_t02: RuntimeError
LibTest/io/RawDatagramSocket/every_A01_t03: RuntimeError
LibTest/io/RawDatagramSocket/every_A02_t02: RuntimeError
LibTest/io/RawDatagramSocket/every_A02_t03: RuntimeError
LibTest/io/RawDatagramSocket/expand_A01_t02: RuntimeError
LibTest/io/RawDatagramSocket/expand_A02_t01: RuntimeError
LibTest/io/RawDatagramSocket/expand_A02_t02: RuntimeError
LibTest/io/RawDatagramSocket/expand_A04_t01: RuntimeError
LibTest/io/RawDatagramSocket/firstWhere_A01_t02: RuntimeError
LibTest/io/RawDatagramSocket/firstWhere_A01_t03: Timeout, Pass
LibTest/io/RawDatagramSocket/firstWhere_A02_t02: RuntimeError
LibTest/io/RawDatagramSocket/firstWhere_A02_t03: RuntimeError
LibTest/io/RawDatagramSocket/firstWhere_A03_t01: RuntimeError
LibTest/io/RawDatagramSocket/firstWhere_A04_t02: RuntimeError
LibTest/io/RawDatagramSocket/firstWhere_A04_t03: RuntimeError
LibTest/io/RawDatagramSocket/fold_A01_t01: RuntimeError
LibTest/io/RawDatagramSocket/forEach_A01_t02: RuntimeError
LibTest/io/RawDatagramSocket/forEach_A02_t02: RuntimeError
LibTest/io/RawDatagramSocket/handleError_A01_t02: RuntimeError
LibTest/io/RawDatagramSocket/handleError_A03_t01: RuntimeError
LibTest/io/RawDatagramSocket/handleError_A03_t02: RuntimeError
LibTest/io/RawDatagramSocket/handleError_A03_t03: RuntimeError
LibTest/io/RawDatagramSocket/handleError_A04_t01: RuntimeError
LibTest/io/RawDatagramSocket/isEmpty_A02_t01: RuntimeError
LibTest/io/RawDatagramSocket/lastWhere_A01_t02: RuntimeError
LibTest/io/RawDatagramSocket/lastWhere_A01_t03: RuntimeError
LibTest/io/RawDatagramSocket/lastWhere_A02_t02: RuntimeError
LibTest/io/RawDatagramSocket/last_A01_t02: RuntimeError
LibTest/io/RawDatagramSocket/last_A02_t01: RuntimeError
LibTest/io/RawDatagramSocket/length_A01_t02: RuntimeError
LibTest/io/RawDatagramSocket/length_A02_t01: RuntimeError
LibTest/io/RawDatagramSocket/listen_A01_t01: RuntimeError
LibTest/io/RawDatagramSocket/listen_A03_t01: RuntimeError
LibTest/io/RawDatagramSocket/listen_A04_t02: RuntimeError
LibTest/io/RawDatagramSocket/map_A01_t02: RuntimeError
LibTest/io/RawDatagramSocket/map_A02_t01: RuntimeError
LibTest/io/RawDatagramSocket/map_A04_t01: RuntimeError
LibTest/io/RawDatagramSocket/map_A04_t02: RuntimeError
LibTest/io/RawDatagramSocket/pipe_A01_t02: RuntimeError
LibTest/io/RawDatagramSocket/readEventsEnable_A01_t02: RuntimeError
LibTest/io/RawDatagramSocket/receive_A02_t01: RuntimeError
LibTest/io/RawDatagramSocket/reduce_A03_t01: RuntimeError
LibTest/io/RawDatagramSocket/send_A01_t01: RuntimeError
LibTest/io/RawDatagramSocket/send_A01_t02: RuntimeError
LibTest/io/RawDatagramSocket/send_A01_t03: RuntimeError, Timeout
LibTest/io/RawDatagramSocket/singleWhere_A01_t02: RuntimeError
LibTest/io/RawDatagramSocket/singleWhere_A02_t01: RuntimeError
LibTest/io/RawDatagramSocket/singleWhere_A03_t01: RuntimeError
LibTest/io/RawDatagramSocket/singleWhere_A03_t02: RuntimeError
LibTest/io/RawDatagramSocket/singleWhere_A03_t03: RuntimeError
LibTest/io/RawDatagramSocket/skipWhile_A01_t01: RuntimeError
LibTest/io/RawDatagramSocket/skipWhile_A02_t01: RuntimeError
LibTest/io/RawDatagramSocket/skipWhile_A02_t03: RuntimeError
LibTest/io/RawDatagramSocket/takeWhile_A01_t01: RuntimeError
LibTest/io/RawDatagramSocket/takeWhile_A01_t02: RuntimeError
LibTest/io/RawDatagramSocket/takeWhile_A01_t04: RuntimeError
LibTest/io/RawDatagramSocket/takeWhile_A01_t05: RuntimeError
LibTest/io/RawDatagramSocket/takeWhile_A02_t01: RuntimeError
LibTest/io/RawDatagramSocket/takeWhile_A03_t01: RuntimeError
LibTest/io/RawDatagramSocket/takeWhile_A05_t01: RuntimeError
LibTest/io/RawDatagramSocket/take_A01_t02: RuntimeError
LibTest/io/RawDatagramSocket/take_A01_t03: RuntimeError
LibTest/io/RawDatagramSocket/take_A01_t04: RuntimeError
LibTest/io/RawDatagramSocket/take_A03_t01: RuntimeError
LibTest/io/RawDatagramSocket/timeout_A01_t01: RuntimeError
LibTest/io/RawDatagramSocket/timeout_A03_t01: RuntimeError
LibTest/io/RawDatagramSocket/timeout_A04_t01: RuntimeError
LibTest/io/RawDatagramSocket/timeout_A06_t01: RuntimeError, Pass
LibTest/io/RawDatagramSocket/toList_A01_t02: RuntimeError
LibTest/io/RawDatagramSocket/transform_A01_t01: RuntimeError
LibTest/io/RawDatagramSocket/transform_A02_t01: RuntimeError
LibTest/io/RawDatagramSocket/where_A01_t01: RuntimeError
LibTest/io/RawDatagramSocket/where_A01_t02: RuntimeError
LibTest/io/RawDatagramSocket/where_A01_t03: RuntimeError
LibTest/io/RawDatagramSocket/where_A02_t01: RuntimeError
LibTest/io/RawDatagramSocket/where_A04_t01: RuntimeError
LibTest/io/Stdin/readByteSync_A02_t01: RuntimeError
LibTest/io/Stdin/readLineSync_A03_t01: RuntimeError, Pass
LibTest/io/Stdin/readLineSync_A03_t03: RuntimeError, Pass
LibTest/io/Stdout/add_A02_t04: RuntimeError, Pass
LibTest/io/WebSocket/pingInterval_A01_t01: RuntimeError, Pass
LibTest/math/acos_A01_t01: RuntimeError
LibTest/math/asin_A01_t01: RuntimeError
LibTest/math/atan_A01_t01: RuntimeError
LibTest/math/cos_A01_t01: RuntimeError

[ $runtime == vm && $system != macos && ($compiler == dartk || $compiler == dartkb) ]
LibTest/io/InternetAddress/lookup_A02_t01: RuntimeError
LibTest/io/InternetAddress/lookup_A03_t01: RuntimeError
LibTest/io/InternetAddress/lookup_A03_t02: RuntimeError
LibTest/io/RawDatagramSocket/receive_A02_t02: RuntimeError

[ $runtime == vm && ($compiler == dartk || $compiler == dartkb) ]
Language/Expressions/Constants/exception_t02/01: MissingRuntimeError
Language/Expressions/Function_Invocation/async_invokation_t02: RuntimeError
Language/Expressions/Logical_Boolean_Expressions/syntax_t01: RuntimeError
Language/Statements/Assert/execution_t08: RuntimeError
Language/Types/Function_Types/call_t01: RuntimeError
LanguageFeatures/Instantiate-to-bound/class/dynamic/class_typedef_l2_t06: RuntimeError
LanguageFeatures/Instantiate-to-bound/class/static/class_FutureOr_l1_t04/none: CompileTimeError
LanguageFeatures/Instantiate-to-bound/class/static/class_typedef_l1_t04/none: CompileTimeError
LanguageFeatures/Instantiate-to-bound/class/static/class_typedef_l1_t04/none: DartkCrash
LanguageFeatures/Instantiate-to-bound/typedef/dynamic/typedef_FutureOr_l1_t02: RuntimeError
LanguageFeatures/Instantiate-to-bound/typedef/dynamic/typedef_l2_01_t01: RuntimeError
LanguageFeatures/Instantiate-to-bound/typedef/dynamic/typedef_l2_01_t05: RuntimeError
LanguageFeatures/Instantiate-to-bound/typedef/dynamic/typedef_l2_01_t10: RuntimeError
LanguageFeatures/Instantiate-to-bound/typedef/dynamic/typedef_l2_01_t11: RuntimeError
LanguageFeatures/Instantiate-to-bound/typedef/dynamic/typedef_l2_01_t14: RuntimeError
LanguageFeatures/Instantiate-to-bound/typedef/dynamic/typedef_l2_02_t01: RuntimeError
LanguageFeatures/Instantiate-to-bound/typedef/dynamic/typedef_l2_02_t02: RuntimeError
LanguageFeatures/Instantiate-to-bound/typedef/dynamic/typedef_l2_02_t10: RuntimeError
LanguageFeatures/Instantiate-to-bound/typedef/dynamic/typedef_l2_02_t11: RuntimeError
LanguageFeatures/Instantiate-to-bound/typedef/dynamic/typedef_l2_02_t13: RuntimeError
LanguageFeatures/Instantiate-to-bound/typedef/dynamic/typedef_l2_03_t03: RuntimeError
LanguageFeatures/Instantiate-to-bound/typedef/dynamic/typedef_l2_03_t04: RuntimeError
LanguageFeatures/Instantiate-to-bound/typedef/dynamic/typedef_l2_03_t05: RuntimeError
LanguageFeatures/Instantiate-to-bound/typedef/dynamic/typedef_l2_03_t13: RuntimeError
LanguageFeatures/Instantiate-to-bound/typedef/dynamic/typedef_l2_03_t15: RuntimeError
LanguageFeatures/Instantiate-to-bound/typedef/dynamic/typedef_l2_04_t01: RuntimeError
LanguageFeatures/Instantiate-to-bound/typedef/dynamic/typedef_l2_04_t04: RuntimeError
LanguageFeatures/Instantiate-to-bound/typedef/dynamic/typedef_l2_04_t05: RuntimeError
LanguageFeatures/Instantiate-to-bound/typedef/dynamic/typedef_l2_04_t10: RuntimeError
LanguageFeatures/Instantiate-to-bound/typedef/dynamic/typedef_l2_04_t11: RuntimeError
LanguageFeatures/Instantiate-to-bound/typedef/dynamic/typedef_l2_04_t13: RuntimeError
LanguageFeatures/Instantiate-to-bound/typedef/dynamic/typedef_l2_04_t14: RuntimeError
LanguageFeatures/Instantiate-to-bound/typedef/dynamic/typedef_l2_04_t15: RuntimeError
LanguageFeatures/Instantiate-to-bound/typedef/dynamic/typedef_l2_05_t02: RuntimeError
LanguageFeatures/Instantiate-to-bound/typedef/dynamic/typedef_l2_05_t04: RuntimeError
LanguageFeatures/Instantiate-to-bound/typedef/dynamic/typedef_l2_05_t10: RuntimeError
LanguageFeatures/Instantiate-to-bound/typedef/dynamic/typedef_l2_06_t01: RuntimeError
LanguageFeatures/Instantiate-to-bound/typedef/dynamic/typedef_l2_06_t03: RuntimeError
LanguageFeatures/Instantiate-to-bound/typedef/dynamic/typedef_l2_06_t04: RuntimeError
LanguageFeatures/Instantiate-to-bound/typedef/dynamic/typedef_l2_06_t05: RuntimeError
LanguageFeatures/Instantiate-to-bound/typedef/dynamic/typedef_l2_06_t10: RuntimeError
LanguageFeatures/Instantiate-to-bound/typedef/dynamic/typedef_l2_06_t13: RuntimeError
LanguageFeatures/Instantiate-to-bound/typedef/dynamic/typedef_l2_06_t14: RuntimeError
LanguageFeatures/Instantiate-to-bound/typedef/dynamic/typedef_l2_t06: RuntimeError
LanguageFeatures/Instantiate-to-bound/typedef/dynamic/typedef_l2_t11: RuntimeError
LanguageFeatures/Instantiate-to-bound/typedef/dynamic/typedef_l2_t12: RuntimeError
LanguageFeatures/Instantiate-to-bound/typedef/dynamic/typedef_l2_t13: RuntimeError
LanguageFeatures/Instantiate-to-bound/typedef/dynamic/typedef_l2_t14: RuntimeError
LanguageFeatures/Instantiate-to-bound/typedef/dynamic/typedef_l2_t15: RuntimeError
LanguageFeatures/Instantiate-to-bound/typedef/dynamic/typedef_l2_t16: RuntimeError
LanguageFeatures/Instantiate-to-bound/typedef/dynamic/typedef_typedef_l1_t02: RuntimeError
LanguageFeatures/Simple-bounds/dynamic/typedef_FutureOr_l1_t02: RuntimeError
LanguageFeatures/Simple-bounds/dynamic/typedef_l1_t07: RuntimeError
LanguageFeatures/Simple-bounds/dynamic/typedef_l1_t12: RuntimeError
LanguageFeatures/Simple-bounds/dynamic/typedef_l2_t02: RuntimeError
LanguageFeatures/regression/33701_t01: MissingCompileTimeError
LanguageFeatures/regression/34803_t01: DartkCrash
LanguageFeatures/regression/34803_t02: DartkCrash
LibTest/async/Stream/Stream.fromIterable_A02_t01: RuntimeError
LibTest/async/StreamSink/addStream_A01_t02: RuntimeError
LibTest/core/Function/Function_class_A01_t01: RuntimeError
LibTest/io/Cookie/Cookie_A01_t04: RuntimeError
LibTest/io/Directory/watch_A01_t01: Fail, Pass
LibTest/io/Directory/watch_A02_t01: Fail
LibTest/io/FileSystemCreateEvent/isDirectory_A01_t01: Fail, Pass
LibTest/io/FileSystemCreateEvent/isDirectory_A01_t02: Fail, Pass
LibTest/io/FileSystemCreateEvent/path_A01_t01: Fail, Pass
LibTest/io/FileSystemEntity/identical_A01_t06: Fail
LibTest/io/FileSystemModifyEvent/isDirectory_A01_t02: Fail
LibTest/io/FileSystemModifyEvent/path_A01_t01: Fail
LibTest/io/FileSystemModifyEvent/type_A01_t02: Fail
LibTest/io/HeaderValue/parse_A03_t01: RuntimeError
LibTest/io/HttpClientRequest/addError_A02_t01: RuntimeError
LibTest/io/HttpClientRequest/addStream_A01_t01: RuntimeError
LibTest/io/HttpClientRequest/addStream_A02_t01: RuntimeError
LibTest/io/HttpClientRequest/add_A03_t02: RuntimeError
LibTest/io/HttpClientRequest/flush_A02_t01: RuntimeError
LibTest/io/HttpClientRequest/flush_A02_t02: RuntimeError
LibTest/io/Link/renameSync_A02_t01: RuntimeError, Pass
LibTest/io/Link/watch_A01_t01: Fail
LibTest/io/NetworkInterface/list_A02_t01: RuntimeError
LibTest/io/NetworkInterface/list_A02_t02: RuntimeError
LibTest/io/NetworkInterface/list_A02_t03: RuntimeError
LibTest/io/Process/exitCode_A01_t01: RuntimeError
LibTest/io/Process/kill_A01_t02: RuntimeError, Pass
LibTest/io/Process/pid_A01_t01: RuntimeError
LibTest/io/Process/start_A01_t02: RuntimeError
LibTest/io/ProcessResult/ProcessResult_A01_t02: RuntimeError
LibTest/io/ProcessResult/ProcessResult_A01_t03: RuntimeError
LibTest/io/ProcessResult/exitCode_A01_t01: RuntimeError
LibTest/io/ProcessResult/exitCode_A01_t02: RuntimeError
LibTest/io/ProcessResult/stderr_A01_t01: RuntimeError
LibTest/io/ProcessResult/stderr_A01_t02: RuntimeError
LibTest/io/ProcessResult/stdout_A01_t01: RuntimeError
LibTest/io/ProcessResult/stdout_A01_t02: RuntimeError
LibTest/io/RandomAccessFile/writeByte_A01_t01: RuntimeError, Pass
LibTest/io/RawDatagramSocket/any_A01_t04: RuntimeError, Pass
LibTest/io/RawDatagramSocket/any_A01_t05: RuntimeError, Pass
LibTest/io/RawDatagramSocket/any_A01_t06: RuntimeError, Pass
LibTest/io/RawDatagramSocket/any_A02_t01: RuntimeError, Pass
LibTest/io/RawDatagramSocket/any_A02_t02: RuntimeError, Pass
LibTest/io/RawDatagramSocket/any_A02_t03: RuntimeError, Pass
LibTest/io/RawDatagramSocket/any_A02_t04: RuntimeError, Pass
LibTest/io/RawDatagramSocket/asBroadcastStream_A01_t03: RuntimeError, Pass
LibTest/io/RawDatagramSocket/asBroadcastStream_A02_t02: Timeout, Pass
LibTest/io/RawDatagramSocket/close_A01_t02: RuntimeError, Pass
LibTest/io/RawDatagramSocket/join_A01_t01: RuntimeError
LibTest/io/RawDatagramSocket/join_A01_t02: RuntimeError
LibTest/io/RawDatagramSocket/reduce_A01_t01: RuntimeError
LibTest/io/RawDatagramSocket/reduce_A02_t02: RuntimeError
LibTest/io/RawDatagramSocket/reduce_A04_t01: RuntimeError
LibTest/io/RawDatagramSocket/single_A02_t01: RuntimeError, Pass
LibTest/io/RawDatagramSocket/single_A03_t01: RuntimeError, Pass
LibTest/io/RawDatagramSocket/skipWhile_A04_t01: RuntimeError, Pass
LibTest/io/WebSocket/connect_A01_t01: RuntimeError
LibTest/io/WebSocket/connect_A01_t02: RuntimeError
LibTest/isolate/Isolate/pause_A01_t01: Timeout, Pass
LibTest/isolate/Isolate/pause_A01_t02: Timeout, Pass
LibTest/isolate/Isolate/ping_A02_t01: Timeout, Pass
LibTest/isolate/Isolate/ping_A03_t01: RuntimeError, Pass
LibTest/isolate/Isolate/ping_A03_t02: RuntimeError, Pass
LibTest/isolate/ReceivePort/firstWhere_A01_t01: RuntimeError
LibTest/isolate/ReceivePort/firstWhere_A02_t01: RuntimeError
LibTest/isolate/ReceivePort/transform_A01_t01: RuntimeError

[ $runtime != vm && $fasta ]
Language/Classes/Constructors/Constant_Constructors/potentially_constant_expression_t01: MissingCompileTimeError # Issue 34192

[ $runtime != vm && ($compiler == dartk || $compiler == dartkb) ]
Language/Classes/Constructors/Constant_Constructors/potentially_constant_expression_t01: Crash
Language/Expressions/Booleans/Boolean_Conversion/definition_t01: RuntimeError
Language/Expressions/Unary_Expressions/variable_negative_t03: RuntimeError
Language/Metadata/before_export_t01: RuntimeError
Language/Metadata/before_import_t01: RuntimeError
Language/Metadata/before_param_t01: RuntimeError
Language/Metadata/before_param_t02: RuntimeError
Language/Metadata/before_param_t03: RuntimeError
Language/Metadata/before_param_t04: RuntimeError
Language/Metadata/before_param_t05: RuntimeError
Language/Metadata/before_param_t07: RuntimeError
Language/Statements/Do/execution_t06: RuntimeError
Language/Statements/For/For_Loop/execution_t11: RuntimeError
Language/Statements/While/execution_t02: RuntimeError
LibTest/collection/LinkedList/add_A01_t01: RuntimeError
LibTest/collection/LinkedList/forEach_A01_t01: RuntimeError
LibTest/collection/LinkedList/map_A01_t01: RuntimeError
LibTest/collection/LinkedList/map_A02_t01: RuntimeError
LibTest/collection/LinkedList/map_A03_t01: RuntimeError
LibTest/collection/LinkedList/reduce_A01_t01: RuntimeError
LibTest/collection/LinkedList/reduce_A03_t01: RuntimeError
LibTest/collection/LinkedList/reduce_A04_t01: RuntimeError
LibTest/collection/LinkedList/singleWhere_A01_t01: RuntimeError
LibTest/collection/LinkedList/singleWhere_A02_t01: RuntimeError
LibTest/collection/LinkedList/singleWhere_A02_t02: RuntimeError
LibTest/collection/LinkedList/skipWhile_A01_t01: RuntimeError
LibTest/collection/LinkedList/skipWhile_A03_t01: RuntimeError
LibTest/collection/LinkedList/skipWhile_A04_t01: RuntimeError
LibTest/collection/LinkedList/skipWhile_A05_t01: RuntimeError
LibTest/collection/LinkedList/takeWhile_A01_t01: RuntimeError
LibTest/collection/LinkedList/takeWhile_A01_t02: RuntimeError
LibTest/collection/LinkedList/takeWhile_A02_t01: RuntimeError
LibTest/collection/LinkedList/takeWhile_A03_t01: RuntimeError
LibTest/collection/LinkedList/take_A01_t01: RuntimeError
LibTest/collection/LinkedList/take_A03_t01: RuntimeError
LibTest/collection/LinkedList/where_A01_t01: RuntimeError
LibTest/collection/LinkedList/where_A02_t01: RuntimeError
LibTest/io/Directory/watch_A01_t01: RuntimeError
LibTest/io/Directory/watch_A01_t02: RuntimeError
LibTest/io/Directory/watch_A02_t01: RuntimeError
LibTest/io/FileSystemCreateEvent/isDirectory_A01_t01: RuntimeError
LibTest/io/FileSystemCreateEvent/isDirectory_A01_t02: RuntimeError
LibTest/io/FileSystemCreateEvent/isDirectory_A01_t04: RuntimeError
LibTest/io/FileSystemCreateEvent/path_A01_t01: RuntimeError
LibTest/io/FileSystemCreateEvent/type_A01_t01: RuntimeError
LibTest/io/FileSystemCreateEvent/type_A01_t02: RuntimeError
LibTest/io/FileSystemCreateEvent/type_A01_t03: RuntimeError
LibTest/io/FileSystemDeleteEvent/isDirectory_A01_t01: RuntimeError
LibTest/io/FileSystemDeleteEvent/isDirectory_A01_t02: RuntimeError
LibTest/io/FileSystemDeleteEvent/isDirectory_A01_t03: RuntimeError
LibTest/io/FileSystemDeleteEvent/isDirectory_A01_t04: RuntimeError
LibTest/io/FileSystemDeleteEvent/isDirectory_A01_t05: RuntimeError
LibTest/io/FileSystemDeleteEvent/path_A01_t01: RuntimeError
LibTest/io/FileSystemDeleteEvent/path_A01_t02: RuntimeError
LibTest/io/FileSystemDeleteEvent/path_A01_t03: RuntimeError
LibTest/io/FileSystemDeleteEvent/type_A01_t01: RuntimeError
LibTest/io/FileSystemDeleteEvent/type_A01_t02: RuntimeError
LibTest/io/FileSystemDeleteEvent/type_A01_t03: RuntimeError
LibTest/io/FileSystemModifyEvent/isDirectory_A01_t01: RuntimeError
LibTest/io/FileSystemModifyEvent/path_A01_t02: RuntimeError
LibTest/io/FileSystemModifyEvent/type_A01_t01: RuntimeError
LibTest/io/FileSystemMoveEvent/destination_A01_t01: RuntimeError
LibTest/io/FileSystemMoveEvent/destination_A01_t02: RuntimeError
LibTest/io/FileSystemMoveEvent/destination_A01_t03: RuntimeError
LibTest/io/FileSystemMoveEvent/isDirectory_A01_t01: RuntimeError
LibTest/io/FileSystemMoveEvent/isDirectory_A01_t02: RuntimeError
LibTest/io/FileSystemMoveEvent/isDirectory_A01_t03: RuntimeError
LibTest/io/FileSystemMoveEvent/path_A01_t01: RuntimeError
LibTest/io/FileSystemMoveEvent/path_A01_t02: RuntimeError
LibTest/io/FileSystemMoveEvent/path_A01_t03: RuntimeError
LibTest/io/FileSystemMoveEvent/type_A01_t01: RuntimeError
LibTest/io/FileSystemMoveEvent/type_A01_t02: RuntimeError
LibTest/io/FileSystemMoveEvent/type_A01_t03: RuntimeError
LibTest/io/HttpClient/autoUncompress_A02_t01: RuntimeError
LibTest/io/HttpClient/autoUncompress_A04_t01: RuntimeError
LibTest/io/HttpClient/autoUncompress_A04_t03: RuntimeError
LibTest/io/HttpServer/autoCompress_A02_t01: RuntimeError
LibTest/io/RandomAccessFile/lockSync_A01_t02: RuntimeError
LibTest/io/RandomAccessFile/lockSync_A02_t01: RuntimeError
LibTest/io/RandomAccessFile/lockSync_A02_t02: RuntimeError
LibTest/io/RandomAccessFile/lockSync_A02_t03: RuntimeError
LibTest/io/RandomAccessFile/lockSync_A02_t04: RuntimeError
LibTest/io/RandomAccessFile/lockSync_A03_t01: RuntimeError
LibTest/io/RandomAccessFile/lockSync_A03_t02: RuntimeError
LibTest/io/RandomAccessFile/lockSync_A03_t03: RuntimeError
LibTest/io/RandomAccessFile/lockSync_A04_t01: RuntimeError
LibTest/io/RandomAccessFile/lockSync_A04_t02: RuntimeError
LibTest/io/RandomAccessFile/lockSync_A04_t03: RuntimeError
LibTest/io/RandomAccessFile/lockSync_A04_t04: RuntimeError
LibTest/io/RandomAccessFile/lockSync_A05_t01: RuntimeError
LibTest/io/RandomAccessFile/lock_A01_t02: RuntimeError
LibTest/io/RandomAccessFile/lock_A01_t03: RuntimeError
LibTest/io/RandomAccessFile/lock_A01_t04: RuntimeError
LibTest/io/RandomAccessFile/lock_A02_t01: RuntimeError
LibTest/io/RandomAccessFile/lock_A02_t03: RuntimeError
LibTest/io/RandomAccessFile/lock_A03_t01: RuntimeError
LibTest/io/RandomAccessFile/lock_A03_t03: RuntimeError
LibTest/io/RandomAccessFile/lock_A04_t01: RuntimeError
LibTest/io/RandomAccessFile/lock_A04_t02: RuntimeError
LibTest/io/RandomAccessFile/lock_A04_t04: RuntimeError
LibTest/io/RandomAccessFile/lock_A05_t01: RuntimeError
LibTest/io/RandomAccessFile/lock_A05_t02: RuntimeError
LibTest/io/RandomAccessFile/unlockSync_A01_t01: RuntimeError
LibTest/io/RandomAccessFile/unlockSync_A01_t02: RuntimeError
LibTest/io/RandomAccessFile/unlockSync_A01_t03: RuntimeError
LibTest/io/RandomAccessFile/unlock_A01_t02: RuntimeError
LibTest/io/RandomAccessFile/unlock_A01_t04: RuntimeError
LibTest/io/RandomAccessFile/unlock_A02_t01: RuntimeError
LibTest/io/RawDatagramSocket/any_A01_t04: Timeout
LibTest/io/RawDatagramSocket/any_A01_t05: RuntimeError
LibTest/io/Stdin/readByteSync_A01_t02: RuntimeError
LibTest/io/Stdin/supportsAnsiEscapes_A02_t01: RuntimeError
LibTest/io/Stdout/supportsAnsiEscapes_A02_t01: RuntimeError
LibTest/io/Stdout/writeAll_A02_t05: RuntimeError
LibTest/io/Stdout/writeCharCode_A01_t03: RuntimeError
LibTest/isolate/Isolate/ping_A03_t02: RuntimeError, Pass
LibTest/isolate/Isolate/ping_A03_t02: RuntimeError
LibTest/isolate/ReceivePort/any_A01_t01: RuntimeError
LibTest/isolate/ReceivePort/firstWhere_A03_t02: RuntimeError
LibTest/isolate/ReceivePort/lastWhere_A04_t01: RuntimeError
LibTest/isolate/ReceivePort/singleWhere_A02_t01: RuntimeError
LibTest/typed_data/Float32x4List/first_A01_t02: RuntimeError
LibTest/typed_data/Float32x4List/last_A01_t02: RuntimeError
LibTest/typed_data/Float64List/first_A01_t02: RuntimeError
LibTest/typed_data/Float64List/last_A01_t02: RuntimeError
LibTest/typed_data/Float64x2List/first_A01_t02: RuntimeError
LibTest/typed_data/Float64x2List/last_A01_t02: RuntimeError
LibTest/typed_data/Int16List/first_A01_t02: RuntimeError
LibTest/typed_data/Int16List/last_A01_t02: RuntimeError
LibTest/typed_data/Int32List/first_A01_t02: RuntimeError
LibTest/typed_data/Int32List/last_A01_t02: RuntimeError
LibTest/typed_data/Int32x4List/first_A01_t02: RuntimeError
LibTest/typed_data/Int32x4List/last_A01_t02: RuntimeError
LibTest/typed_data/Int64List/first_A01_t02: RuntimeError
LibTest/typed_data/Int64List/last_A01_t02: RuntimeError
LibTest/typed_data/Int8List/first_A01_t02: RuntimeError
LibTest/typed_data/Int8List/last_A01_t02: RuntimeError
LibTest/typed_data/Uint16List/first_A01_t02: RuntimeError
LibTest/typed_data/Uint16List/last_A01_t02: RuntimeError
LibTest/typed_data/Uint32List/first_A01_t02: RuntimeError
LibTest/typed_data/Uint32List/last_A01_t02: RuntimeError
LibTest/typed_data/Uint64List/first_A01_t02: RuntimeError
LibTest/typed_data/Uint8ClampedList/first_A01_t02: RuntimeError
LibTest/typed_data/Uint8ClampedList/last_A01_t02: RuntimeError
LibTest/typed_data/Uint8List/first_A01_t02: RuntimeError
LibTest/typed_data/Uint8List/last_A01_t02: RuntimeError

[ $compiler == dartk || $compiler == dartkb ]
Language/Expressions/Additive_Expressions/syntax_t01: RuntimeError
Language/Expressions/Assignment/null_aware_assignment_static_type_t01: RuntimeError
Language/Expressions/Function_Invocation/async_generator_invokation_t08: Fail
Language/Expressions/Function_Invocation/async_generator_invokation_t10: Fail
Language/Expressions/Instance_Creation/Const/canonicalized_t05: RuntimeError
Language/Expressions/Instance_Creation/New/evaluation_t19: RuntimeError
Language/Expressions/Instance_Creation/New/evaluation_t20: RuntimeError
Language/Expressions/Lists/identical_t02: RuntimeError
Language/Expressions/Maps/identical_t02: RuntimeError
Language/Expressions/Object_Identity/string_t01: RuntimeError
Language/Expressions/Strings/adjacent_strings_t02: RuntimeError
Language/Expressions/Type_Cast/syntax_t01: RuntimeError
Language/Functions/External_Functions/not_connected_to_a_body_t01: RuntimeError
Language/Libraries_and_Scripts/Imports/deferred_import_t01: RuntimeError
Language/Libraries_and_Scripts/Parts/compilation_t03: RuntimeError
Language/Libraries_and_Scripts/Parts/compilation_t05: RuntimeError
Language/Libraries_and_Scripts/Scripts/top_level_main_t01: Crash, Pass
Language/Metadata/before_param_t09: RuntimeError
Language/Metadata/before_type_param_t01: RuntimeError
Language/Metadata/before_typedef_t01: RuntimeError
Language/Overview/Privacy/private_and_public_t18: RuntimeError
Language/Statements/Assert/execution_t03: RuntimeError
Language/Statements/Assert/execution_t09: RuntimeError
Language/Statements/Assert/execution_t11: RuntimeError
Language/Statements/For/For_in/execution_t02: RuntimeError
Language/Statements/Yield_and_Yield_Each/Yield_Each/execution_async_t08: RuntimeError
Language/Statements/Yield_and_Yield_Each/Yield_Each/execution_async_t09: RuntimeError
Language/Statements/Yield_and_Yield_Each/Yield_Each/execution_async_t10: RuntimeError
Language/Statements/Yield_and_Yield_Each/Yield_Each/execution_sync_t05: RuntimeError
Language/Types/Function_Types/subtype_named_args_t01: RuntimeError
Language/Types/Function_Types/subtype_named_args_t02: RuntimeError
Language/Types/Function_Types/subtype_named_args_t03: RuntimeError
Language/Types/Function_Types/subtype_named_args_t04: RuntimeError
Language/Types/Function_Types/subtype_named_args_t11: RuntimeError
Language/Types/Function_Types/subtype_named_args_t12: RuntimeError
Language/Types/Function_Types/subtype_no_args_t04: RuntimeError
Language/Types/Function_Types/subtype_optional_args_t01: RuntimeError
Language/Types/Function_Types/subtype_optional_args_t02: RuntimeError
Language/Types/Function_Types/subtype_optional_args_t03: RuntimeError
Language/Types/Function_Types/subtype_optional_args_t04: RuntimeError
Language/Types/Function_Types/subtype_required_args_t01: RuntimeError
Language/Types/Function_Types/subtype_required_args_t02: RuntimeError
Language/Types/Interface_Types/subtype_t02: RuntimeError
Language/Types/Interface_Types/subtype_t03: RuntimeError
Language/Types/Interface_Types/subtype_t06: RuntimeError
Language/Types/Interface_Types/subtype_t17: RuntimeError
Language/Types/Interface_Types/subtype_t21: RuntimeError
Language/Types/Interface_Types/subtype_t22: RuntimeError
Language/Types/Interface_Types/subtype_t23: RuntimeError
Language/Types/Interface_Types/subtype_t26: RuntimeError
Language/Variables/constant_initialization_t03: RuntimeError
Language/Variables/constant_variable_t09: RuntimeError
LanguageFeatures/Instantiate-to-bound/class/dynamic/class_typedef_l1_t02: RuntimeError
LanguageFeatures/Instantiate-to-bound/typedef/dynamic/typedef_l1_t02: RuntimeError
LanguageFeatures/Instantiate-to-bound/typedef/dynamic/typedef_l2_t01: RuntimeError
LibTest/async/Future/asStream_A01_t02: RuntimeError
LibTest/async/Stream/Stream.fromFutures_A04_t03: RuntimeError
LibTest/async/Stream/Stream.fromIterable_A03_t02: RuntimeError
LibTest/async/Stream/Stream.periodic_A04_t03: RuntimeError
LibTest/async/StreamController/StreamController.broadcast_A03_t02: RuntimeError
LibTest/async/StreamController/StreamController.broadcast_A09_t03: RuntimeError
LibTest/async/StreamController/StreamController.broadcast_A10_t03: RuntimeError
LibTest/async/StreamController/StreamController_A03_t03: RuntimeError
LibTest/async/StreamController/stream_A02_t03: RuntimeError
LibTest/async/StreamController/stream_A03_t03: RuntimeError
LibTest/collection/DoubleLinkedQueue/removeWhere_A02_t02: RuntimeError
LibTest/collection/DoubleLinkedQueue/removeWhere_A02_t03: RuntimeError
LibTest/collection/DoubleLinkedQueue/retainWhere_A02_t02: RuntimeError
LibTest/collection/DoubleLinkedQueue/retainWhere_A02_t03: RuntimeError
LibTest/convert/ByteConversionSink/ByteConversionSink_class_A01_t01: RuntimeError
LibTest/convert/LineSplitter/fuse_A01_t01: RuntimeError
LibTest/convert/StringConversionSink/asStringSink_A02_t01: RuntimeError
LibTest/convert/StringConversionSink/asUtf8Sink_A02_t01: RuntimeError
LibTest/convert/Utf8Codec/Utf8Codec_A01_t02: RuntimeError
LibTest/convert/Utf8Codec/Utf8Codec_A01_t03: RuntimeError
LibTest/convert/Utf8Codec/decode_A03_t01: RuntimeError
LibTest/convert/Utf8Codec/decode_A03_t02: RuntimeError
LibTest/convert/Utf8Decoder/Utf8Decoder_A02_t01: RuntimeError
LibTest/convert/Utf8Decoder/Utf8Decoder_A02_t02: RuntimeError
LibTest/core/AssertionError/AssertionError_A01_t01: RuntimeError
LibTest/core/AssertionError/message_A01_t01: RuntimeError
LibTest/core/AssertionError/toString_A01_t01: RuntimeError
LibTest/core/RegExp/Pattern_semantics/firstMatch_CharacterEscape_A06_t02: RuntimeError
LibTest/core/RegExp/Pattern_semantics/firstMatch_DecimalEscape_A01_t02: RuntimeError
LibTest/core/RegExp/Pattern_semantics/firstMatch_NonEmptyClassRanges_A01_t01: RuntimeError
LibTest/core/StackOverflowError/stackTrace_A01_t01: RuntimeError
LibTest/core/StackOverflowError/stackTrace_A01_t02: RuntimeError
LibTest/core/Symbol/Symbol_A01_t03: RuntimeError
LibTest/core/Symbol/Symbol_A01_t04: RuntimeError
LibTest/core/Symbol/Symbol_A01_t05: RuntimeError
LibTest/core/Uri/Uri.dataFromBytes_A01_t01: RuntimeError
LibTest/core/Uri/Uri.dataFromBytes_A01_t02: RuntimeError
LibTest/core/Uri/Uri.dataFromBytes_A01_t03: RuntimeError
LibTest/core/Uri/Uri.dataFromBytes_A01_t04: RuntimeError
LibTest/core/Uri/Uri.dataFromBytes_A01_t05: RuntimeError
LibTest/core/Uri/Uri.dataFromString_A01_t01: RuntimeError
LibTest/core/Uri/Uri.dataFromString_A01_t02: RuntimeError
LibTest/core/Uri/Uri.dataFromString_A01_t03: RuntimeError
LibTest/core/Uri/Uri.dataFromString_A01_t04: RuntimeError
LibTest/core/Uri/Uri.dataFromString_A01_t05: RuntimeError
LibTest/core/Uri/Uri.dataFromString_A02_t01: RuntimeError
LibTest/core/Uri/Uri.dataFromString_A02_t03: RuntimeError
LibTest/core/Uri/Uri.directory_A05_t01: RuntimeError
LibTest/core/Uri/Uri.file_A02_t03: RuntimeError
LibTest/core/Uri/parse_A07_t01: RuntimeError
LibTest/core/Uri/queryParametersAll_A01_t01: RuntimeError
LibTest/core/Uri/queryParametersAll_A01_t02: RuntimeError
LibTest/core/Uri/queryParametersAll_A01_t04: RuntimeError
LibTest/core/Uri/queryParametersAll_A03_t01: RuntimeError
LibTest/core/Uri/queryParametersAll_A04_t01: RuntimeError
LibTest/core/UriData/UriData.fromBytes_A01_t03: RuntimeError
LibTest/core/UriData/UriData.fromString_A02_t03: RuntimeError
LibTest/core/UriData/UriData.fromUri_A01_t03: RuntimeError
LibTest/core/UriData/charset_A01_t01: RuntimeError
LibTest/core/UriData/contentText_A01_t01: RuntimeError
LibTest/core/UriData/isBase64_A01_t01: RuntimeError
LibTest/core/UriData/parse_A01_t01: RuntimeError
LibTest/core/UriData/toString_A01_t01: RuntimeError
LibTest/io/CompressionOptions/DEFAULT_A01_t01: RuntimeError
LibTest/io/Cookie/Cookie_A01_t01: RuntimeError
LibTest/io/Cookie/Cookie_A01_t02: RuntimeError
LibTest/io/Cookie/domain_A01_t02: RuntimeError
LibTest/io/Cookie/name_A01_t02: RuntimeError
LibTest/io/Cookie/path_A01_t02: RuntimeError
LibTest/io/Directory/deleteSync_A02_t06: RuntimeError
LibTest/io/Directory/delete_A02_t05: RuntimeError
LibTest/io/Directory/existsSync_A02_t02: RuntimeError
LibTest/io/Directory/exists_A02_t02: RuntimeError
LibTest/io/Directory/statSync_A01_t05: RuntimeError
LibTest/io/Directory/stat_A01_t05: RuntimeError
LibTest/io/File/statSync_A01_t05: RuntimeError
LibTest/io/File/stat_A01_t05: RuntimeError
LibTest/io/FileStat/changed_A01_t01: RuntimeError
LibTest/io/FileStat/modeString_A01_t01: RuntimeError
LibTest/io/FileStat/mode_A01_t01: RuntimeError
LibTest/io/FileStat/modified_A01_t01: RuntimeError
LibTest/io/FileSystemCreateEvent/path_A01_t02: RuntimeError, Fail, Pass
LibTest/io/FileSystemCreateEvent/path_A01_t03: RuntimeError, Fail, Pass, Timeout
LibTest/io/FileSystemEntity/isDirectorySync_A01_t03: RuntimeError
LibTest/io/FileSystemEntity/isDirectory_A01_t03: RuntimeError
LibTest/io/FileSystemEntity/isFileSync_A01_t03: RuntimeError
LibTest/io/FileSystemEntity/isFile_A01_t03: RuntimeError
LibTest/io/FileSystemModifyEvent/path_A01_t01: RuntimeError
LibTest/io/HttpClient/addCredentials_A03_t01: RuntimeError
LibTest/io/HttpClient/addProxyCredentials_A03_t01: RuntimeError
LibTest/io/HttpClient/authenticateProxy_A01_t01: RuntimeError
LibTest/io/HttpClient/authenticateProxy_A01_t02: RuntimeError
LibTest/io/HttpClient/authenticateProxy_A02_t01: RuntimeError
LibTest/io/HttpClient/authenticate_A01_t01: RuntimeError
LibTest/io/HttpClient/authenticate_A01_t02: RuntimeError
LibTest/io/HttpClient/authenticate_A02_t01: RuntimeError
LibTest/io/HttpClient/close_A01_t01: RuntimeError
LibTest/io/HttpClient/findProxy_A01_t01: RuntimeError
LibTest/io/HttpClient/findProxy_A01_t02: RuntimeError
LibTest/io/HttpClient/findProxy_A02_t01: RuntimeError
LibTest/io/HttpClient/findProxy_A02_t02: RuntimeError
LibTest/io/HttpClient/findProxy_A03_t01: RuntimeError
LibTest/io/HttpClient/findProxy_A03_t02: RuntimeError
LibTest/io/HttpClientBasicCredentials/HttpClientBasicCredentials_A01_t01: RuntimeError
LibTest/io/HttpClientDigestCredentials/HttpClientDigestCredentials_A01_t01: RuntimeError
LibTest/io/HttpClientRequest/addStream_A02_t02: RuntimeError
LibTest/io/HttpClientRequest/add_A03_t01: RuntimeError
LibTest/io/HttpClientRequest/done_A02_t01: RuntimeError, Timeout, Pass
LibTest/io/HttpClientResponse/certificate_A01_t01: RuntimeError
LibTest/io/HttpClientResponse/isRedirect_A01_t02: RuntimeError
LibTest/io/HttpServer/bind_A02_t03: RuntimeError
LibTest/io/HttpServer/bind_A03_t01: RuntimeError
LibTest/io/HttpServer/bind_A03_t02: RuntimeError
LibTest/io/HttpServer/bind_A05_t02: Fail
LibTest/io/HttpServer/isBroadcast_A01_t01: RuntimeError
LibTest/io/IOSink/IOSink_class_A01_t01: RuntimeError
LibTest/io/IOSink/IOSink_class_A02_t01: RuntimeError
LibTest/io/IOSink/addError_A01_t01: RuntimeError
LibTest/io/IOSink/addError_A01_t02: RuntimeError
LibTest/io/IOSink/addError_A01_t03: RuntimeError
LibTest/io/IOSink/addError_A01_t04: RuntimeError
LibTest/io/IOSink/addError_A02_t01: RuntimeError
LibTest/io/IOSink/addError_A02_t02: RuntimeError
LibTest/io/IOSink/addError_A03_t01: RuntimeError
LibTest/io/IOSink/addStream_A01_t01: RuntimeError
LibTest/io/IOSink/addStream_A02_t01: RuntimeError
LibTest/io/IOSink/addStream_A02_t02: RuntimeError
LibTest/io/IOSink/add_A01_t01: RuntimeError
LibTest/io/IOSink/add_A01_t02: RuntimeError
LibTest/io/IOSink/add_A02_t01: RuntimeError
LibTest/io/IOSink/add_A03_t01: RuntimeError
LibTest/io/IOSink/add_A03_t02: RuntimeError
LibTest/io/IOSink/add_A04_t01: RuntimeError
LibTest/io/IOSink/close_A01_t01: RuntimeError
LibTest/io/IOSink/close_A01_t02: RuntimeError
LibTest/io/IOSink/close_A02_t01: RuntimeError
LibTest/io/IOSink/flush_A01_t01: RuntimeError
LibTest/io/IOSink/flush_A02_t01: RuntimeError
LibTest/io/IOSink/writeAll_A01_t01: RuntimeError
LibTest/io/IOSink/writeAll_A01_t02: RuntimeError
LibTest/io/IOSink/writeAll_A01_t03: RuntimeError
LibTest/io/IOSink/writeAll_A01_t04: RuntimeError
LibTest/io/IOSink/writeAll_A02_t01: RuntimeError
LibTest/io/IOSink/writeAll_A02_t02: RuntimeError
LibTest/io/IOSink/writeAll_A02_t03: RuntimeError
LibTest/io/IOSink/writeAll_A02_t04: RuntimeError
LibTest/io/IOSink/writeAll_A02_t05: RuntimeError
LibTest/io/IOSink/writeCharCode_A01_t01: RuntimeError
LibTest/io/IOSink/writeCharCode_A01_t02: RuntimeError
LibTest/io/IOSink/writeCharCode_A01_t03: RuntimeError
LibTest/io/IOSink/write_A01_t01: RuntimeError
LibTest/io/IOSink/write_A01_t02: RuntimeError
LibTest/io/IOSink/write_A01_t03: RuntimeError
LibTest/io/IOSink/write_A01_t04: RuntimeError
LibTest/io/IOSink/write_A01_t05: RuntimeError
LibTest/io/IOSink/write_A01_t06: RuntimeError
LibTest/io/IOSink/write_A01_t07: RuntimeError
LibTest/io/IOSink/writeln_A01_t01: RuntimeError
LibTest/io/IOSink/writeln_A01_t02: RuntimeError
LibTest/io/InternetAddress/reverse_A01_t01: RuntimeError
LibTest/io/Link/renameSync_A02_t03: RuntimeError
LibTest/io/Link/rename_A02_t03: RuntimeError
LibTest/io/Link/statSync_A01_t01: RuntimeError
LibTest/io/Link/watch_A01_t01: RuntimeError
LibTest/io/Process/run_A01_t02: RuntimeError
LibTest/io/Process/stderr_A01_t01: RuntimeError
LibTest/io/Process/stdin_A01_t01: RuntimeError
LibTest/io/Process/stdout_A01_t01: RuntimeError
LibTest/io/ProcessResult/pid_A01_t01: RuntimeError
LibTest/io/RawDatagramSocket/any_A01_t01: RuntimeError, Pass
LibTest/io/RawDatagramSocket/any_A01_t05: Timeout
LibTest/io/RawDatagramSocket/any_A01_t06: Timeout
LibTest/io/RawDatagramSocket/any_A01_t07: Timeout
LibTest/io/RawDatagramSocket/any_A01_t08: Timeout
LibTest/io/RawDatagramSocket/asBroadcastStream_A03_t01: Timeout, Pass
LibTest/io/RawDatagramSocket/join_A02_t01: RuntimeError
LibTest/io/RawDatagramSocket/multicastInterface_A01_t01: RuntimeError
LibTest/io/RawDatagramSocket/skipWhile_A04_t01: RuntimeError, Pass
LibTest/io/Stdin/echoMode_A01_t01: RuntimeError
LibTest/io/Stdin/echoMode_A01_t02: RuntimeError
LibTest/io/Stdin/lineMode_A01_t01: RuntimeError
LibTest/io/Stdin/lineMode_A01_t02: RuntimeError
LibTest/io/SystemEncoding/name_A01_t01: RuntimeError
LibTest/io/WebSocket/isEmpty_A01_t01: RuntimeError
LibTest/io/WebSocketTransformer/bind_A01_t01: RuntimeError
LibTest/io/ZLibDecoder/fuse_A01_t01: RuntimeError
LibTest/io/ZLibEncoder/fuse_A01_t01: RuntimeError
LibTest/isolate/Isolate/addOnExitListener_A04_t01: RuntimeError
LibTest/isolate/Isolate/kill_A01_t01: Timeout, Pass
LibTest/isolate/Isolate/ping_A01_t01: Timeout, Pass
LibTest/isolate/Isolate/ping_A04_t01: RuntimeError
LibTest/isolate/Isolate/spawnUri_A05_t04: RuntimeError, Pass
LibTest/isolate/Isolate/spawn_A04_t04: RuntimeError, Pass
LibTest/isolate/ReceivePort/lastWhere_A01_t01: RuntimeError
LibTest/isolate/ReceivePort/transform_A01_t02: RuntimeError
LibTest/isolate/SendPort/send_A01_t02: Crash
LibTest/isolate/SendPort/send_A01_t03: Crash
LibTest/math/MutableRectangle/MutableRectangle_A03_t04: RuntimeError
LibTest/math/MutableRectangle/height_A03_t02: RuntimeError
LibTest/math/MutableRectangle/width_A03_t02: RuntimeError
LibTest/math/Rectangle/Rectangle_A03_t04: RuntimeError
Utils/tests/Expect/throws_A01_t04: RuntimeError

# It makes no sense to run any test that uses spawnURI under the simulator
# as that would involve running CFE (the front end) in simulator mode
# to compile the URI file specified in spawnURI code.
# These Isolate tests that use spawnURI are hence skipped on purpose.
[ $runtime == dart_precompiled || $runtime == vm && ($arch == simarm || $arch == simarm64 || $arch == simdbc64) ]
LibTest/isolate/Isolate/spawnUri*: Skip
