# Copyright (c) 2016, the Dart project authors.  Please see the AUTHORS file
# for details. All rights reserved. Use of this source code is governed by a
# BSD-style license that can be found in the LICENSE file.

[ $compiler == fasta ]
Language/Classes/definition_t24: MissingCompileTimeError
Language/Functions/Formal_Parameters/Optional_Formals/default_value_t01: MissingCompileTimeError
Language/Functions/Formal_Parameters/Optional_Formals/default_value_t02: MissingCompileTimeError
Language/Types/Type_Void/syntax_t08: MissingCompileTimeError
Language/Types/Type_Void/syntax_t09: MissingCompileTimeError
LayoutTests/*: Skip # TODO(ahe): Make dart:html available.
LibTest/collection/Maps/*: Skip # Maps class no longer exists.
LibTest/html/*: Skip # TODO(ahe): Make dart:html available.
WebPlatformTest/*: Skip # TODO(ahe): Make dart:html available.

[ $compiler != dart2js && $fasta && !$strong ]
Language/Classes/Constructors/Constant_Constructors/initializer_not_a_constant_t03: MissingCompileTimeError
Language/Classes/Constructors/Generative_Constructors/execution_t05: MissingCompileTimeError
Language/Expressions/Constants/bitwise_operators_t02: MissingCompileTimeError
Language/Expressions/Constants/exception_t04: MissingCompileTimeError
Language/Expressions/Constants/literal_number_t01: CompileTimeError
Language/Expressions/Constants/literal_string_t02: MissingCompileTimeError
Language/Expressions/Constants/logical_expression_t03: MissingCompileTimeError
Language/Expressions/Constants/math_operators_t01: CompileTimeError
Language/Expressions/Constants/math_operators_t04: MissingCompileTimeError
Language/Expressions/Constants/math_operators_t06: CompileTimeError
Language/Expressions/Numbers/static_type_of_int_t01: CompileTimeError
Language/Expressions/Numbers/syntax_t10: CompileTimeError
Language/Expressions/This/placement_t04: MissingCompileTimeError
LibTest/core/double/isInfinite_A01_t03: CompileTimeError
LibTest/core/int/abs_A01_t01: CompileTimeError
LibTest/core/int/ceilToDouble_A01_t01: CompileTimeError
LibTest/core/int/ceil_A01_t01: CompileTimeError
LibTest/core/int/floorToDouble_A01_t01: CompileTimeError
LibTest/core/int/floor_A01_t01: CompileTimeError
LibTest/core/int/isInfinite_A01_t01: CompileTimeError
LibTest/core/int/isNaN_A01_t01: CompileTimeError
LibTest/core/int/isNegative_A01_t01: CompileTimeError
LibTest/core/int/operator_GE_A01_t01: CompileTimeError
LibTest/core/int/operator_LE_A01_t01: CompileTimeError
LibTest/core/int/operator_division_A01_t01: CompileTimeError
LibTest/core/int/operator_multiplication_A01_t01: CompileTimeError
LibTest/core/int/operator_remainder_A01_t02: CompileTimeError
LibTest/core/int/operator_subtraction_A01_t01: CompileTimeError
LibTest/core/int/operator_truncating_division_A01_t01: CompileTimeError
LibTest/core/int/operator_unary_minus_A01_t01: CompileTimeError
LibTest/core/int/parse_A01_t01: CompileTimeError
LibTest/core/int/remainder_A01_t02: CompileTimeError
LibTest/core/int/roundToDouble_A01_t01: CompileTimeError
LibTest/core/int/round_A01_t01: CompileTimeError
LibTest/core/int/toInt_A01_t01: CompileTimeError
LibTest/core/int/truncateToDouble_A01_t01: CompileTimeError
LibTest/core/int/truncate_A01_t01: CompileTimeError
LibTest/math/pow_A10_t01: CompileTimeError

[ $compiler == fasta && $strong ]
Language/Classes/Constructors/Constant_Constructors/initializer_not_a_constant_t01: MissingCompileTimeError
Language/Classes/Constructors/Constant_Constructors/initializer_not_a_constant_t02: MissingCompileTimeError
Language/Classes/Constructors/Constant_Constructors/invalid_constant_initializer_t02: MissingCompileTimeError
Language/Classes/Instance_Methods/same_name_setter_t02: CompileTimeError # Issue 14736
Language/Classes/Setters/name_t03: CompileTimeError
Language/Classes/Setters/name_t04: CompileTimeError
Language/Classes/Setters/name_t06: CompileTimeError
Language/Classes/Superinterfaces/more_than_once_t01: MissingCompileTimeError
Language/Classes/Superinterfaces/superclass_as_superinterface_t01: MissingCompileTimeError
Language/Classes/same_name_instance_and_static_members_t01: MissingCompileTimeError
Language/Classes/same_name_instance_and_static_members_t02: MissingCompileTimeError
Language/Classes/same_name_instance_and_static_members_t03: MissingCompileTimeError
Language/Classes/same_name_instance_and_static_members_t04: MissingCompileTimeError
Language/Expressions/Constants/exception_t01: MissingCompileTimeError
Language/Expressions/Constants/exception_t03: MissingCompileTimeError
Language/Expressions/Constants/no_other_constant_expressions_t11: MissingCompileTimeError
Language/Expressions/Constants/ternary_operator_t02: MissingCompileTimeError
Language/Expressions/Instance_Creation/Const/exception_t01: MissingCompileTimeError
Language/Interfaces/Superinterfaces/Inheritance_and_Overriding/same_name_members_t01: CompileTimeError
Language/Interfaces/Superinterfaces/Inheritance_and_Overriding/same_name_method_and_getter_t01: CompileTimeError
Language/Interfaces/Superinterfaces/Inheritance_and_Overriding/same_name_method_and_getter_t02: CompileTimeError
Language/Metadata/compilation_t03: MissingCompileTimeError

[ $compiler == fasta && !$strong ]
Language/Classes/Constructors/Constant_Constructors/initializer_not_a_constant_t01: MissingCompileTimeError
Language/Classes/Constructors/Constant_Constructors/initializer_not_a_constant_t02: MissingCompileTimeError
Language/Classes/Constructors/Constant_Constructors/invalid_constant_initializer_t02: MissingCompileTimeError
Language/Classes/Constructors/Generative_Constructors/execution_of_an_initializer_t02: MissingCompileTimeError
Language/Classes/Constructors/Generative_Constructors/initializing_formals_execution_t02: MissingCompileTimeError
Language/Classes/Getters/same_name_method_t03: MissingCompileTimeError
Language/Classes/Getters/same_name_method_t04: MissingCompileTimeError
Language/Classes/Getters/same_name_method_t05: MissingCompileTimeError
Language/Classes/Getters/same_name_method_t07: MissingCompileTimeError
Language/Classes/Superinterfaces/more_than_once_t01: MissingCompileTimeError
Language/Classes/Superinterfaces/superclass_as_superinterface_t01: MissingCompileTimeError
Language/Classes/same_name_instance_and_static_members_t01: MissingCompileTimeError
Language/Classes/same_name_instance_and_static_members_t02: MissingCompileTimeError
Language/Classes/same_name_instance_and_static_members_t03: MissingCompileTimeError
Language/Classes/same_name_instance_and_static_members_t04: MissingCompileTimeError
Language/Expressions/Constants/bitwise_operators_t05: MissingCompileTimeError
Language/Expressions/Constants/depending_on_itself_t01: MissingCompileTimeError
Language/Expressions/Constants/depending_on_itself_t02: MissingCompileTimeError
Language/Expressions/Constants/exception_t01: MissingCompileTimeError
Language/Expressions/Constants/exception_t03: MissingCompileTimeError
Language/Expressions/Constants/exception_t05: MissingCompileTimeError
Language/Expressions/Constants/logical_expression_t02: MissingCompileTimeError
Language/Expressions/Constants/logical_expression_t04: MissingCompileTimeError
Language/Expressions/Constants/math_operators_t02: MissingCompileTimeError
Language/Expressions/Constants/math_operators_t03: MissingCompileTimeError
Language/Expressions/Constants/no_other_constant_expressions_t11: MissingCompileTimeError
Language/Expressions/Constants/ternary_operator_t02: MissingCompileTimeError
Language/Expressions/Instance_Creation/Const/exception_t01: MissingCompileTimeError
Language/Metadata/compilation_t03: MissingCompileTimeError
Language/Mixins/Mixin_Application/error_t01: MissingCompileTimeError
Language/Mixins/Mixin_Application/error_t02: MissingCompileTimeError

[ $fasta && $strong ]
Language/Classes/Abstract_Instance_Members/inherited_t01: CompileTimeError
Language/Classes/Abstract_Instance_Members/inherited_t02: CompileTimeError
Language/Classes/Abstract_Instance_Members/inherited_t03: CompileTimeError
Language/Classes/Abstract_Instance_Members/inherited_t04: CompileTimeError
Language/Classes/Abstract_Instance_Members/inherited_t05: CompileTimeError
Language/Classes/Abstract_Instance_Members/inherited_t06: CompileTimeError
Language/Classes/Abstract_Instance_Members/invocation_t01: CompileTimeError
Language/Classes/Abstract_Instance_Members/invocation_t02: CompileTimeError
Language/Classes/Abstract_Instance_Members/no_implementation_t01: CompileTimeError
Language/Classes/Abstract_Instance_Members/override_default_value_t06: CompileTimeError
Language/Classes/Abstract_Instance_Members/override_less_positional_parameters_t01: CompileTimeError
Language/Classes/Abstract_Instance_Members/override_less_positional_parameters_t02: CompileTimeError
Language/Classes/Abstract_Instance_Members/override_more_required_parameters_t01: CompileTimeError
Language/Classes/Abstract_Instance_Members/override_more_required_parameters_t02: CompileTimeError
Language/Classes/Abstract_Instance_Members/override_more_required_parameters_t03: CompileTimeError
Language/Classes/Abstract_Instance_Members/override_more_required_parameters_t04: CompileTimeError
Language/Classes/Abstract_Instance_Members/override_no_named_parameters_t01: CompileTimeError
Language/Classes/Abstract_Instance_Members/override_no_named_parameters_t05: CompileTimeError
Language/Classes/Abstract_Instance_Members/override_no_named_parameters_t06: CompileTimeError
Language/Classes/Abstract_Instance_Members/override_not_a_subtype_t01: CompileTimeError
Language/Classes/Abstract_Instance_Members/override_not_a_subtype_t02: CompileTimeError
Language/Classes/Abstract_Instance_Members/override_not_a_subtype_t03: CompileTimeError
Language/Classes/Abstract_Instance_Members/override_not_a_subtype_t04: CompileTimeError
Language/Classes/Constructors/Constant_Constructors/initializer_not_a_constant_t03: MissingCompileTimeError
Language/Classes/Constructors/Constant_Constructors/potentially_constant_expression_t01: MissingCompileTimeError
Language/Classes/Constructors/Factories/accessible_class_t01/01: CompileTimeError
Language/Classes/Constructors/Factories/accessible_class_t02/01: CompileTimeError
Language/Classes/Constructors/Factories/accessible_class_t03/01: CompileTimeError
Language/Classes/Constructors/Factories/accessible_class_t04/01: CompileTimeError
Language/Classes/Constructors/Factories/accessible_class_t04/02: CompileTimeError
Language/Classes/Constructors/Factories/const_modifier_t01: MissingCompileTimeError
Language/Classes/Constructors/Factories/const_modifier_t02: MissingCompileTimeError
Language/Classes/Constructors/Factories/default_value_t01: MissingCompileTimeError
Language/Classes/Constructors/Factories/default_value_t02: MissingCompileTimeError
Language/Classes/Constructors/Factories/function_type_t02: CompileTimeError
Language/Classes/Constructors/Factories/name_t03: MissingCompileTimeError
Language/Classes/Constructors/Factories/name_t05: MissingCompileTimeError
Language/Classes/Constructors/Factories/redirecting_constructor_call_t01: CompileTimeError
Language/Classes/Constructors/Factories/redirecting_constructor_call_t02: CompileTimeError
Language/Classes/Constructors/Factories/return_type_t02: CompileTimeError
Language/Classes/Constructors/Factories/return_type_t03: CompileTimeError
Language/Classes/Constructors/Factories/return_type_t06: CompileTimeError
Language/Classes/Constructors/Factories/return_type_t07: CompileTimeError
Language/Classes/Constructors/Factories/return_wrong_type_t01: CompileTimeError
Language/Classes/Constructors/Factories/return_wrong_type_t02: CompileTimeError
Language/Classes/Constructors/Factories/return_wrong_type_t03: CompileTimeError
Language/Classes/Constructors/Factories/return_wrong_type_t04: CompileTimeError
Language/Classes/Constructors/Factories/syntax_t01: CompileTimeError
Language/Classes/Constructors/Generative_Constructors/execution_of_an_initializer_t03: CompileTimeError
Language/Classes/Constructors/Generative_Constructors/execution_of_an_initializer_t04: CompileTimeError
Language/Classes/Constructors/Generative_Constructors/execution_t04: MissingCompileTimeError
Language/Classes/Constructors/Generative_Constructors/execution_t05: MissingCompileTimeError
Language/Classes/Constructors/Generative_Constructors/execution_t06: MissingCompileTimeError
Language/Classes/Constructors/Generative_Constructors/execution_t07: MissingCompileTimeError
Language/Classes/Constructors/Generative_Constructors/execution_t12: MissingCompileTimeError
Language/Classes/Constructors/Generative_Constructors/explicit_type_t01: CompileTimeError
Language/Classes/Constructors/Generative_Constructors/explicit_type_t02: CompileTimeError
Language/Classes/Constructors/Generative_Constructors/initializers_t15: CompileTimeError
Language/Classes/Constructors/Generative_Constructors/initializing_this_t03: CompileTimeError
Language/Classes/Constructors/Generative_Constructors/redirection_t03: MissingCompileTimeError
Language/Classes/Constructors/Generative_Constructors/redirection_t07: MissingCompileTimeError
Language/Classes/Constructors/Generative_Constructors/redirection_t08: MissingCompileTimeError
Language/Classes/Constructors/implicit_constructor_t03: CompileTimeError
Language/Classes/Getters/override_t01: CompileTimeError
Language/Classes/Getters/override_t04: CompileTimeError
Language/Classes/Getters/static_getter_t02: CompileTimeError
Language/Classes/Getters/static_t01: CompileTimeError
Language/Classes/Getters/type_object_t01: CompileTimeError
Language/Classes/Getters/type_object_t02: CompileTimeError
Language/Classes/Instance_Methods/Operators/syntax_t01: CompileTimeError
Language/Classes/Instance_Methods/override_fewer_parameters_t01: CompileTimeError
Language/Classes/Instance_Methods/override_fewer_parameters_t02: CompileTimeError
Language/Classes/Instance_Methods/override_more_parameters_t01: CompileTimeError
Language/Classes/Instance_Methods/override_more_parameters_t02: CompileTimeError
Language/Classes/Instance_Methods/override_named_parameters_t01: CompileTimeError
Language/Classes/Instance_Methods/override_named_parameters_t02: CompileTimeError
Language/Classes/Instance_Methods/override_named_parameters_t05: CompileTimeError
Language/Classes/Instance_Methods/override_subtype_t01: CompileTimeError
Language/Classes/Instance_Methods/override_subtype_t02: CompileTimeError
Language/Classes/Instance_Methods/override_subtype_t03: CompileTimeError
Language/Classes/Instance_Methods/override_subtype_t04: CompileTimeError
Language/Classes/Instance_Methods/override_subtype_t05: CompileTimeError
Language/Classes/Instance_Methods/override_subtype_t06: CompileTimeError
Language/Classes/Instance_Variables/constant_t01: MissingCompileTimeError
Language/Classes/Instance_Variables/definition_t03: CompileTimeError
Language/Classes/Setters/name_t01: CompileTimeError
Language/Classes/Setters/name_t05: CompileTimeError
Language/Classes/Setters/override_t01: CompileTimeError
Language/Classes/Setters/override_t03: CompileTimeError
Language/Classes/Setters/same_name_getter_different_type_t02: CompileTimeError
Language/Classes/Setters/type_object_t01: CompileTimeError
Language/Classes/Setters/type_object_t02: CompileTimeError
Language/Classes/Static_Methods/declaration_t03: CompileTimeError
Language/Classes/Static_Methods/type_object_t01: CompileTimeError
Language/Classes/Static_Methods/type_object_t02: CompileTimeError
Language/Classes/Static_Variables/inheritance_t01: CompileTimeError
Language/Classes/Superclasses/Inheritance_and_Overriding/abstract_method_t01/01: CompileTimeError
Language/Classes/Superclasses/Inheritance_and_Overriding/inheritance_t03: CompileTimeError
Language/Classes/Superclasses/Inheritance_and_Overriding/inheritance_t05: CompileTimeError
Language/Classes/Superclasses/Inheritance_and_Overriding/inheritance_t06: CompileTimeError
Language/Classes/Superclasses/wrong_superclass_t08: MissingCompileTimeError
Language/Classes/Superinterfaces/implicit_interface_t01: CompileTimeError
Language/Classes/Superinterfaces/implicit_interface_t02: CompileTimeError
Language/Classes/Superinterfaces/no_member_t01: CompileTimeError
Language/Classes/Superinterfaces/no_member_t02: CompileTimeError
Language/Classes/Superinterfaces/no_member_t05: CompileTimeError
Language/Classes/Superinterfaces/wrong_type_t05: MissingCompileTimeError
Language/Classes/definition_t24: MissingCompileTimeError
Language/Classes/method_definition_t03: CompileTimeError
Language/Classes/method_definition_t04: CompileTimeError
Language/Classes/method_definition_t05: CompileTimeError
Language/Classes/same_name_instance_and_static_members_t02: Pass
Language/Classes/same_name_instance_and_static_members_t04: Pass
Language/Classes/same_name_type_variable_t04: MissingCompileTimeError
Language/Classes/same_name_type_variable_t07: MissingCompileTimeError
Language/Enums/declaration_equivalent_t03: CompileTimeError
Language/Enums/declaration_equivalent_t05: CompileTimeError
Language/Enums/declaration_equivalent_t08: CompileTimeError
Language/Errors_and_Warnings/static_warning_t01: CompileTimeError
Language/Expressions/Additive_Expressions/syntax_t01/01: CompileTimeError
Language/Expressions/Additive_Expressions/syntax_t01/03: CompileTimeError
Language/Expressions/Additive_Expressions/syntax_t01/05: CompileTimeError
Language/Expressions/Additive_Expressions/syntax_t01/06: CompileTimeError
Language/Expressions/Additive_Expressions/syntax_t01/07: CompileTimeError
Language/Expressions/Additive_Expressions/syntax_t01/08: CompileTimeError
Language/Expressions/Additive_Expressions/syntax_t01/10: CompileTimeError
Language/Expressions/Additive_Expressions/syntax_t01/11: CompileTimeError
Language/Expressions/Additive_Expressions/syntax_t01/14: CompileTimeError
Language/Expressions/Additive_Expressions/syntax_t07/01: CompileTimeError
Language/Expressions/Additive_Expressions/syntax_t08/01: CompileTimeError
Language/Expressions/Additive_Expressions/syntax_t11/01: CompileTimeError
Language/Expressions/Additive_Expressions/syntax_t12/01: CompileTimeError
Language/Expressions/Additive_Expressions/syntax_t13/01: CompileTimeError
Language/Expressions/Additive_Expressions/syntax_t14/01: CompileTimeError
Language/Expressions/Assignable_Expressions/syntax_t01/01: CompileTimeError
Language/Expressions/Assignable_Expressions/syntax_t01/02: CompileTimeError
Language/Expressions/Assignable_Expressions/syntax_t01/03: CompileTimeError
Language/Expressions/Assignable_Expressions/syntax_t01/04: CompileTimeError
Language/Expressions/Assignable_Expressions/syntax_t01/05: CompileTimeError
Language/Expressions/Assignable_Expressions/syntax_t01/06: CompileTimeError
Language/Expressions/Assignable_Expressions/syntax_t01/07: CompileTimeError
Language/Expressions/Assignable_Expressions/syntax_t01/08: CompileTimeError
Language/Expressions/Assignable_Expressions/syntax_t01/09: CompileTimeError
Language/Expressions/Assignable_Expressions/syntax_t01/10: CompileTimeError
Language/Expressions/Assignable_Expressions/syntax_t01/11: CompileTimeError
Language/Expressions/Assignable_Expressions/syntax_t01/14: CompileTimeError
Language/Expressions/Assignable_Expressions/syntax_t01/15: CompileTimeError
Language/Expressions/Assignable_Expressions/syntax_t01/17: CompileTimeError
Language/Expressions/Assignable_Expressions/syntax_t01/22: CompileTimeError
Language/Expressions/Assignable_Expressions/syntax_t01/24: CompileTimeError
Language/Expressions/Assignable_Expressions/syntax_t01/25: CompileTimeError
Language/Expressions/Assignable_Expressions/syntax_t01/26: CompileTimeError
Language/Expressions/Assignable_Expressions/syntax_t01/27: CompileTimeError
Language/Expressions/Assignable_Expressions/syntax_t01/30: CompileTimeError
Language/Expressions/Assignable_Expressions/syntax_t01/31: CompileTimeError
Language/Expressions/Assignable_Expressions/syntax_t01/32: CompileTimeError
Language/Expressions/Assignable_Expressions/syntax_t01/33: CompileTimeError
Language/Expressions/Assignable_Expressions/syntax_t01/34: CompileTimeError
Language/Expressions/Assignable_Expressions/syntax_t01/35: CompileTimeError
Language/Expressions/Assignable_Expressions/syntax_t01/36: CompileTimeError
Language/Expressions/Assignable_Expressions/syntax_t01/37: CompileTimeError
Language/Expressions/Assignable_Expressions/syntax_t01/38: CompileTimeError
Language/Expressions/Assignable_Expressions/syntax_t01/39: CompileTimeError
Language/Expressions/Assignable_Expressions/syntax_t01/42: CompileTimeError
Language/Expressions/Assignable_Expressions/syntax_t01/43: CompileTimeError
Language/Expressions/Assignable_Expressions/syntax_t06/01: CompileTimeError
Language/Expressions/Assignable_Expressions/syntax_t08/01: CompileTimeError
Language/Expressions/Assignable_Expressions/syntax_t09/01: CompileTimeError
Language/Expressions/Assignable_Expressions/syntax_t26/01: CompileTimeError
Language/Expressions/Assignable_Expressions/syntax_t26/02: CompileTimeError
Language/Expressions/Assignment/Compound_Assignment/null_aware_static_warning_compound_t01/01: CompileTimeError
Language/Expressions/Assignment/Compound_Assignment/null_aware_static_warning_expression_t01/01: CompileTimeError
Language/Expressions/Assignment/Compound_Assignment/null_aware_static_warning_indexed_t01/01: CompileTimeError
Language/Expressions/Assignment/Compound_Assignment/null_aware_static_warning_static_t01/01: CompileTimeError
Language/Expressions/Assignment/Compound_Assignment/null_aware_static_warning_super_t01/01: CompileTimeError
Language/Expressions/Assignment/Compound_Assignment/null_aware_static_warning_variable_t01/01: CompileTimeError
Language/Expressions/Assignment/expression_assignment_dynamic_error_t01: CompileTimeError
Language/Expressions/Assignment/expression_assignment_dynamic_error_t02: CompileTimeError
Language/Expressions/Assignment/expression_assignment_failed_t01: CompileTimeError
Language/Expressions/Assignment/expression_assignment_failed_t02: CompileTimeError
Language/Expressions/Assignment/expression_assignment_failed_t03: CompileTimeError
Language/Expressions/Assignment/expression_assignment_failed_t04: CompileTimeError
Language/Expressions/Assignment/expression_assignment_failed_t05: CompileTimeError
Language/Expressions/Assignment/expression_assignment_failed_t06: CompileTimeError
Language/Expressions/Assignment/expression_assignment_static_type_t01: CompileTimeError
Language/Expressions/Assignment/expression_assignment_static_type_t02: CompileTimeError
Language/Expressions/Assignment/expression_assignment_static_type_t03: CompileTimeError
Language/Expressions/Assignment/expression_assignment_static_warning_t01: CompileTimeError
Language/Expressions/Assignment/expression_assignment_static_warning_t02: CompileTimeError
Language/Expressions/Assignment/expression_assignment_static_warning_t03: CompileTimeError
Language/Expressions/Assignment/expression_assignment_t04: CompileTimeError
Language/Expressions/Assignment/expression_assignment_t07: CompileTimeError
Language/Expressions/Assignment/expression_assignment_t08: CompileTimeError
Language/Expressions/Assignment/expression_assignment_value_t02: CompileTimeError
Language/Expressions/Assignment/indexed_expression_static_type_t02/01: CompileTimeError
Language/Expressions/Assignment/indexed_expression_super_static_type_t02/01: CompileTimeError
Language/Expressions/Assignment/indexed_expression_super_t03: CompileTimeError
Language/Expressions/Assignment/indexed_expression_super_t04: CompileTimeError
Language/Expressions/Assignment/indexed_expression_t03: CompileTimeError
Language/Expressions/Assignment/indexed_expression_t04: CompileTimeError
Language/Expressions/Assignment/no_such_method_t01: CompileTimeError
Language/Expressions/Assignment/no_such_method_t02: CompileTimeError
Language/Expressions/Assignment/no_such_method_t03: CompileTimeError
Language/Expressions/Assignment/no_such_method_t04: CompileTimeError
Language/Expressions/Assignment/no_such_method_t05: CompileTimeError
Language/Expressions/Assignment/no_such_method_t06: CompileTimeError
Language/Expressions/Assignment/no_such_method_t07: CompileTimeError
Language/Expressions/Assignment/no_such_method_t08: CompileTimeError
Language/Expressions/Assignment/no_such_method_t09: CompileTimeError
Language/Expressions/Assignment/null_aware_assignment_static_type_t01: CompileTimeError
Language/Expressions/Assignment/null_aware_assignment_static_warning_t01/01: CompileTimeError
Language/Expressions/Assignment/static_assignment_t03: CompileTimeError
Language/Expressions/Assignment/static_type_t01: CompileTimeError
Language/Expressions/Assignment/static_type_t02: CompileTimeError
Language/Expressions/Assignment/static_type_t03: CompileTimeError
Language/Expressions/Assignment/static_type_t06: CompileTimeError
Language/Expressions/Assignment/static_warning_t01/01: CompileTimeError
Language/Expressions/Assignment/static_warning_t02/01: CompileTimeError
Language/Expressions/Assignment/static_warning_t03/01: CompileTimeError
Language/Expressions/Assignment/static_warning_t04/01: CompileTimeError
Language/Expressions/Assignment/super_assignment_dynamic_error_t01: CompileTimeError
Language/Expressions/Assignment/super_assignment_failed_t01: CompileTimeError
Language/Expressions/Assignment/super_assignment_failed_t02: CompileTimeError
Language/Expressions/Assignment/super_assignment_failed_t03: CompileTimeError
Language/Expressions/Assignment/super_assignment_failed_t04: CompileTimeError
Language/Expressions/Assignment/super_assignment_failed_t05: CompileTimeError
Language/Expressions/Assignment/super_assignment_static_type_t01: CompileTimeError
Language/Expressions/Assignment/super_assignment_static_warning_t01: CompileTimeError
Language/Expressions/Assignment/super_assignment_static_warning_t02: CompileTimeError
Language/Expressions/Assignment/super_assignment_static_warning_t03: CompileTimeError
Language/Expressions/Assignment/super_assignment_static_warning_t04/01: CompileTimeError
Language/Expressions/Assignment/super_assignment_t06: CompileTimeError
Language/Expressions/Assignment/super_assignment_value_t02: CompileTimeError
Language/Expressions/Assignment/this_assignment_t02: CompileTimeError
Language/Expressions/Assignment/top_level_assignment_t05: CompileTimeError
Language/Expressions/Assignment/variable_assignment_dynamic_error_t01: CompileTimeError
Language/Expressions/Assignment/variable_assignment_static_type_t01: CompileTimeError
Language/Expressions/Assignment/variable_assignment_static_type_t02: CompileTimeError
Language/Expressions/Assignment/variable_assignment_static_type_t03: CompileTimeError
Language/Expressions/Assignment/variable_assignment_static_type_t04/01: CompileTimeError
Language/Expressions/Assignment/variable_assignment_t03: CompileTimeError
Language/Expressions/Assignment/variable_assignment_t04: CompileTimeError
Language/Expressions/Await_Expressions/evaluation_throws_t05: CompileTimeError
Language/Expressions/Await_Expressions/static_type_t02: CompileTimeError
Language/Expressions/Await_Expressions/static_type_t04: CompileTimeError
Language/Expressions/Bitwise_Expressions/syntax_t01/01: CompileTimeError
Language/Expressions/Bitwise_Expressions/syntax_t01/02: CompileTimeError
Language/Expressions/Bitwise_Expressions/syntax_t01/03: CompileTimeError
Language/Expressions/Bitwise_Expressions/syntax_t01/04: CompileTimeError
Language/Expressions/Bitwise_Expressions/syntax_t01/05: CompileTimeError
Language/Expressions/Bitwise_Expressions/syntax_t01/06: CompileTimeError
Language/Expressions/Bitwise_Expressions/syntax_t01/07: CompileTimeError
Language/Expressions/Bitwise_Expressions/syntax_t01/11: CompileTimeError
Language/Expressions/Bitwise_Expressions/syntax_t01/12: CompileTimeError
Language/Expressions/Bitwise_Expressions/syntax_t01/13: CompileTimeError
Language/Expressions/Bitwise_Expressions/syntax_t01/14: CompileTimeError
Language/Expressions/Bitwise_Expressions/syntax_t01/15: CompileTimeError
Language/Expressions/Bitwise_Expressions/syntax_t01/16: CompileTimeError
Language/Expressions/Bitwise_Expressions/syntax_t01/17: CompileTimeError
Language/Expressions/Bitwise_Expressions/syntax_t01/18: CompileTimeError
Language/Expressions/Bitwise_Expressions/syntax_t01/19: CompileTimeError
Language/Expressions/Bitwise_Expressions/syntax_t01/20: CompileTimeError
Language/Expressions/Bitwise_Expressions/syntax_t01/24: CompileTimeError
Language/Expressions/Bitwise_Expressions/syntax_t12/01: CompileTimeError
Language/Expressions/Bitwise_Expressions/syntax_t13/01: CompileTimeError
Language/Expressions/Bitwise_Expressions/syntax_t14: CompileTimeError
Language/Expressions/Bitwise_Expressions/syntax_t15/01: CompileTimeError
Language/Expressions/Bitwise_Expressions/syntax_t16/01: CompileTimeError
Language/Expressions/Bitwise_Expressions/syntax_t17/01: CompileTimeError
Language/Expressions/Booleans/Boolean_Conversion/conversion_t01: CompileTimeError
Language/Expressions/Booleans/Boolean_Conversion/definition_t01: CompileTimeError
Language/Expressions/Booleans/Boolean_Conversion/definition_t02: CompileTimeError
Language/Expressions/Booleans/Boolean_Conversion/definition_t03: CompileTimeError
Language/Expressions/Booleans/static_type_t02: CompileTimeError
Language/Expressions/Conditional/evaluation_t01: CompileTimeError
Language/Expressions/Conditional/evaluation_t03: CompileTimeError
Language/Expressions/Conditional/evaluation_t04: CompileTimeError
Language/Expressions/Conditional/static_type_t02: CompileTimeError
Language/Expressions/Conditional/static_type_t03: CompileTimeError
Language/Expressions/Conditional/syntax_t01/01: CompileTimeError
Language/Expressions/Conditional/syntax_t01/03: CompileTimeError
Language/Expressions/Conditional/syntax_t01/05: CompileTimeError
Language/Expressions/Conditional/syntax_t01/06: CompileTimeError
Language/Expressions/Conditional/syntax_t01/07: CompileTimeError
Language/Expressions/Conditional/syntax_t01/08: CompileTimeError
Language/Expressions/Conditional/syntax_t01/09: CompileTimeError
Language/Expressions/Conditional/syntax_t01/10: CompileTimeError
Language/Expressions/Conditional/syntax_t01/11: CompileTimeError
Language/Expressions/Conditional/syntax_t01/12: CompileTimeError
Language/Expressions/Conditional/syntax_t01/14: CompileTimeError
Language/Expressions/Conditional/syntax_t10/01: CompileTimeError
Language/Expressions/Conditional/syntax_t12/01: CompileTimeError
Language/Expressions/Conditional/syntax_t14/01: CompileTimeError
Language/Expressions/Conditional/type_not_bool_t01: CompileTimeError
Language/Expressions/Conditional/type_t06: CompileTimeError
Language/Expressions/Conditional/type_t07: CompileTimeError
Language/Expressions/Conditional/type_t08: CompileTimeError
Language/Expressions/Conditional/type_t09: CompileTimeError
Language/Expressions/Constants/depending_on_itself_t03: MissingCompileTimeError
Language/Expressions/Constants/equals_expression_t03: MissingCompileTimeError
Language/Expressions/Constants/exception_t04: MissingCompileTimeError
Language/Expressions/Constants/literal_number_t01: CompileTimeError
Language/Expressions/Constants/literal_string_t02: MissingCompileTimeError
Language/Expressions/Constants/math_operators_t01: CompileTimeError
Language/Expressions/Constants/math_operators_t06: CompileTimeError
Language/Expressions/Equality/static_type_t02: CompileTimeError
Language/Expressions/Equality/syntax_t01/01: CompileTimeError
Language/Expressions/Equality/syntax_t01/02: CompileTimeError
Language/Expressions/Equality/syntax_t01/04: CompileTimeError
Language/Expressions/Equality/syntax_t01/05: CompileTimeError
Language/Expressions/Equality/syntax_t01/06: CompileTimeError
Language/Expressions/Equality/syntax_t01/07: CompileTimeError
Language/Expressions/Function_Expressions/static_type_dynamic_async_t02: CompileTimeError
Language/Expressions/Function_Expressions/static_type_dynamic_async_t03: CompileTimeError
Language/Expressions/Function_Expressions/static_type_dynamic_asyncs_t02: CompileTimeError
Language/Expressions/Function_Expressions/static_type_dynamic_asyncs_t03: CompileTimeError
Language/Expressions/Function_Expressions/static_type_dynamic_syncs_t02: CompileTimeError
Language/Expressions/Function_Expressions/static_type_dynamic_syncs_t03: CompileTimeError
Language/Expressions/Function_Expressions/static_type_dynamic_t02: CompileTimeError
Language/Expressions/Function_Expressions/static_type_dynamic_t03: CompileTimeError
Language/Expressions/Function_Expressions/static_type_dynamic_t04: CompileTimeError
Language/Expressions/Function_Expressions/static_type_dynamic_t05: CompileTimeError
Language/Expressions/Function_Expressions/static_type_form_1_async_t02: CompileTimeError
Language/Expressions/Function_Expressions/static_type_form_1_async_t03: CompileTimeError
Language/Expressions/Function_Expressions/static_type_form_1_t02: CompileTimeError
Language/Expressions/Function_Expressions/static_type_form_1_t03: CompileTimeError
Language/Expressions/Function_Expressions/static_type_form_1_t04: CompileTimeError
Language/Expressions/Function_Expressions/static_type_form_2_async_t02: CompileTimeError
Language/Expressions/Function_Expressions/static_type_form_2_async_t03: CompileTimeError
Language/Expressions/Function_Expressions/static_type_form_2_t02: CompileTimeError
Language/Expressions/Function_Expressions/static_type_form_2_t03: CompileTimeError
Language/Expressions/Function_Expressions/static_type_form_2_t04: CompileTimeError
Language/Expressions/Function_Expressions/static_type_form_3_async_t02: CompileTimeError
Language/Expressions/Function_Expressions/static_type_form_3_async_t03: CompileTimeError
Language/Expressions/Function_Expressions/static_type_form_3_asyncs_t02: CompileTimeError
Language/Expressions/Function_Expressions/static_type_form_3_asyncs_t03: CompileTimeError
Language/Expressions/Function_Expressions/static_type_form_3_syncs_t02: CompileTimeError
Language/Expressions/Function_Expressions/static_type_form_3_syncs_t03: CompileTimeError
Language/Expressions/Function_Expressions/static_type_form_3_t02: CompileTimeError
Language/Expressions/Function_Expressions/static_type_form_3_t03: CompileTimeError
Language/Expressions/Function_Expressions/static_type_form_3_t04: CompileTimeError
Language/Expressions/Function_Expressions/syntax_t05: CompileTimeError
Language/Expressions/Function_Invocation/Actual_Argument_List_Evaluation/syntax_t01: CompileTimeError
Language/Expressions/Function_Invocation/Binding_Actuals_to_Formals/actual_type_not_a_subtype_t01: CompileTimeError
Language/Expressions/Function_Invocation/Binding_Actuals_to_Formals/actual_type_t01: CompileTimeError
Language/Expressions/Function_Invocation/Binding_Actuals_to_Formals/binding_t01: CompileTimeError
Language/Expressions/Function_Invocation/Binding_Actuals_to_Formals/binding_t04: CompileTimeError
Language/Expressions/Function_Invocation/Binding_Actuals_to_Formals/binding_t05: CompileTimeError
Language/Expressions/Function_Invocation/Binding_Actuals_to_Formals/names_matching_t01/01: CompileTimeError
Language/Expressions/Function_Invocation/Binding_Actuals_to_Formals/names_matching_t02/01: CompileTimeError
Language/Expressions/Function_Invocation/Binding_Actuals_to_Formals/names_matching_t03/01: CompileTimeError
Language/Expressions/Function_Invocation/Binding_Actuals_to_Formals/names_matching_t04/01: CompileTimeError
Language/Expressions/Function_Invocation/Binding_Actuals_to_Formals/number_of_arguments_t01/01: CompileTimeError
Language/Expressions/Function_Invocation/Binding_Actuals_to_Formals/number_of_arguments_t02/01: CompileTimeError
Language/Expressions/Function_Invocation/Binding_Actuals_to_Formals/number_of_arguments_t03/01: CompileTimeError
Language/Expressions/Function_Invocation/Binding_Actuals_to_Formals/number_of_arguments_t04/01: CompileTimeError
Language/Expressions/Function_Invocation/Binding_Actuals_to_Formals/number_of_arguments_t05/01: CompileTimeError
Language/Expressions/Function_Invocation/Binding_Actuals_to_Formals/number_of_arguments_t06/01: CompileTimeError
Language/Expressions/Function_Invocation/Binding_Actuals_to_Formals/number_of_arguments_t07/01: CompileTimeError
Language/Expressions/Function_Invocation/Binding_Actuals_to_Formals/number_of_arguments_t08/01: CompileTimeError
Language/Expressions/Function_Invocation/Binding_Actuals_to_Formals/optional_parameter_type_t01: CompileTimeError
Language/Expressions/Function_Invocation/Binding_Actuals_to_Formals/optional_parameter_type_t02: CompileTimeError
Language/Expressions/Function_Invocation/Binding_Actuals_to_Formals/optional_parameter_type_t03: CompileTimeError
Language/Expressions/Function_Invocation/Binding_Actuals_to_Formals/optional_parameter_type_t04: CompileTimeError
Language/Expressions/Function_Invocation/Binding_Actuals_to_Formals/wrong_static_type_t01: CompileTimeError
Language/Expressions/Function_Invocation/Binding_Actuals_to_Formals/wrong_static_type_t02: CompileTimeError
Language/Expressions/Function_Invocation/Binding_Actuals_to_Formals/wrong_static_type_t03: CompileTimeError
Language/Expressions/Function_Invocation/Binding_Actuals_to_Formals/wrong_static_type_t04: CompileTimeError
Language/Expressions/Function_Invocation/Function_Expression_Invocation/invocation_t02: CompileTimeError
Language/Expressions/Function_Invocation/Function_Expression_Invocation/not_a_function_expression_t01: CompileTimeError
Language/Expressions/Function_Invocation/Function_Expression_Invocation/property_extraction_t02: CompileTimeError
Language/Expressions/Function_Invocation/Function_Expression_Invocation/static_type_dynamic_t02: CompileTimeError
Language/Expressions/Function_Invocation/Function_Expression_Invocation/static_type_t01: CompileTimeError
Language/Expressions/Function_Invocation/Function_Expression_Invocation/static_type_t02: CompileTimeError
Language/Expressions/Function_Invocation/Unqualified_Invocation/function_expr_invocation_t05: CompileTimeError
Language/Expressions/Function_Invocation/Unqualified_Invocation/instance_context_invocation_t01: CompileTimeError
Language/Expressions/Function_Invocation/Unqualified_Invocation/instance_context_invocation_t02: CompileTimeError
Language/Expressions/Function_Invocation/Unqualified_Invocation/static_context_invocation_t01: CompileTimeError
Language/Expressions/Function_Invocation/Unqualified_Invocation/static_context_invocation_t02: CompileTimeError
Language/Expressions/Function_Invocation/Unqualified_Invocation/static_context_invocation_t03: CompileTimeError
Language/Expressions/Function_Invocation/Unqualified_Invocation/static_method_invocation_t02: CompileTimeError
Language/Expressions/Function_Invocation/async_cleanup_t01: CompileTimeError
Language/Expressions/Function_Invocation/async_cleanup_t02: CompileTimeError
Language/Expressions/Function_Invocation/async_cleanup_t03: CompileTimeError
Language/Expressions/Function_Invocation/async_cleanup_t04: CompileTimeError
Language/Expressions/Function_Invocation/async_cleanup_t05: CompileTimeError
Language/Expressions/Function_Invocation/async_cleanup_t06: CompileTimeError
Language/Expressions/Function_Invocation/async_cleanup_t07: CompileTimeError
Language/Expressions/Function_Invocation/async_cleanup_t08: CompileTimeError
Language/Expressions/Identifier_Reference/built_in_identifier_t02: CompileTimeError
Language/Expressions/Identifier_Reference/evaluation_function_t02: CompileTimeError
Language/Expressions/Identifier_Reference/evaluation_library_or_getter_t02: CompileTimeError
Language/Expressions/Identifier_Reference/evaluation_library_or_getter_t05: CompileTimeError
Language/Expressions/Identifier_Reference/evaluation_property_extraction_t01: CompileTimeError
Language/Expressions/Identifier_Reference/evaluation_property_extraction_t03: CompileTimeError
Language/Expressions/Identifier_Reference/evaluation_property_extraction_t04: CompileTimeError
Language/Expressions/Identifier_Reference/evaluation_static_t02: CompileTimeError
Language/Expressions/Identifier_Reference/evaluation_undeclared_identifier_t01: CompileTimeError
Language/Expressions/Identifier_Reference/undeclared_identifier_t01: CompileTimeError
Language/Expressions/Identifier_Reference/undeclared_identifier_t02: CompileTimeError
Language/Expressions/Identifier_Reference/undeclared_identifier_t03: CompileTimeError
Language/Expressions/Identifier_Reference/undeclared_identifier_t04: CompileTimeError
Language/Expressions/Identifier_Reference/undeclared_identifier_t05: CompileTimeError
Language/Expressions/Identifier_Reference/undeclared_identifier_t06: CompileTimeError
Language/Expressions/Identifier_Reference/undeclared_identifier_t07: CompileTimeError
Language/Expressions/Identifier_Reference/undeclared_identifier_t08: CompileTimeError
Language/Expressions/If_null_Expressions/static_type_t01: CompileTimeError
Language/Expressions/If_null_Expressions/static_type_t02: CompileTimeError
Language/Expressions/Instance_Creation/Const/abstract_class_t02: CompileTimeError
Language/Expressions/Instance_Creation/Const/abstract_class_t04: CompileTimeError
Language/Expressions/Instance_Creation/New/abstract_class_t01/01: CompileTimeError
Language/Expressions/Instance_Creation/New/abstract_class_t02/01: CompileTimeError
Language/Expressions/Instance_Creation/New/argument_static_type_t01: CompileTimeError
Language/Expressions/Instance_Creation/New/argument_static_type_t02: CompileTimeError
Language/Expressions/Instance_Creation/New/body_execution_t02: CompileTimeError
Language/Expressions/Instance_Creation/New/constructor_same_name_as_class_t01: CompileTimeError
Language/Expressions/Instance_Creation/New/constructor_same_name_as_class_t02: CompileTimeError
Language/Expressions/Instance_Creation/New/evaluation_t01: CompileTimeError
Language/Expressions/Instance_Creation/New/evaluation_t02: CompileTimeError
Language/Expressions/Instance_Creation/New/evaluation_t03: CompileTimeError
Language/Expressions/Instance_Creation/New/evaluation_t04: CompileTimeError
Language/Expressions/Instance_Creation/New/evaluation_t05: CompileTimeError
Language/Expressions/Instance_Creation/New/evaluation_t06: CompileTimeError
Language/Expressions/Instance_Creation/New/evaluation_t07: CompileTimeError
Language/Expressions/Instance_Creation/New/evaluation_t08: CompileTimeError
Language/Expressions/Instance_Creation/New/evaluation_t09: CompileTimeError
Language/Expressions/Instance_Creation/New/evaluation_t12: CompileTimeError
Language/Expressions/Instance_Creation/New/evaluation_t13: CompileTimeError
Language/Expressions/Instance_Creation/New/evaluation_t14: CompileTimeError
Language/Expressions/Instance_Creation/New/evaluation_t15: CompileTimeError
Language/Expressions/Instance_Creation/New/evaluation_t16: CompileTimeError
Language/Expressions/Instance_Creation/New/evaluation_t17: CompileTimeError
Language/Expressions/Instance_Creation/New/evaluation_t18: CompileTimeError
Language/Expressions/Instance_Creation/New/execution_t02: CompileTimeError
Language/Expressions/Instance_Creation/New/execution_t07: CompileTimeError
Language/Expressions/Instance_Creation/New/execution_t11: CompileTimeError
Language/Expressions/Instance_Creation/New/execution_t13: CompileTimeError
Language/Expressions/Instance_Creation/New/named_constructor_t01: CompileTimeError
Language/Expressions/Instance_Creation/New/named_constructor_t02: CompileTimeError
Language/Expressions/Instance_Creation/New/redirecting_factory_constructor_t02: CompileTimeError
Language/Expressions/Instance_Creation/New/type_argument_t01: CompileTimeError
Language/Expressions/Instance_Creation/New/type_t01: CompileTimeError
Language/Expressions/Instance_Creation/New/type_t02: CompileTimeError
Language/Expressions/Instance_Creation/New/type_t03: CompileTimeError
Language/Expressions/Instance_Creation/New/type_t05: CompileTimeError
Language/Expressions/Instance_Creation/New/type_t06: CompileTimeError
Language/Expressions/Instance_Creation/New/type_t07: CompileTimeError
Language/Expressions/Instance_Creation/malformed_or_malbounded_t01: CompileTimeError
Language/Expressions/Instance_Creation/malformed_or_malbounded_t03: CompileTimeError
Language/Expressions/Instance_Creation/malformed_or_malbounded_t07: CompileTimeError
Language/Expressions/Lists/runtime_list_literal_t03: CompileTimeError
Language/Expressions/Lists/static_type_dynamic_t01: CompileTimeError
Language/Expressions/Lists/static_type_t01: CompileTimeError
Language/Expressions/Lists/static_type_t02: CompileTimeError
Language/Expressions/Lists/static_type_t03: CompileTimeError
Language/Expressions/Lists/static_type_t04: CompileTimeError
Language/Expressions/Lists/static_type_t05: CompileTimeError
Language/Expressions/Lists/value_of_a_constant_list_t02: CompileTimeError
Language/Expressions/Logical_Boolean_Expressions/evaluation_form_and_t01: CompileTimeError
Language/Expressions/Logical_Boolean_Expressions/static_type_t02: CompileTimeError
Language/Expressions/Logical_Boolean_Expressions/syntax_t01: CompileTimeError
Language/Expressions/Logical_Boolean_Expressions/syntax_t10/01: CompileTimeError
Language/Expressions/Logical_Boolean_Expressions/syntax_t11/01: CompileTimeError
Language/Expressions/Logical_Boolean_Expressions/syntax_t12/01: CompileTimeError
Language/Expressions/Logical_Boolean_Expressions/syntax_t13/01: CompileTimeError
Language/Expressions/Logical_Boolean_Expressions/syntax_t14/01: CompileTimeError
Language/Expressions/Logical_Boolean_Expressions/syntax_t15/01: CompileTimeError
Language/Expressions/Logical_Boolean_Expressions/type_t09: CompileTimeError
Language/Expressions/Logical_Boolean_Expressions/type_t10: CompileTimeError
Language/Expressions/Logical_Boolean_Expressions/type_t11: CompileTimeError
Language/Expressions/Logical_Boolean_Expressions/type_t13: CompileTimeError
Language/Expressions/Logical_Boolean_Expressions/type_t15: CompileTimeError
Language/Expressions/Logical_Boolean_Expressions/type_t18: CompileTimeError
Language/Expressions/Logical_Boolean_Expressions/type_t19: CompileTimeError
Language/Expressions/Logical_Boolean_Expressions/type_t20: CompileTimeError
Language/Expressions/Logical_Boolean_Expressions/type_t21: CompileTimeError
Language/Expressions/Logical_Boolean_Expressions/type_t27: CompileTimeError
Language/Expressions/Logical_Boolean_Expressions/type_t28: CompileTimeError
Language/Expressions/Logical_Boolean_Expressions/type_t29: CompileTimeError
Language/Expressions/Logical_Boolean_Expressions/type_t30: CompileTimeError
Language/Expressions/Logical_Boolean_Expressions/type_t31: CompileTimeError
Language/Expressions/Logical_Boolean_Expressions/type_t32: CompileTimeError
Language/Expressions/Lookup/Getter_and_Setter_Lookup/definition_t03: CompileTimeError
Language/Expressions/Lookup/Getter_and_Setter_Lookup/definition_t09: CompileTimeError
Language/Expressions/Lookup/Getter_and_Setter_Lookup/definition_t10: CompileTimeError
Language/Expressions/Lookup/Method_Lookup/method_lookup_t03: CompileTimeError
Language/Expressions/Lookup/Method_Lookup/superclass_t07: CompileTimeError
Language/Expressions/Lookup/Method_Lookup/superclass_t08: CompileTimeError
Language/Expressions/Maps/key_value_equals_operator_t01: MissingCompileTimeError
Language/Expressions/Maps/key_value_equals_operator_t02: CompileTimeError
Language/Expressions/Maps/static_type_dynamic_t01: CompileTimeError
Language/Expressions/Maps/static_type_t02: CompileTimeError
Language/Expressions/Maps/static_type_t03: CompileTimeError
Language/Expressions/Maps/static_type_t04: CompileTimeError
Language/Expressions/Maps/static_type_t05: CompileTimeError
Language/Expressions/Method_Invocation/Cascaded_Invocations/cascaded_expression_t02: CompileTimeError
Language/Expressions/Method_Invocation/Cascaded_Invocations/syntax_t19: CompileTimeError
Language/Expressions/Method_Invocation/Ordinary_Invocation/accessible_instance_member_t01: CompileTimeError
Language/Expressions/Method_Invocation/Ordinary_Invocation/accessible_instance_member_t02: CompileTimeError
Language/Expressions/Method_Invocation/Ordinary_Invocation/accessible_instance_member_t03: CompileTimeError
Language/Expressions/Method_Invocation/Ordinary_Invocation/accessible_instance_member_t04: CompileTimeError
Language/Expressions/Method_Invocation/Ordinary_Invocation/conditional_t06: CompileTimeError
Language/Expressions/Method_Invocation/Ordinary_Invocation/conditional_warning_t01/01: CompileTimeError
Language/Expressions/Method_Invocation/Ordinary_Invocation/evaluation_t04: CompileTimeError
Language/Expressions/Method_Invocation/Ordinary_Invocation/evaluation_t08: CompileTimeError
Language/Expressions/Method_Invocation/Ordinary_Invocation/function_type_t02: CompileTimeError
Language/Expressions/Method_Invocation/Ordinary_Invocation/method_lookup_failed_t05: CompileTimeError
Language/Expressions/Method_Invocation/Ordinary_Invocation/method_lookup_failed_t06: CompileTimeError
Language/Expressions/Method_Invocation/Ordinary_Invocation/method_lookup_failed_t07: CompileTimeError
Language/Expressions/Method_Invocation/Ordinary_Invocation/method_lookup_failed_t08: CompileTimeError
Language/Expressions/Method_Invocation/Ordinary_Invocation/method_lookup_failed_t09: CompileTimeError
Language/Expressions/Method_Invocation/Ordinary_Invocation/method_lookup_failed_t10: CompileTimeError
Language/Expressions/Method_Invocation/Ordinary_Invocation/method_lookup_failed_t11: CompileTimeError
Language/Expressions/Method_Invocation/Ordinary_Invocation/method_lookup_failed_t12: CompileTimeError
Language/Expressions/Method_Invocation/Ordinary_Invocation/method_lookup_failed_t13: CompileTimeError
Language/Expressions/Method_Invocation/Ordinary_Invocation/method_lookup_failed_t14: CompileTimeError
Language/Expressions/Method_Invocation/Ordinary_Invocation/method_lookup_failed_t15: CompileTimeError
Language/Expressions/Method_Invocation/Ordinary_Invocation/method_lookup_failed_t16: CompileTimeError
Language/Expressions/Method_Invocation/Ordinary_Invocation/method_lookup_failed_t19: CompileTimeError
Language/Expressions/Method_Invocation/Ordinary_Invocation/method_lookup_failed_t20: CompileTimeError
Language/Expressions/Method_Invocation/Ordinary_Invocation/static_type_t04: CompileTimeError
Language/Expressions/Method_Invocation/Super_Invocation/accessible_instance_member_t01: CompileTimeError
Language/Expressions/Method_Invocation/Super_Invocation/accessible_instance_member_t02: CompileTimeError
Language/Expressions/Method_Invocation/Super_Invocation/accessible_instance_member_t03: CompileTimeError
Language/Expressions/Method_Invocation/Super_Invocation/accessible_instance_member_t04: CompileTimeError
Language/Expressions/Method_Invocation/Super_Invocation/accessible_instance_member_t05: CompileTimeError
Language/Expressions/Method_Invocation/Super_Invocation/evaluation_t05: CompileTimeError
Language/Expressions/Method_Invocation/Super_Invocation/getter_lookup_failed_t01: CompileTimeError
Language/Expressions/Method_Invocation/Super_Invocation/getter_lookup_failed_t02: CompileTimeError
Language/Expressions/Method_Invocation/Super_Invocation/getter_lookup_failed_t03: CompileTimeError
Language/Expressions/Method_Invocation/Super_Invocation/getter_lookup_failed_t04: CompileTimeError
Language/Expressions/Method_Invocation/Super_Invocation/invocation_t02: MissingCompileTimeError
Language/Expressions/Method_Invocation/Super_Invocation/method_lookup_failed_t02: CompileTimeError
Language/Expressions/Method_Invocation/Super_Invocation/static_type_dynamic_t02: CompileTimeError
Language/Expressions/Method_Invocation/Super_Invocation/wrong_type_t01: CompileTimeError
Language/Expressions/Multiplicative_Expressions/syntax_t01/02: CompileTimeError
Language/Expressions/Multiplicative_Expressions/syntax_t01/03: CompileTimeError
Language/Expressions/Multiplicative_Expressions/syntax_t01/04: CompileTimeError
Language/Expressions/Multiplicative_Expressions/syntax_t01/05: CompileTimeError
Language/Expressions/Multiplicative_Expressions/syntax_t01/06: CompileTimeError
Language/Expressions/Multiplicative_Expressions/syntax_t01/07: CompileTimeError
Language/Expressions/Multiplicative_Expressions/syntax_t01/08: CompileTimeError
Language/Expressions/Multiplicative_Expressions/syntax_t01/12: CompileTimeError
Language/Expressions/Multiplicative_Expressions/syntax_t01/13: CompileTimeError
Language/Expressions/Multiplicative_Expressions/syntax_t01/16: CompileTimeError
Language/Expressions/Multiplicative_Expressions/syntax_t10/01: CompileTimeError
Language/Expressions/Multiplicative_Expressions/syntax_t11/01: CompileTimeError
Language/Expressions/Multiplicative_Expressions/syntax_t14/01: CompileTimeError
Language/Expressions/Multiplicative_Expressions/syntax_t15/01: CompileTimeError
Language/Expressions/Multiplicative_Expressions/syntax_t16/01: CompileTimeError
Language/Expressions/Multiplicative_Expressions/syntax_t17/01: CompileTimeError
Language/Expressions/Null/instantiate_t01: CompileTimeError
Language/Expressions/Numbers/static_type_of_double_t02: CompileTimeError
Language/Expressions/Numbers/static_type_of_int_t01: CompileTimeError
Language/Expressions/Numbers/static_type_of_int_t02: CompileTimeError
Language/Expressions/Numbers/syntax_t06: CompileTimeError
Language/Expressions/Numbers/syntax_t09: CompileTimeError
Language/Expressions/Numbers/syntax_t10: CompileTimeError
Language/Expressions/Postfix_Expressions/syntax_t01/01: CompileTimeError
Language/Expressions/Postfix_Expressions/syntax_t01/02: CompileTimeError
Language/Expressions/Postfix_Expressions/syntax_t01/03: CompileTimeError
Language/Expressions/Postfix_Expressions/syntax_t01/04: CompileTimeError
Language/Expressions/Postfix_Expressions/syntax_t01/05: CompileTimeError
Language/Expressions/Postfix_Expressions/syntax_t01/06: CompileTimeError
Language/Expressions/Postfix_Expressions/syntax_t01/07: CompileTimeError
Language/Expressions/Postfix_Expressions/syntax_t01/08: CompileTimeError
Language/Expressions/Postfix_Expressions/syntax_t01/09: CompileTimeError
Language/Expressions/Postfix_Expressions/syntax_t01/10: CompileTimeError
Language/Expressions/Postfix_Expressions/syntax_t01/11: CompileTimeError
Language/Expressions/Postfix_Expressions/syntax_t01/12: CompileTimeError
Language/Expressions/Postfix_Expressions/syntax_t01/13: CompileTimeError
Language/Expressions/Postfix_Expressions/syntax_t01/14: CompileTimeError
Language/Expressions/Postfix_Expressions/syntax_t01/15: CompileTimeError
Language/Expressions/Postfix_Expressions/syntax_t01/16: CompileTimeError
Language/Expressions/Postfix_Expressions/syntax_t01/17: CompileTimeError
Language/Expressions/Postfix_Expressions/syntax_t01/18: CompileTimeError
Language/Expressions/Postfix_Expressions/syntax_t01/19: CompileTimeError
Language/Expressions/Postfix_Expressions/syntax_t01/20: CompileTimeError
Language/Expressions/Postfix_Expressions/syntax_t01/21: CompileTimeError
Language/Expressions/Postfix_Expressions/syntax_t01/22: CompileTimeError
Language/Expressions/Postfix_Expressions/syntax_t01/23: CompileTimeError
Language/Expressions/Postfix_Expressions/syntax_t01/24: CompileTimeError
Language/Expressions/Postfix_Expressions/syntax_t01/25: CompileTimeError
Language/Expressions/Postfix_Expressions/syntax_t01/26: CompileTimeError
Language/Expressions/Postfix_Expressions/syntax_t01/27: CompileTimeError
Language/Expressions/Postfix_Expressions/syntax_t01/34: CompileTimeError
Language/Expressions/Postfix_Expressions/syntax_t01/35: CompileTimeError
Language/Expressions/Postfix_Expressions/syntax_t01/36: CompileTimeError
Language/Expressions/Postfix_Expressions/syntax_t01/37: CompileTimeError
Language/Expressions/Postfix_Expressions/syntax_t01/38: CompileTimeError
Language/Expressions/Postfix_Expressions/syntax_t01/39: CompileTimeError
Language/Expressions/Postfix_Expressions/syntax_t01/40: CompileTimeError
Language/Expressions/Postfix_Expressions/syntax_t02/01: CompileTimeError
Language/Expressions/Postfix_Expressions/syntax_t03/01: CompileTimeError
Language/Expressions/Postfix_Expressions/syntax_t05/01: CompileTimeError
Language/Expressions/Property_Extraction/Getter_Access_and_Method_Extraction/getter_value_t06: CompileTimeError
Language/Expressions/Property_Extraction/Getter_Access_and_Method_Extraction/instance_of_type_getter_t01: CompileTimeError
Language/Expressions/Property_Extraction/Getter_Access_and_Method_Extraction/instance_of_type_getter_t03: CompileTimeError
Language/Expressions/Property_Extraction/Getter_Access_and_Method_Extraction/instance_of_type_t01: CompileTimeError
Language/Expressions/Property_Extraction/Getter_Access_and_Method_Extraction/instance_of_type_t03: CompileTimeError
Language/Expressions/Property_Extraction/Getter_Access_and_Method_Extraction/no_such_method_t01: CompileTimeError
Language/Expressions/Property_Extraction/Getter_Access_and_Method_Extraction/no_such_method_t02: CompileTimeError
Language/Expressions/Property_Extraction/Getter_Access_and_Method_Extraction/proxy_annotation_t01: CompileTimeError
Language/Expressions/Property_Extraction/Getter_Access_and_Method_Extraction/proxy_annotation_t02: CompileTimeError
Language/Expressions/Property_Extraction/Getter_Access_and_Method_Extraction/proxy_annotation_t03: CompileTimeError
Language/Expressions/Property_Extraction/Getter_Access_and_Method_Extraction/proxy_annotation_t04: CompileTimeError
Language/Expressions/Property_Extraction/Getter_Access_and_Method_Extraction/proxy_annotation_t05: CompileTimeError
Language/Expressions/Property_Extraction/Getter_Access_and_Method_Extraction/proxy_annotation_t06: CompileTimeError
Language/Expressions/Property_Extraction/Getter_Access_and_Method_Extraction/proxy_annotation_t07: CompileTimeError
Language/Expressions/Property_Extraction/Getter_Access_and_Method_Extraction/proxy_annotation_t08: CompileTimeError
Language/Expressions/Property_Extraction/Getter_Access_and_Method_Extraction/static_type_t05: CompileTimeError
Language/Expressions/Property_Extraction/Getter_Access_and_Method_Extraction/static_type_t08: CompileTimeError
Language/Expressions/Property_Extraction/Getter_Access_and_Method_Extraction/static_type_warning_t01: CompileTimeError
Language/Expressions/Property_Extraction/Getter_Access_and_Method_Extraction/static_type_warning_t02: CompileTimeError
Language/Expressions/Property_Extraction/Getter_Access_and_Method_Extraction/static_type_warning_t03: CompileTimeError
Language/Expressions/Property_Extraction/Getter_Access_and_Method_Extraction/static_type_warning_t04/01: CompileTimeError
Language/Expressions/Property_Extraction/Super_Getter_Access_and_Method_Closurization/no_instance_t01/01: CompileTimeError
Language/Expressions/Property_Extraction/Super_Getter_Access_and_Method_Closurization/no_such_method_t01: CompileTimeError
Language/Expressions/Property_Extraction/Super_Getter_Access_and_Method_Closurization/no_such_method_t02: CompileTimeError
Language/Expressions/Property_Extraction/Super_Getter_Access_and_Method_Closurization/static_type_t03: CompileTimeError
Language/Expressions/Property_Extraction/Super_Getter_Access_and_Method_Closurization/static_type_warning_t01: CompileTimeError
Language/Expressions/Property_Extraction/conditional_t06: CompileTimeError
Language/Expressions/Property_Extraction/static_type_warning_t01/01: CompileTimeError
Language/Expressions/Relational_Expressions/syntax_t01/01: CompileTimeError
Language/Expressions/Relational_Expressions/syntax_t01/02: CompileTimeError
Language/Expressions/Relational_Expressions/syntax_t01/03: CompileTimeError
Language/Expressions/Relational_Expressions/syntax_t01/04: CompileTimeError
Language/Expressions/Relational_Expressions/syntax_t01/05: CompileTimeError
Language/Expressions/Relational_Expressions/syntax_t01/06: CompileTimeError
Language/Expressions/Relational_Expressions/syntax_t01/07: CompileTimeError
Language/Expressions/Relational_Expressions/syntax_t01/12: CompileTimeError
Language/Expressions/Relational_Expressions/syntax_t01/13: CompileTimeError
Language/Expressions/Relational_Expressions/syntax_t01/14: CompileTimeError
Language/Expressions/Relational_Expressions/syntax_t01/15: CompileTimeError
Language/Expressions/Relational_Expressions/syntax_t01/16: CompileTimeError
Language/Expressions/Relational_Expressions/syntax_t01/17: CompileTimeError
Language/Expressions/Relational_Expressions/syntax_t01/20: CompileTimeError
Language/Expressions/Relational_Expressions/syntax_t01/25: CompileTimeError
Language/Expressions/Relational_Expressions/syntax_t01/26: CompileTimeError
Language/Expressions/Relational_Expressions/syntax_t01/27: CompileTimeError
Language/Expressions/Relational_Expressions/syntax_t18/01: CompileTimeError
Language/Expressions/Relational_Expressions/syntax_t19/01: CompileTimeError
Language/Expressions/Relational_Expressions/syntax_t20/01: CompileTimeError
Language/Expressions/Relational_Expressions/syntax_t21/01: CompileTimeError
Language/Expressions/Relational_Expressions/syntax_t22/01: CompileTimeError
Language/Expressions/Relational_Expressions/syntax_t23/01: CompileTimeError
Language/Expressions/Shift/syntax_t01/01: CompileTimeError
Language/Expressions/Shift/syntax_t01/02: CompileTimeError
Language/Expressions/Shift/syntax_t01/03: CompileTimeError
Language/Expressions/Shift/syntax_t01/04: CompileTimeError
Language/Expressions/Shift/syntax_t01/05: CompileTimeError
Language/Expressions/Shift/syntax_t01/06: CompileTimeError
Language/Expressions/Shift/syntax_t01/10: CompileTimeError
Language/Expressions/Shift/syntax_t01/11: CompileTimeError
Language/Expressions/Shift/syntax_t01/12: CompileTimeError
Language/Expressions/Shift/syntax_t01/13: CompileTimeError
Language/Expressions/Shift/syntax_t01/14: CompileTimeError
Language/Expressions/Shift/syntax_t01/15: CompileTimeError
Language/Expressions/Shift/syntax_t01/18: CompileTimeError
Language/Expressions/Shift/syntax_t01/19: CompileTimeError
Language/Expressions/Shift/syntax_t01/20: CompileTimeError
Language/Expressions/Shift/syntax_t09/01: CompileTimeError
Language/Expressions/Shift/syntax_t10/01: CompileTimeError
Language/Expressions/Shift/syntax_t11/01: CompileTimeError
Language/Expressions/Shift/syntax_t12/01: CompileTimeError
Language/Expressions/Shift/syntax_t13/01: CompileTimeError
Language/Expressions/Shift/syntax_t14/01: CompileTimeError
Language/Expressions/Strings/String_Interpolation/double_quote_t02: CompileTimeError
Language/Expressions/Strings/String_Interpolation/double_quote_t04: CompileTimeError
Language/Expressions/Strings/String_Interpolation/single_quote_t02: CompileTimeError
Language/Expressions/Strings/String_Interpolation/single_quote_t03: CompileTimeError
Language/Expressions/Strings/String_Interpolation/syntax_t07: CompileTimeError
Language/Expressions/Strings/String_Interpolation/syntax_t13: CompileTimeError
Language/Expressions/Strings/static_type_t02: CompileTimeError
Language/Expressions/Strings/static_type_t03: CompileTimeError
Language/Expressions/Strings/static_type_t04: CompileTimeError
Language/Expressions/Strings/static_type_t05: CompileTimeError
Language/Expressions/Strings/static_type_t06: CompileTimeError
Language/Expressions/Strings/static_type_t07: CompileTimeError
Language/Expressions/Strings/static_type_t08: CompileTimeError
Language/Expressions/Strings/static_type_t09: CompileTimeError
Language/Expressions/This/placement_t04: MissingCompileTimeError
Language/Expressions/This/static_type_t01: CompileTimeError
Language/Expressions/Throw/throw_various_types_t01: CompileTimeError
Language/Expressions/Type_Cast/evaluation_t04: CompileTimeError
Language/Expressions/Type_Cast/evaluation_t05: CompileTimeError
Language/Expressions/Type_Cast/evaluation_t06: CompileTimeError
Language/Expressions/Type_Cast/evaluation_t07: CompileTimeError
Language/Expressions/Type_Cast/evaluation_t08: CompileTimeError
Language/Expressions/Type_Cast/evaluation_t09: CompileTimeError
Language/Expressions/Type_Cast/evaluation_t10: CompileTimeError
Language/Expressions/Type_Cast/static_type_t02: CompileTimeError
Language/Expressions/Type_Test/definition_t01: CompileTimeError
Language/Expressions/Type_Test/definition_t02: CompileTimeError
Language/Expressions/Type_Test/definition_t03: CompileTimeError
Language/Expressions/Type_Test/definition_t04: CompileTimeError
Language/Expressions/Type_Test/definition_t05: CompileTimeError
Language/Expressions/Type_Test/definition_t06: CompileTimeError
Language/Expressions/Type_Test/definition_t07: CompileTimeError
Language/Expressions/Type_Test/definition_t08: CompileTimeError
Language/Expressions/Type_Test/evaluation_t03: CompileTimeError
Language/Expressions/Type_Test/evaluation_t04: CompileTimeError
Language/Expressions/Type_Test/evaluation_t05: CompileTimeError
Language/Expressions/Type_Test/evaluation_t06: CompileTimeError
Language/Expressions/Type_Test/evaluation_t07: CompileTimeError
Language/Expressions/Type_Test/evaluation_t08: CompileTimeError
Language/Expressions/Type_Test/evaluation_t09: CompileTimeError
Language/Expressions/Type_Test/evaluation_t10: CompileTimeError
Language/Expressions/Unary_Expressions/syntax_t02/01: CompileTimeError
Language/Expressions/Unary_Expressions/syntax_t04/01: CompileTimeError
Language/Expressions/Unary_Expressions/syntax_t05/01: CompileTimeError
Language/Expressions/Unary_Expressions/syntax_t10/01: CompileTimeError
Language/Expressions/Unary_Expressions/syntax_t10/02: CompileTimeError
Language/Expressions/Unary_Expressions/syntax_t10/03: CompileTimeError
Language/Expressions/Unary_Expressions/syntax_t10/04: CompileTimeError
Language/Expressions/Unary_Expressions/syntax_t10/05: CompileTimeError
Language/Expressions/Unary_Expressions/syntax_t10/06: CompileTimeError
Language/Expressions/Unary_Expressions/syntax_t10/07: CompileTimeError
Language/Expressions/Unary_Expressions/syntax_t10/08: CompileTimeError
Language/Expressions/Unary_Expressions/syntax_t10/09: CompileTimeError
Language/Expressions/Unary_Expressions/syntax_t10/10: CompileTimeError
Language/Expressions/Unary_Expressions/syntax_t10/11: CompileTimeError
Language/Expressions/Unary_Expressions/syntax_t10/12: CompileTimeError
Language/Expressions/Unary_Expressions/syntax_t10/16: CompileTimeError
Language/Expressions/Unary_Expressions/syntax_t10/17: CompileTimeError
Language/Expressions/Unary_Expressions/syntax_t10/18: CompileTimeError
Language/Expressions/Unary_Expressions/syntax_t10/21: CompileTimeError
Language/Expressions/Unary_Expressions/syntax_t10/24: CompileTimeError
Language/Expressions/Unary_Expressions/syntax_t10/25: CompileTimeError
Language/Expressions/Unary_Expressions/syntax_t10/27: CompileTimeError
Language/Expressions/Unary_Expressions/syntax_t10/28: CompileTimeError
Language/Expressions/Unary_Expressions/syntax_t10/29: CompileTimeError
Language/Expressions/Unary_Expressions/syntax_t10/30: CompileTimeError
Language/Expressions/Unary_Expressions/syntax_t10/31: CompileTimeError
Language/Expressions/Unary_Expressions/syntax_t10/33: CompileTimeError
Language/Expressions/Unary_Expressions/syntax_t11/01: CompileTimeError
Language/Expressions/Unary_Expressions/syntax_t12/01: CompileTimeError
Language/Expressions/Unary_Expressions/syntax_t13/01: CompileTimeError
Language/Expressions/Unary_Expressions/syntax_t17/01: CompileTimeError
Language/Expressions/Unary_Expressions/syntax_t18/01: CompileTimeError
Language/Expressions/Unary_Expressions/syntax_t19/01: CompileTimeError
Language/Expressions/Unary_Expressions/syntax_t20/01: CompileTimeError
Language/Expressions/Unary_Expressions/syntax_t21/01: CompileTimeError
Language/Expressions/Unary_Expressions/syntax_t22/01: CompileTimeError
Language/Expressions/Unary_Expressions/syntax_t27/01: CompileTimeError
Language/Expressions/Unary_Expressions/syntax_t27/02: CompileTimeError
Language/Expressions/Unary_Expressions/syntax_t27/03: CompileTimeError
Language/Expressions/Unary_Expressions/syntax_t27/04: CompileTimeError
Language/Expressions/Unary_Expressions/syntax_t27/05: CompileTimeError
Language/Expressions/Unary_Expressions/syntax_t27/06: CompileTimeError
Language/Expressions/Unary_Expressions/syntax_t27/07: CompileTimeError
Language/Expressions/Unary_Expressions/syntax_t27/08: CompileTimeError
Language/Expressions/Unary_Expressions/syntax_t27/10: CompileTimeError
Language/Expressions/Unary_Expressions/syntax_t27/11: CompileTimeError
Language/Expressions/Unary_Expressions/syntax_t27/12: CompileTimeError
Language/Expressions/Unary_Expressions/syntax_t27/13: CompileTimeError
Language/Expressions/Unary_Expressions/syntax_t27/14: CompileTimeError
Language/Expressions/Unary_Expressions/syntax_t27/15: CompileTimeError
Language/Expressions/Unary_Expressions/syntax_t27/16: CompileTimeError
Language/Expressions/Unary_Expressions/syntax_t27/17: CompileTimeError
Language/Expressions/Unary_Expressions/syntax_t27/18: CompileTimeError
Language/Expressions/Unary_Expressions/syntax_t27/19: CompileTimeError
Language/Expressions/Unary_Expressions/syntax_t27/20: CompileTimeError
Language/Expressions/Unary_Expressions/syntax_t27/21: CompileTimeError
Language/Expressions/Unary_Expressions/variable_negative_t03: CompileTimeError
Language/Functions/Formal_Parameters/Optional_Formals/syntax_t06: CompileTimeError
Language/Functions/Formal_Parameters/Optional_Formals/syntax_t10: CompileTimeError
Language/Functions/Formal_Parameters/Required_Formals/syntax_t05: CompileTimeError
Language/Functions/Formal_Parameters/scope_t01: CompileTimeError
Language/Functions/async_return_type_t01: CompileTimeError
Language/Functions/generator_return_type_t01: CompileTimeError
Language/Functions/generator_return_type_t02: CompileTimeError
Language/Functions/syntax_t01: CompileTimeError
Language/Functions/syntax_t36: CompileTimeError
Language/Functions/syntax_t37: CompileTimeError
Language/Functions/syntax_t41: CompileTimeError
Language/Functions/syntax_t42: CompileTimeError
Language/Functions/syntax_t45: CompileTimeError
Language/Functions/syntax_t46: CompileTimeError
Language/Generics/malformed_t01: CompileTimeError
Language/Generics/malformed_t02: CompileTimeError
Language/Generics/scope_t06: CompileTimeError
Language/Generics/scope_t07: CompileTimeError
Language/Generics/syntax_t02: Crash
Language/Generics/syntax_t03: Crash
Language/Generics/upper_bound_t01: CompileTimeError
Language/Interfaces/Superinterfaces/Inheritance_and_Overriding/inheritance_t01: CompileTimeError
Language/Interfaces/Superinterfaces/Inheritance_and_Overriding/inheritance_t02: CompileTimeError
Language/Interfaces/Superinterfaces/Inheritance_and_Overriding/inheritance_t03: CompileTimeError
Language/Interfaces/Superinterfaces/Inheritance_and_Overriding/inheritance_t04: CompileTimeError
Language/Interfaces/Superinterfaces/Inheritance_and_Overriding/inheritance_t05: CompileTimeError
Language/Interfaces/Superinterfaces/Inheritance_and_Overriding/inheritance_t07: CompileTimeError
Language/Interfaces/Superinterfaces/Inheritance_and_Overriding/not_overriden_members_t02: CompileTimeError
Language/Interfaces/Superinterfaces/Inheritance_and_Overriding/same_name_getters_type_t03: CompileTimeError
Language/Interfaces/Superinterfaces/Inheritance_and_Overriding/same_name_getters_type_t04: CompileTimeError
Language/Interfaces/Superinterfaces/Inheritance_and_Overriding/same_name_getters_type_t05: CompileTimeError
Language/Interfaces/Superinterfaces/Inheritance_and_Overriding/same_name_getters_type_t06: CompileTimeError
Language/Interfaces/Superinterfaces/Inheritance_and_Overriding/same_name_getters_type_t07: CompileTimeError
Language/Interfaces/Superinterfaces/Inheritance_and_Overriding/same_name_getters_type_t08: CompileTimeError
Language/Libraries_and_Scripts/Exports/reexport_t01: MissingCompileTimeError
Language/Libraries_and_Scripts/Exports/show_hide_t01: CompileTimeError
Language/Libraries_and_Scripts/Exports/show_hide_t02: CompileTimeError
Language/Libraries_and_Scripts/Exports/syntax_t02: CompileTimeError
Language/Libraries_and_Scripts/Exports/syntax_t03: CompileTimeError
Language/Libraries_and_Scripts/Imports/dart_core_t02: CompileTimeError
Language/Libraries_and_Scripts/Imports/dart_core_t03: CompileTimeError
Language/Libraries_and_Scripts/Imports/dart_core_t04: CompileTimeError
Language/Libraries_and_Scripts/Imports/invalid_uri_deferred_t01/01: CompileTimeError
Language/Libraries_and_Scripts/Imports/invalid_uri_deferred_t02: CompileTimeError
Language/Libraries_and_Scripts/Imports/invalid_uri_t01: MissingCompileTimeError
Language/Libraries_and_Scripts/Imports/namespace_changes_t01: CompileTimeError
Language/Libraries_and_Scripts/Imports/namespace_changes_t02: CompileTimeError
Language/Libraries_and_Scripts/Imports/namespace_changes_t03: CompileTimeError
Language/Libraries_and_Scripts/Imports/namespace_changes_t04: CompileTimeError
Language/Libraries_and_Scripts/Imports/namespace_changes_t05: CompileTimeError
Language/Libraries_and_Scripts/Imports/namespace_changes_t12: CompileTimeError
Language/Libraries_and_Scripts/Imports/namespace_changes_t13: CompileTimeError
Language/Libraries_and_Scripts/Imports/namespace_changes_t15: CompileTimeError
Language/Libraries_and_Scripts/Imports/namespace_changes_t16: CompileTimeError
Language/Libraries_and_Scripts/Imports/namespace_changes_t17: CompileTimeError
Language/Libraries_and_Scripts/Imports/namespace_changes_t19: CompileTimeError
Language/Libraries_and_Scripts/Imports/same_name_t01: CompileTimeError
Language/Libraries_and_Scripts/Imports/same_name_t02/01: CompileTimeError
Language/Libraries_and_Scripts/Imports/same_name_t05: CompileTimeError
Language/Libraries_and_Scripts/Imports/same_name_t06: CompileTimeError
Language/Libraries_and_Scripts/Imports/same_name_t08: CompileTimeError
Language/Libraries_and_Scripts/Imports/same_name_t09/01: CompileTimeError
Language/Libraries_and_Scripts/Imports/same_name_t10: CompileTimeError
Language/Libraries_and_Scripts/Imports/same_name_t11: CompileTimeError
Language/Libraries_and_Scripts/Imports/same_name_t12/01: CompileTimeError
Language/Libraries_and_Scripts/Imports/same_name_t15/01: CompileTimeError
Language/Libraries_and_Scripts/Imports/same_name_t16: CompileTimeError
Language/Libraries_and_Scripts/Imports/same_name_t18: CompileTimeError
Language/Libraries_and_Scripts/Imports/same_name_t19: CompileTimeError
Language/Libraries_and_Scripts/Imports/same_name_t25: CompileTimeError
Language/Libraries_and_Scripts/Imports/syntax_t37: CompileTimeError
Language/Libraries_and_Scripts/Imports/syntax_t38: CompileTimeError
Language/Libraries_and_Scripts/Parts/static_warning_t01: CompileTimeError
Language/Libraries_and_Scripts/Scripts/syntax_t11: CompileTimeError
Language/Libraries_and_Scripts/private_access_t01: CompileTimeError
Language/Libraries_and_Scripts/private_access_t03: CompileTimeError
Language/Libraries_and_Scripts/private_access_t04: CompileTimeError
Language/Mixins/Mixin_Application/abstract_t05: CompileTimeError
Language/Mixins/Mixin_Application/abstract_t06: CompileTimeError
Language/Mixins/Mixin_Application/abstract_t07: CompileTimeError
Language/Mixins/Mixin_Application/abstract_t08: CompileTimeError
Language/Mixins/Mixin_Application/deferred_t01: MissingCompileTimeError
Language/Mixins/Mixin_Application/interfaces_t05: CompileTimeError
Language/Mixins/Mixin_Application/superinterfaces_t01: CompileTimeError
Language/Mixins/Mixin_Application/superinterfaces_t02: CompileTimeError
Language/Mixins/Mixin_Application/superinterfaces_t06: CompileTimeError
Language/Mixins/Mixin_Application/superinterfaces_t08: CompileTimeError
Language/Mixins/Mixin_Application/syntax_t20: CompileTimeError
Language/Mixins/declaring_constructor_t05: MissingCompileTimeError
Language/Mixins/declaring_constructor_t06: MissingCompileTimeError
Language/Overview/Privacy/private_and_public_t02: CompileTimeError
Language/Overview/Privacy/private_and_public_t04: CompileTimeError
Language/Overview/Privacy/private_and_public_t05: CompileTimeError
Language/Overview/Privacy/private_and_public_t06: CompileTimeError
Language/Overview/Privacy/private_and_public_t08: CompileTimeError
Language/Overview/Privacy/private_and_public_t09: CompileTimeError
Language/Overview/Privacy/private_and_public_t10: CompileTimeError
Language/Overview/Privacy/private_and_public_t11: CompileTimeError
Language/Overview/Privacy/private_and_public_t18: CompileTimeError
Language/Overview/Privacy/private_and_public_t19: CompileTimeError
Language/Overview/Privacy/private_and_public_t20: CompileTimeError
Language/Overview/Scoping/hiding_declaration_t05: CompileTimeError
Language/Overview/Scoping/hiding_declaration_t06: CompileTimeError
Language/Overview/Scoping/hiding_declaration_t28: CompileTimeError
Language/Reference/Lexical_Rules/Comments/multi_line_t09: CompileTimeError
Language/Statements/Assert/execution_t01: CompileTimeError
Language/Statements/Assert/execution_t02: CompileTimeError
Language/Statements/Assert/execution_t03: CompileTimeError
Language/Statements/Assert/execution_t04: CompileTimeError
Language/Statements/Assert/execution_t05: CompileTimeError
Language/Statements/Assert/execution_t06: CompileTimeError
Language/Statements/Assert/execution_t08: CompileTimeError
Language/Statements/Assert/execution_t09: CompileTimeError
Language/Statements/Assert/execution_t11: CompileTimeError
Language/Statements/Assert/production_mode_t01: CompileTimeError
Language/Statements/Assert/type_t02: CompileTimeError
Language/Statements/Assert/type_t03: CompileTimeError
Language/Statements/Assert/type_t04: CompileTimeError
Language/Statements/Assert/type_t05: CompileTimeError
Language/Statements/Assert/type_t06: CompileTimeError
Language/Statements/Assert/type_t07: CompileTimeError
Language/Statements/Assert/type_t08: CompileTimeError
Language/Statements/Continue/async_loops_t01: CompileTimeError
Language/Statements/Continue/async_loops_t02: CompileTimeError
Language/Statements/Continue/async_loops_t03: CompileTimeError
Language/Statements/Continue/async_loops_t04: CompileTimeError
Language/Statements/Continue/async_loops_t05: CompileTimeError
Language/Statements/Continue/async_loops_t06: CompileTimeError
Language/Statements/Continue/async_loops_t07: CompileTimeError
Language/Statements/Continue/async_loops_t08: CompileTimeError
Language/Statements/Continue/async_loops_t09: CompileTimeError
Language/Statements/Continue/async_loops_t10: CompileTimeError
Language/Statements/Continue/control_transfer_t08: CompileTimeError
Language/Statements/Continue/control_transfer_t09: CompileTimeError
Language/Statements/Continue/label_t07: MissingCompileTimeError
Language/Statements/Do/condition_type_t01: CompileTimeError
Language/Statements/Do/condition_type_t03: CompileTimeError
Language/Statements/Do/execution_t03: CompileTimeError
Language/Statements/Expression_Statements/syntax_t01: CompileTimeError
Language/Statements/Expression_Statements/syntax_t06: CompileTimeError
Language/Statements/For/Asynchronous_For_in/execution_t01: CompileTimeError
Language/Statements/For/Asynchronous_For_in/execution_t02: CompileTimeError
Language/Statements/For/Asynchronous_For_in/execution_t03: CompileTimeError
Language/Statements/For/For_Loop/execution_t07: CompileTimeError
Language/Statements/For/For_Loop/execution_t08: CompileTimeError
Language/Statements/For/For_in/execution_t05: CompileTimeError
Language/Statements/For/syntax_t07: CompileTimeError
Language/Statements/If/condition_evaluation_t01: CompileTimeError
Language/Statements/If/condition_evaluation_t02: CompileTimeError
Language/Statements/If/type_t06: CompileTimeError
Language/Statements/If/type_t07: CompileTimeError
Language/Statements/If/type_t08: CompileTimeError
Language/Statements/If/type_t09: CompileTimeError
Language/Statements/If/wrong_type_t01: CompileTimeError
Language/Statements/If/wrong_type_t02: CompileTimeError
Language/Statements/Local_Function_Declaration/reference_before_declaration_t02: CompileTimeError
Language/Statements/Local_Variable_Declaration/syntax_t01: CompileTimeError
Language/Statements/Local_Variable_Declaration/syntax_t02: CompileTimeError
Language/Statements/Local_Variable_Declaration/syntax_t05: CompileTimeError
Language/Statements/Local_Variable_Declaration/syntax_t06: CompileTimeError
Language/Statements/Local_Variable_Declaration/syntax_t15: CompileTimeError
Language/Statements/Local_Variable_Declaration/syntax_t18: CompileTimeError
Language/Statements/Local_Variable_Declaration/syntax_t19: CompileTimeError
Language/Statements/Return/runtime_type_t01: CompileTimeError
Language/Statements/Return/runtime_type_t04: CompileTimeError
Language/Statements/Return/type_t01: CompileTimeError
Language/Statements/Return/type_t02: CompileTimeError
Language/Statements/Return/type_t03: CompileTimeError
Language/Statements/Return/type_t04: CompileTimeError
Language/Statements/Switch/equal_operator_t01: MissingCompileTimeError
Language/Statements/Switch/equal_operator_t02: MissingCompileTimeError
Language/Statements/Switch/execution_case_no_default_t02: CompileTimeError
Language/Statements/Switch/execution_case_t02: CompileTimeError
Language/Statements/Switch/execution_t01: CompileTimeError
Language/Statements/Switch/expressions_t01: MissingCompileTimeError
Language/Statements/Switch/expressions_t02: MissingCompileTimeError
Language/Statements/Switch/expressions_t04: MissingCompileTimeError
Language/Statements/Switch/last_statement_t01: CompileTimeError
Language/Statements/Switch/scope_t02: CompileTimeError
Language/Statements/Switch/type_t01: CompileTimeError
Language/Statements/Try/catch_scope_t01: CompileTimeError
Language/Statements/Try/malformed_type_t01: CompileTimeError
Language/Statements/Try/malformed_type_t02: CompileTimeError
Language/Statements/Try/malformed_type_t03: CompileTimeError
Language/Statements/Try/malformed_type_t04: CompileTimeError
Language/Statements/While/condition_type_t01: CompileTimeError
Language/Statements/While/condition_type_t02: CompileTimeError
Language/Statements/While/condition_type_t03: CompileTimeError
Language/Statements/While/execution_t02: CompileTimeError
Language/Statements/Yield_and_Yield_Each/Yield/static_type_t01: CompileTimeError
Language/Statements/Yield_and_Yield_Each/Yield/static_type_t02: CompileTimeError
Language/Statements/Yield_and_Yield_Each/Yield_Each/execution_async_t01: CompileTimeError
Language/Statements/Yield_and_Yield_Each/Yield_Each/execution_sync_t01: CompileTimeError
Language/Statements/Yield_and_Yield_Each/Yield_Each/static_type_t01: CompileTimeError
Language/Statements/Yield_and_Yield_Each/Yield_Each/static_type_t02: CompileTimeError
Language/Types/Dynamic_Type_System/deferred_type_error_t01: CompileTimeError
Language/Types/Dynamic_Type_System/malbounded_type_error_t01: CompileTimeError
Language/Types/Dynamic_Type_System/malformed_type_error_t01: CompileTimeError
Language/Types/Function_Types/assignment_t01: CompileTimeError
Language/Types/Interface_Types/subtype_t12: CompileTimeError
Language/Types/Interface_Types/subtype_t19: CompileTimeError
Language/Types/Interface_Types/subtype_t20: CompileTimeError
Language/Types/Interface_Types/subtype_t22: CompileTimeError
Language/Types/Interface_Types/subtype_t24: CompileTimeError
Language/Types/Interface_Types/subtype_t26: CompileTimeError
Language/Types/Interface_Types/subtype_t30: CompileTimeError
Language/Types/Interface_Types/subtype_t31: CompileTimeError
Language/Types/Interface_Types/subtype_t32: CompileTimeError
Language/Types/Interface_Types/subtype_t33: CompileTimeError
Language/Types/Interface_Types/subtype_t34: CompileTimeError
Language/Types/Interface_Types/subtype_t35: CompileTimeError
Language/Types/Interface_Types/subtype_t36: CompileTimeError
Language/Types/Interface_Types/subtype_t37: CompileTimeError
Language/Types/Interface_Types/subtype_t38: CompileTimeError
Language/Types/Interface_Types/subtype_t45: CompileTimeError
Language/Types/Interface_Types/subtype_t47: CompileTimeError
Language/Types/Parameterized_Types/Actual_Type_of_Declaration/actual_type_t02: CompileTimeError
Language/Types/Parameterized_Types/Actual_Type_of_Declaration/actual_type_t03: CompileTimeError
Language/Types/Parameterized_Types/arity_mismatch_t01: CompileTimeError
Language/Types/Parameterized_Types/arity_mismatch_t02: CompileTimeError
Language/Types/Parameterized_Types/arity_mismatch_t03: CompileTimeError
Language/Types/Parameterized_Types/arity_mismatch_t04: CompileTimeError
Language/Types/Parameterized_Types/arity_mismatch_t06: CompileTimeError
Language/Types/Parameterized_Types/malbounded_t06: CompileTimeError
Language/Types/Parameterized_Types/malbounded_t07: CompileTimeError
Language/Types/Static_Types/deferred_type_t01: CompileTimeError
Language/Types/Static_Types/malformed_type_t01: CompileTimeError
Language/Types/Static_Types/malformed_type_t02: CompileTimeError
Language/Types/Static_Types/malformed_type_t03: CompileTimeError
Language/Types/Static_Types/malformed_type_t04: CompileTimeError
Language/Types/Static_Types/malformed_type_t05: CompileTimeError
Language/Types/Static_Types/malformed_type_t06: CompileTimeError
Language/Types/Type_Declarations/Typedef/self_reference_t08: Crash
Language/Types/Type_Declarations/Typedef/self_reference_t09: Crash
Language/Types/Type_Declarations/Typedef/syntax_t01: CompileTimeError
Language/Types/Type_Void/syntax_t08: MissingCompileTimeError
Language/Types/Type_Void/syntax_t09: MissingCompileTimeError
Language/Variables/constant_variable_t01: CompileTimeError
Language/Variables/constant_variable_t02: CompileTimeError
Language/Variables/constant_variable_t03: CompileTimeError
Language/Variables/constant_variable_t04: CompileTimeError
Language/Variables/constant_variable_t10: CompileTimeError
Language/Variables/final_or_static_initialization_t02: MissingCompileTimeError
Language/Variables/final_or_static_initialization_t03: MissingCompileTimeError
Language/Variables/final_t01/01: CompileTimeError
Language/Variables/final_t02/01: CompileTimeError
Language/Variables/implicit_getter_t02: CompileTimeError
Language/Variables/implicit_getter_t03: CompileTimeError
Language/Variables/implicit_getter_t04: CompileTimeError
Language/Variables/implicit_getter_t05: CompileTimeError
Language/Variables/implicit_getter_t08: CompileTimeError
Language/Variables/implicit_getter_t09: CompileTimeError
Language/Variables/implicit_getter_t10: CompileTimeError
Language/Variables/implicit_getter_t11: CompileTimeError
Language/Variables/implicit_setter_t02: CompileTimeError
Language/Variables/implicit_setter_void_t02: CompileTimeError
Language/Variables/implicit_setter_void_t03: CompileTimeError
Language/Variables/implicit_setter_void_t05: CompileTimeError
Language/Variables/implicit_setter_void_t06: CompileTimeError
Language/Variables/local_variable_t03: CompileTimeError
LibTest/async/Completer/completeError_A01_t01: CompileTimeError
LibTest/async/Completer/complete_A01_t04: CompileTimeError
LibTest/async/Future/catchError_A03_t05: CompileTimeError
LibTest/async/Future/doWhile_A03_t01: CompileTimeError
LibTest/async/Future/doWhile_A04_t01: CompileTimeError
LibTest/async/Future/doWhile_A04_t02: CompileTimeError
LibTest/async/Future/doWhile_A04_t03: CompileTimeError
LibTest/async/Future/doWhile_A05_t01: CompileTimeError
LibTest/async/Future/forEach_A01_t01: CompileTimeError
LibTest/async/Future/forEach_A02_t01: CompileTimeError
LibTest/async/Future/forEach_A03_t01: CompileTimeError
LibTest/async/Future/forEach_A04_t01: CompileTimeError
LibTest/async/Future/forEach_A04_t02: CompileTimeError
LibTest/async/Future/then_A03_t01: CompileTimeError
LibTest/async/Future/then_A04_t01: CompileTimeError
LibTest/async/Stream/Stream.fromFuture_A02_t01: CompileTimeError
LibTest/async/Stream/Stream.fromFuture_A02_t02: CompileTimeError
LibTest/async/Stream/Stream.fromFutures_A01_t01: CompileTimeError
LibTest/async/Stream/Stream.fromFutures_A01_t02: CompileTimeError
LibTest/async/Stream/Stream.fromFutures_A02_t01: CompileTimeError
LibTest/async/Stream/Stream.fromFutures_A02_t02: CompileTimeError
LibTest/async/Stream/Stream.fromIterable_A01_t02: CompileTimeError
LibTest/async/Stream/Stream.periodic_A01_t01: CompileTimeError
LibTest/async/Stream/Stream_A01_t01: CompileTimeError
LibTest/async/Stream/distinct_A01_t01: CompileTimeError
LibTest/async/Stream/firstWhere_A01_t01: CompileTimeError
LibTest/async/Stream/firstWhere_A02_t01: CompileTimeError
LibTest/async/Stream/fold_A01_t01: CompileTimeError
LibTest/async/Stream/forEach_A01_t01: CompileTimeError
LibTest/async/Stream/forEach_A02_t01: CompileTimeError
LibTest/async/Stream/forEach_A02_t02: CompileTimeError
LibTest/async/Stream/isBroadcast_A01_t01: CompileTimeError
LibTest/async/Stream/isBroadcast_A01_t02: CompileTimeError
LibTest/async/Stream/lastWhere_A01_t01: CompileTimeError
LibTest/async/Stream/lastWhere_A02_t01: CompileTimeError
LibTest/async/Stream/pipe_A01_t01: CompileTimeError
LibTest/async/Stream/reduce_A01_t01: CompileTimeError
LibTest/async/Stream/singleWhere_A01_t01: CompileTimeError
LibTest/async/Stream/timeout_A01_t01: CompileTimeError
LibTest/async/Stream/toSet_A01_t01: CompileTimeError
LibTest/async/Stream/transform_A01_t01: CompileTimeError
LibTest/async/Stream/where_A01_t01: CompileTimeError
LibTest/async/Stream/where_A01_t02: CompileTimeError
LibTest/async/StreamController/EventSink_class_A01_t01: CompileTimeError
LibTest/async/StreamController/StreamConsumer_class_A01_t01: CompileTimeError
LibTest/async/StreamController/sink_A01_t01: CompileTimeError
LibTest/async/StreamTransformer/StreamTransformer.fromHandlers_A01_t03: CompileTimeError
LibTest/async/StreamTransformer/StreamTransformer_A02_t02: CompileTimeError
LibTest/async/Zone/ROOT_A01_t01: CompileTimeError
LibTest/async/Zone/bindBinaryCallback_A01_t02: CompileTimeError
LibTest/async/Zone/bindCallback_A01_t02: CompileTimeError
LibTest/async/Zone/bindUnaryCallback_A01_t02: CompileTimeError
LibTest/async/Zone/registerBinaryCallback_A01_t01: CompileTimeError
LibTest/async/Zone/registerCallback_A01_t01: CompileTimeError
LibTest/async/Zone/registerUnaryCallback_A01_t01: CompileTimeError
LibTest/collection/DoubleLinkedQueue/DoubleLinkedQueue_class_A01_t01: CompileTimeError
LibTest/collection/DoubleLinkedQueue/firstWhere_A02_t01: CompileTimeError
LibTest/collection/DoubleLinkedQueue/firstWhere_A03_t01: CompileTimeError
LibTest/collection/DoubleLinkedQueue/forEachEntry_A01_t03: CompileTimeError
LibTest/collection/DoubleLinkedQueue/forEach_A01_t03: CompileTimeError
LibTest/collection/DoubleLinkedQueue/lastWhere_A02_t01: CompileTimeError
LibTest/collection/DoubleLinkedQueue/lastWhere_A03_t01: CompileTimeError
LibTest/collection/DoubleLinkedQueue/skipWhile_A02_t01: CompileTimeError
LibTest/collection/DoubleLinkedQueue/takeWhile_A02_t01: CompileTimeError
LibTest/collection/HashMap/HashMap_class_A01_t01: CompileTimeError
LibTest/collection/HashSet/HashSet_class_A01_t01: CompileTimeError
LibTest/collection/IterableBase/IterableBase_class_A01_t01: CompileTimeError
LibTest/collection/IterableBase/IterableBase_class_A01_t02: CompileTimeError
LibTest/collection/IterableMixin/IterableMixin_class_A01_t01: CompileTimeError
LibTest/collection/IterableMixin/IterableMixin_class_A02_t01: CompileTimeError
LibTest/collection/LinkedHashMap/LinkedHashMap_A03_t01: CompileTimeError
LibTest/collection/LinkedHashMap/LinkedHashMap_A04_t01: CompileTimeError
LibTest/collection/LinkedHashMap/LinkedHashMap_A04_t02: CompileTimeError
LibTest/collection/LinkedHashMap/LinkedHashMap_class_A01_t01: CompileTimeError
LibTest/collection/LinkedHashSet/LinkedHashSet_A03_t01: CompileTimeError
LibTest/collection/LinkedHashSet/LinkedHashSet_A05_t01: CompileTimeError
LibTest/collection/LinkedHashSet/LinkedHashSet_A05_t02: CompileTimeError
LibTest/collection/LinkedHashSet/LinkedHashSet_class_A01_t01: CompileTimeError
LibTest/collection/LinkedList/LinkedList_A01_t01: CompileTimeError
LibTest/collection/LinkedList/addAll_A01_t01: CompileTimeError
LibTest/collection/LinkedList/addAll_A02_t01: CompileTimeError
LibTest/collection/LinkedList/addFirst_A01_t02: CompileTimeError
LibTest/collection/LinkedList/add_A01_t01: CompileTimeError
LibTest/collection/LinkedList/add_A01_t02: CompileTimeError
LibTest/collection/LinkedList/any_A01_t01: CompileTimeError
LibTest/collection/LinkedList/clear_A01_t01: CompileTimeError
LibTest/collection/LinkedList/contains_A01_t01: CompileTimeError
LibTest/collection/LinkedList/every_A02_t01: CompileTimeError
LibTest/collection/LinkedList/first_A01_t01: CompileTimeError
LibTest/collection/LinkedList/first_A01_t02: CompileTimeError
LibTest/collection/LinkedList/forEach_A01_t02: CompileTimeError
LibTest/collection/LinkedList/forEach_A02_t01: CompileTimeError
LibTest/collection/LinkedList/iterator_moveNext_A01_t01: CompileTimeError
LibTest/collection/LinkedList/join_A01_t01: CompileTimeError
LibTest/collection/LinkedList/lastWhere_A01_t01: CompileTimeError
LibTest/collection/LinkedList/lastWhere_A02_t01: CompileTimeError
LibTest/collection/LinkedList/lastWhere_A03_t01: CompileTimeError
LibTest/collection/LinkedList/last_A01_t01: CompileTimeError
LibTest/collection/LinkedList/length_A01_t01: CompileTimeError
LibTest/collection/LinkedList/singleWhere_A01_t01: CompileTimeError
LibTest/collection/LinkedList/singleWhere_A02_t01: CompileTimeError
LibTest/collection/LinkedList/singleWhere_A02_t02: CompileTimeError
LibTest/collection/LinkedListEntry/insertAfter_A01_t01: CompileTimeError
LibTest/collection/LinkedListEntry/insertAfter_A01_t02: CompileTimeError
LibTest/collection/LinkedListEntry/insertAfter_A02_t02: CompileTimeError
LibTest/collection/LinkedListEntry/insertAfter_A02_t03: CompileTimeError
LibTest/collection/LinkedListEntry/insertBefore_A01_t01: CompileTimeError
LibTest/collection/LinkedListEntry/insertBefore_A01_t02: CompileTimeError
LibTest/collection/LinkedListEntry/insertBefore_A02_t02: CompileTimeError
LibTest/collection/LinkedListEntry/insertBefore_A02_t03: CompileTimeError
LibTest/collection/LinkedListEntry/list_A01_t01: CompileTimeError
LibTest/collection/LinkedListEntry/list_A01_t03: CompileTimeError
LibTest/collection/LinkedListEntry/next_A01_t02: CompileTimeError
LibTest/collection/LinkedListEntry/next_A01_t03: CompileTimeError
LibTest/collection/LinkedListEntry/previous_A01_t02: CompileTimeError
LibTest/collection/LinkedListEntry/previous_A01_t03: CompileTimeError
LibTest/collection/LinkedListEntry/unlink_A01_t01: CompileTimeError
LibTest/collection/LinkedListEntry/unlink_A01_t02: CompileTimeError
LibTest/collection/LinkedListEntry/unlink_A01_t03: CompileTimeError
LibTest/collection/LinkedListEntry/unlink_A02_t02: CompileTimeError
LibTest/collection/ListBase/ListBase_class_A01_t01: CompileTimeError
LibTest/collection/ListMixin/ListMixin_class_A01_t01: CompileTimeError
LibTest/collection/ListQueue/ListQueue_class_A01_t01: CompileTimeError
LibTest/collection/MapBase/MapBase_class_A01_t01: CompileTimeError
LibTest/collection/MapMixin/MapMixin_class_A01_t01: CompileTimeError
LibTest/collection/MapView/MapView_class_A01_t01: CompileTimeError
LibTest/collection/Maps/forEach_A01_t01: CompileTimeError
LibTest/collection/Maps/forEach_A01_t02: CompileTimeError
LibTest/collection/Maps/forEach_A01_t04: CompileTimeError
LibTest/collection/Maps/forEach_A01_t05: CompileTimeError
LibTest/collection/Maps/forEach_A01_t06: CompileTimeError
LibTest/collection/Maps/forEach_A01_t08: CompileTimeError
LibTest/collection/Maps/forEach_A02_t01: CompileTimeError
LibTest/collection/Maps/putIfAbsent_A01_t04: CompileTimeError
LibTest/collection/Maps/putIfAbsent_A01_t07: CompileTimeError
LibTest/collection/Maps/putIfAbsent_A01_t08: CompileTimeError
LibTest/collection/Queue/Queue_class_A01_t01: CompileTimeError
LibTest/collection/SetBase/SetBase_class_A01_t01: CompileTimeError
LibTest/collection/SetBase/setToString_A01_t01: CompileTimeError
LibTest/collection/SetBase/setToString_A02_t01: CompileTimeError
LibTest/collection/SetMixin/SetMixin_class_A01_t01: CompileTimeError
LibTest/collection/SplayTreeMap/SplayTreeMap.fromIterable_A03_t01: CompileTimeError
LibTest/collection/SplayTreeMap/SplayTreeMap.fromIterable_A05_t01: CompileTimeError
LibTest/collection/SplayTreeMap/SplayTreeMap.fromIterable_A06_t01: CompileTimeError
LibTest/collection/SplayTreeMap/SplayTreeMap.fromIterable_A06_t02: CompileTimeError
LibTest/collection/SplayTreeMap/SplayTreeMap.fromIterables_A04_t01: CompileTimeError
LibTest/collection/SplayTreeMap/SplayTreeMap.fromIterables_A05_t01: CompileTimeError
LibTest/collection/SplayTreeMap/SplayTreeMap.fromIterables_A05_t02: CompileTimeError
LibTest/collection/SplayTreeMap/SplayTreeMap.from_A02_t01: CompileTimeError
LibTest/collection/SplayTreeMap/SplayTreeMap.from_A03_t01: CompileTimeError
LibTest/collection/SplayTreeMap/SplayTreeMap.from_A03_t02: CompileTimeError
LibTest/collection/SplayTreeMap/SplayTreeMap_A02_t02: CompileTimeError
LibTest/collection/SplayTreeMap/SplayTreeMap_A02_t03: CompileTimeError
LibTest/collection/SplayTreeMap/SplayTreeMap_A03_t01: CompileTimeError
LibTest/collection/SplayTreeMap/SplayTreeMap_A03_t02: CompileTimeError
LibTest/collection/SplayTreeMap/SplayTreeMap_A04_t01: CompileTimeError
LibTest/collection/SplayTreeMap/SplayTreeMap_A04_t02: CompileTimeError
LibTest/collection/SplayTreeMap/inherited_tests_A01_t01: CompileTimeError
LibTest/collection/SplayTreeSet/SplayTreeSet.from_A02_t04: CompileTimeError
LibTest/collection/SplayTreeSet/SplayTreeSet.from_A02_t05: CompileTimeError
LibTest/collection/SplayTreeSet/SplayTreeSet.from_A02_t07: CompileTimeError
LibTest/collection/SplayTreeSet/SplayTreeSet.from_A02_t08: CompileTimeError
LibTest/collection/SplayTreeSet/SplayTreeSet_A03_t03: CompileTimeError
LibTest/collection/SplayTreeSet/SplayTreeSet_A04_t01: CompileTimeError
LibTest/collection/SplayTreeSet/SplayTreeSet_A05_t01: CompileTimeError
LibTest/collection/SplayTreeSet/SplayTreeSet_A06_t01: CompileTimeError
LibTest/collection/SplayTreeSet/SplayTreeSet_class_A01_t01: CompileTimeError
LibTest/convert/JsonCodec/encode_A02_t03: CompileTimeError
LibTest/convert/JsonCodec/encode_A03_t01: CompileTimeError
LibTest/convert/JsonEncoder/JsonEncoder_A01_t01: CompileTimeError
LibTest/core/AssertionError/AssertionError_A01_t01: CompileTimeError
LibTest/core/AssertionError/message_A01_t01: CompileTimeError
LibTest/core/AssertionError/toString_A01_t01: CompileTimeError
LibTest/core/FallThroughError/toString_A01_t02: CompileTimeError
LibTest/core/Invocation/isAccessor_A01_t01: CompileTimeError
LibTest/core/Invocation/isAccessor_A01_t02: CompileTimeError
LibTest/core/Invocation/isGetter_A01_t01: CompileTimeError
LibTest/core/Invocation/isGetter_A01_t02: CompileTimeError
LibTest/core/Invocation/isMethod_A01_t01: CompileTimeError
LibTest/core/Invocation/isMethod_A01_t02: CompileTimeError
LibTest/core/Invocation/isSetter_A01_t01: CompileTimeError
LibTest/core/Invocation/isSetter_A01_t02: CompileTimeError
LibTest/core/Invocation/memberName_A01_t01: CompileTimeError
LibTest/core/Invocation/namedArguments_A01_t01: CompileTimeError
LibTest/core/Invocation/positionalArguments_A01_t01: CompileTimeError
LibTest/core/List/List_class_A01_t01: CompileTimeError
LibTest/core/List/List_class_A01_t02: CompileTimeError
LibTest/core/Map/allTests_A01_t01: CompileTimeError
LibTest/core/RegExp/allMatches_A01_t01: CompileTimeError
LibTest/core/RegExp/firstMatch_A01_t01: CompileTimeError
LibTest/core/RuneIterator/currentAsString_A01_t02: CompileTimeError
LibTest/core/RuneIterator/currentSize_A01_t02: CompileTimeError
LibTest/core/RuneIterator/current_A01_t02: CompileTimeError
LibTest/core/RuneIterator/string_A01_t02: CompileTimeError
LibTest/core/Runes/first_A01_t02: CompileTimeError
LibTest/core/Runes/isEmpty_A01_t02: CompileTimeError
LibTest/core/Runes/isNotEmpty_A01_t02: CompileTimeError
LibTest/core/Runes/iterator_A01_t02: CompileTimeError
LibTest/core/Runes/last_A01_t02: CompileTimeError
LibTest/core/Runes/length_A01_t02: CompileTimeError
LibTest/core/Runes/single_A01_t02: CompileTimeError
LibTest/core/Runes/skipWhile_A03_t01: CompileTimeError
LibTest/core/Runes/string_A01_t02: CompileTimeError
LibTest/core/Runes/takeWhile_A03_t01: CompileTimeError
LibTest/core/Set/addAll_A01_t03: CompileTimeError
LibTest/core/Set/add_A01_t03: CompileTimeError
LibTest/core/Set/forEach_A01_t03: CompileTimeError
LibTest/core/Set/remove_A01_t03: CompileTimeError
LibTest/core/String/String.fromCharCodes_A02_t01: CompileTimeError
LibTest/core/Symbol/Symbol_A01_t04: CompileTimeError
LibTest/core/TypeError/toString_A01_t01: CompileTimeError
LibTest/core/double/isInfinite_A01_t03: CompileTimeError
LibTest/core/double/operator_GE_A01_t03: CompileTimeError
LibTest/core/double/operator_GE_A02_t01: CompileTimeError
LibTest/core/double/operator_GT_A01_t03: CompileTimeError
LibTest/core/double/operator_GT_A02_t01: CompileTimeError
LibTest/core/double/operator_LE_A01_t03: CompileTimeError
LibTest/core/double/operator_LE_A02_t01: CompileTimeError
LibTest/core/double/operator_LT_A01_t03: CompileTimeError
LibTest/core/double/operator_LT_A02_t01: CompileTimeError
LibTest/core/double/operator_addition_A01_t07: CompileTimeError
LibTest/core/double/operator_addition_A02_t01: CompileTimeError
LibTest/core/double/operator_division_A01_t07: CompileTimeError
LibTest/core/double/operator_division_A01_t08: CompileTimeError
LibTest/core/double/operator_division_A01_t11: CompileTimeError
LibTest/core/double/operator_division_A02_t01: CompileTimeError
LibTest/core/double/operator_multiplication_A01_t06: CompileTimeError
LibTest/core/double/operator_multiplication_A01_t08: CompileTimeError
LibTest/core/double/operator_multiplication_A02_t01: CompileTimeError
LibTest/core/double/operator_remainder_A01_t02: CompileTimeError
LibTest/core/double/operator_remainder_A01_t03: CompileTimeError
LibTest/core/double/operator_remainder_A01_t04: CompileTimeError
LibTest/core/double/operator_remainder_A01_t05: CompileTimeError
LibTest/core/double/operator_remainder_A01_t06: CompileTimeError
LibTest/core/double/operator_remainder_A02_t01: CompileTimeError
LibTest/core/double/operator_subtraction_A01_t07: CompileTimeError
LibTest/core/double/operator_subtraction_A01_t08: CompileTimeError
LibTest/core/double/operator_subtraction_A02_t01: CompileTimeError
LibTest/core/double/operator_truncating_division_A01_t08: CompileTimeError
LibTest/core/double/operator_truncating_division_A02_t01: CompileTimeError
LibTest/core/double/remainder_A01_t02: CompileTimeError
LibTest/core/double/remainder_A01_t03: CompileTimeError
LibTest/core/double/remainder_A01_t04: CompileTimeError
LibTest/core/double/remainder_A01_t05: CompileTimeError
LibTest/core/double/remainder_A01_t06: CompileTimeError
LibTest/core/double/remainder_A02_t01: CompileTimeError
LibTest/core/double/toStringAsFixed_A02_t01: CompileTimeError
LibTest/core/int/abs_A01_t01: CompileTimeError
LibTest/core/int/ceilToDouble_A01_t01: CompileTimeError
LibTest/core/int/ceil_A01_t01: CompileTimeError
LibTest/core/int/compareTo_A01_t01: CompileTimeError
LibTest/core/int/floorToDouble_A01_t01: CompileTimeError
LibTest/core/int/floor_A01_t01: CompileTimeError
LibTest/core/int/isEven_A01_t01: CompileTimeError
LibTest/core/int/isInfinite_A01_t01: CompileTimeError
LibTest/core/int/isNaN_A01_t01: CompileTimeError
LibTest/core/int/isNegative_A01_t01: CompileTimeError
LibTest/core/int/isOdd_A01_t01: CompileTimeError
LibTest/core/int/operator_AND_A01_t01: CompileTimeError
LibTest/core/int/operator_GE_A01_t01: CompileTimeError
LibTest/core/int/operator_GT_A01_t01: CompileTimeError
LibTest/core/int/operator_LE_A01_t01: CompileTimeError
LibTest/core/int/operator_LT_A01_t01: CompileTimeError
LibTest/core/int/operator_NOT_A01_t01: CompileTimeError
LibTest/core/int/operator_OR_A01_t01: CompileTimeError
LibTest/core/int/operator_XOR_A01_t01: CompileTimeError
LibTest/core/int/operator_addition_A01_t01: CompileTimeError
LibTest/core/int/operator_division_A01_t01: CompileTimeError
LibTest/core/int/operator_left_shift_A01_t01: CompileTimeError
LibTest/core/int/operator_multiplication_A01_t01: CompileTimeError
LibTest/core/int/operator_remainder_A01_t01: CompileTimeError
LibTest/core/int/operator_remainder_A01_t02: CompileTimeError
LibTest/core/int/operator_right_shift_A01_t01: CompileTimeError
LibTest/core/int/operator_subtraction_A01_t01: CompileTimeError
LibTest/core/int/operator_truncating_division_A01_t01: CompileTimeError
LibTest/core/int/operator_truncating_division_A01_t02: CompileTimeError
LibTest/core/int/operator_unary_minus_A01_t01: CompileTimeError
LibTest/core/int/parse_A01_t01: CompileTimeError
LibTest/core/int/remainder_A01_t01: CompileTimeError
LibTest/core/int/remainder_A01_t02: CompileTimeError
LibTest/core/int/roundToDouble_A01_t01: CompileTimeError
LibTest/core/int/round_A01_t01: CompileTimeError
LibTest/core/int/toDouble_A01_t01: CompileTimeError
LibTest/core/int/toInt_A01_t01: CompileTimeError
LibTest/core/int/truncateToDouble_A01_t01: CompileTimeError
LibTest/core/int/truncate_A01_t01: CompileTimeError
LibTest/isolate/Isolate/spawnUri_A01_t05: CompileTimeError
LibTest/isolate/Isolate/spawnUri_A02_t01: CompileTimeError
LibTest/isolate/Isolate/spawnUri_A02_t06: CompileTimeError
LibTest/isolate/Isolate/spawnUri_A02_t07: CompileTimeError
LibTest/isolate/Isolate/spawn_A01_t03: CompileTimeError
LibTest/isolate/Isolate/spawn_A02_t04: CompileTimeError
LibTest/isolate/Isolate/spawn_A02_t05: CompileTimeError
LibTest/isolate/Isolate/spawn_A02_t06: CompileTimeError
LibTest/isolate/Isolate/spawn_A02_t07: CompileTimeError
LibTest/isolate/Isolate/spawn_A04_t01: CompileTimeError
LibTest/isolate/Isolate/spawn_A04_t02: CompileTimeError
LibTest/isolate/Isolate/spawn_A04_t03: CompileTimeError
LibTest/isolate/Isolate/spawn_A04_t04: CompileTimeError
LibTest/isolate/Isolate/spawn_A04_t05: CompileTimeError
LibTest/isolate/Isolate/spawn_A05_t03: CompileTimeError
LibTest/isolate/Isolate/spawn_A06_t01: CompileTimeError
LibTest/isolate/Isolate/spawn_A06_t02: CompileTimeError
LibTest/isolate/Isolate/spawn_A06_t03: CompileTimeError
LibTest/isolate/Isolate/spawn_A06_t04: CompileTimeError
LibTest/isolate/Isolate/spawn_A06_t05: CompileTimeError
LibTest/isolate/Isolate/spawn_A06_t06: CompileTimeError
LibTest/isolate/Isolate/spawn_A06_t07: CompileTimeError
LibTest/isolate/ReceivePort/any_A01_t02: CompileTimeError
LibTest/isolate/ReceivePort/distinct_A01_t01: CompileTimeError
LibTest/isolate/ReceivePort/firstWhere_A01_t01: CompileTimeError
LibTest/isolate/ReceivePort/firstWhere_A02_t01: CompileTimeError
LibTest/isolate/ReceivePort/fold_A01_t01: CompileTimeError
LibTest/isolate/ReceivePort/forEach_A01_t01: CompileTimeError
LibTest/isolate/ReceivePort/lastWhere_A01_t01: CompileTimeError
LibTest/isolate/ReceivePort/lastWhere_A02_t01: CompileTimeError
LibTest/isolate/ReceivePort/reduce_A01_t01: CompileTimeError
LibTest/isolate/ReceivePort/sendPort_A01_t01: CompileTimeError
LibTest/isolate/ReceivePort/singleWhere_A01_t01: CompileTimeError
LibTest/isolate/ReceivePort/toSet_A01_t01: CompileTimeError
LibTest/isolate/ReceivePort/transform_A01_t01: CompileTimeError
LibTest/isolate/ReceivePort/where_A01_t01: CompileTimeError
LibTest/isolate/ReceivePort/where_A01_t02: CompileTimeError
LibTest/math/Point/operator_addition_A02_t01: CompileTimeError
LibTest/math/Point/operator_mult_A02_t01: CompileTimeError
LibTest/math/Point/operator_mult_A03_t01: CompileTimeError
LibTest/math/Point/operator_subtraction_A02_t01: CompileTimeError
LibTest/math/max_A01_t01: CompileTimeError
LibTest/math/max_A02_t01: CompileTimeError
LibTest/math/min_A01_t01: CompileTimeError
LibTest/math/min_A02_t01: CompileTimeError
LibTest/math/pow_A10_t01: CompileTimeError
LibTest/typed_data/ByteBuffer/hashCode_A01_t02: CompileTimeError
LibTest/typed_data/ByteBuffer/lengthInBytes_A01_t02: CompileTimeError
LibTest/typed_data/ByteBuffer/runtimeType_A01_t02: CompileTimeError
LibTest/typed_data/ByteData/ByteData.view_A01_t02: CompileTimeError
LibTest/typed_data/ByteData/ByteData.view_A03_t01: CompileTimeError
LibTest/typed_data/ByteData/ByteData.view_A04_t01: CompileTimeError
LibTest/typed_data/ByteData/ByteData_A01_t01: CompileTimeError
LibTest/typed_data/ByteData/buffer_A01_t01: CompileTimeError
LibTest/typed_data/ByteData/buffer_A01_t02: CompileTimeError
LibTest/typed_data/ByteData/elementSizeInBytes_A01_t02: CompileTimeError
LibTest/typed_data/ByteData/getUint64_A01_t01: CompileTimeError
LibTest/typed_data/ByteData/hashCode_A01_t02: CompileTimeError
LibTest/typed_data/ByteData/lengthInBytes_A01_t02: CompileTimeError
LibTest/typed_data/ByteData/offsetInBytes_A01_t02: CompileTimeError
LibTest/typed_data/ByteData/runtimeType_A01_t02: CompileTimeError
LibTest/typed_data/ByteData/setUint64_A01_t01: CompileTimeError
LibTest/typed_data/Float32List/asMap_A01_t02: CompileTimeError
LibTest/typed_data/Float32List/buffer_A01_t02: CompileTimeError
LibTest/typed_data/Float32List/elementSizeInBytes_A01_t02: CompileTimeError
LibTest/typed_data/Float32List/first_A01_t02: CompileTimeError
LibTest/typed_data/Float32List/hashCode_A01_t02: CompileTimeError
LibTest/typed_data/Float32List/isEmpty_A01_t02: CompileTimeError
LibTest/typed_data/Float32List/isNotEmpty_A01_t02: CompileTimeError
LibTest/typed_data/Float32List/iterator_A01_t02: CompileTimeError
LibTest/typed_data/Float32List/last_A01_t02: CompileTimeError
LibTest/typed_data/Float32List/lengthInBytes_A01_t02: CompileTimeError
LibTest/typed_data/Float32List/offsetInBytes_A01_t02: CompileTimeError
LibTest/typed_data/Float32List/reduce_A01_t01: CompileTimeError
LibTest/typed_data/Float32List/reduce_A02_t01: CompileTimeError
LibTest/typed_data/Float32List/replaceRange_A01_t01: CompileTimeError
LibTest/typed_data/Float32List/reversed_A01_t02: CompileTimeError
LibTest/typed_data/Float32List/runtimeType_A01_t02: CompileTimeError
LibTest/typed_data/Float32List/single_A01_t02: CompileTimeError
LibTest/typed_data/Float32List/skipWhile_A03_t01: CompileTimeError
LibTest/typed_data/Float32List/takeWhile_A03_t01: CompileTimeError
LibTest/typed_data/Float32x4/w_A01_t02: CompileTimeError
LibTest/typed_data/Float32x4/x_A01_t02: CompileTimeError
LibTest/typed_data/Float32x4/y_A01_t02: CompileTimeError
LibTest/typed_data/Float32x4/z_A01_t02: CompileTimeError
LibTest/typed_data/Float32x4List/asMap_A01_t02: CompileTimeError
LibTest/typed_data/Float32x4List/buffer_A01_t02: CompileTimeError
LibTest/typed_data/Float32x4List/elementSizeInBytes_A01_t02: CompileTimeError
LibTest/typed_data/Float32x4List/firstWhere_A02_t01: CompileTimeError
LibTest/typed_data/Float32x4List/first_A01_t02: CompileTimeError
LibTest/typed_data/Float32x4List/hashCode_A01_t02: CompileTimeError
LibTest/typed_data/Float32x4List/isEmpty_A01_t02: CompileTimeError
LibTest/typed_data/Float32x4List/isNotEmpty_A01_t02: CompileTimeError
LibTest/typed_data/Float32x4List/iterator_A01_t02: CompileTimeError
LibTest/typed_data/Float32x4List/lengthInBytes_A01_t02: CompileTimeError
LibTest/typed_data/Float32x4List/offsetInBytes_A01_t02: CompileTimeError
LibTest/typed_data/Float32x4List/reduce_A02_t01: CompileTimeError
LibTest/typed_data/Float32x4List/reversed_A01_t02: CompileTimeError
LibTest/typed_data/Float32x4List/runtimeType_A01_t02: CompileTimeError
LibTest/typed_data/Float32x4List/single_A01_t02: CompileTimeError
LibTest/typed_data/Float32x4List/skipWhile_A03_t01: CompileTimeError
LibTest/typed_data/Float32x4List/takeWhile_A03_t01: CompileTimeError
LibTest/typed_data/Float64List/add_A01_t01: CompileTimeError
LibTest/typed_data/Float64List/asMap_A01_t02: CompileTimeError
LibTest/typed_data/Float64List/buffer_A01_t02: CompileTimeError
LibTest/typed_data/Float64List/elementSizeInBytes_A01_t02: CompileTimeError
LibTest/typed_data/Float64List/firstWhere_A02_t01: CompileTimeError
LibTest/typed_data/Float64List/first_A01_t02: CompileTimeError
LibTest/typed_data/Float64List/forEach_A01_t01: CompileTimeError
LibTest/typed_data/Float64List/hashCode_A01_t02: CompileTimeError
LibTest/typed_data/Float64List/isEmpty_A01_t02: CompileTimeError
LibTest/typed_data/Float64List/isNotEmpty_A01_t02: CompileTimeError
LibTest/typed_data/Float64List/iterator_A01_t02: CompileTimeError
LibTest/typed_data/Float64List/last_A01_t02: CompileTimeError
LibTest/typed_data/Float64List/lengthInBytes_A01_t02: CompileTimeError
LibTest/typed_data/Float64List/offsetInBytes_A01_t02: CompileTimeError
LibTest/typed_data/Float64List/reduce_A01_t01: CompileTimeError
LibTest/typed_data/Float64List/reduce_A02_t01: CompileTimeError
LibTest/typed_data/Float64List/replaceRange_A01_t01: CompileTimeError
LibTest/typed_data/Float64List/reversed_A01_t02: CompileTimeError
LibTest/typed_data/Float64List/runtimeType_A01_t02: CompileTimeError
LibTest/typed_data/Float64List/single_A01_t02: CompileTimeError
LibTest/typed_data/Float64List/skipWhile_A03_t01: CompileTimeError
LibTest/typed_data/Float64List/takeWhile_A03_t01: CompileTimeError
LibTest/typed_data/Int16List/buffer_A01_t02: CompileTimeError
LibTest/typed_data/Int16List/elementSizeInBytes_A01_t02: CompileTimeError
LibTest/typed_data/Int16List/hashCode_A01_t02: CompileTimeError
LibTest/typed_data/Int16List/isEmpty_A01_t02: CompileTimeError
LibTest/typed_data/Int16List/isNotEmpty_A01_t02: CompileTimeError
LibTest/typed_data/Int16List/iterator_A01_t02: CompileTimeError
LibTest/typed_data/Int16List/lengthInBytes_A01_t02: CompileTimeError
LibTest/typed_data/Int16List/offsetInBytes_A01_t02: CompileTimeError
LibTest/typed_data/Int16List/reversed_A01_t02: CompileTimeError
LibTest/typed_data/Int16List/runtimeType_A01_t02: CompileTimeError
LibTest/typed_data/Int16List/single_A01_t02: CompileTimeError
LibTest/typed_data/Int16List/skipWhile_A03_t01: CompileTimeError
LibTest/typed_data/Int16List/takeWhile_A03_t01: CompileTimeError
LibTest/typed_data/Int32List/buffer_A01_t02: CompileTimeError
LibTest/typed_data/Int32List/elementSizeInBytes_A01_t02: CompileTimeError
LibTest/typed_data/Int32List/hashCode_A01_t02: CompileTimeError
LibTest/typed_data/Int32List/isEmpty_A01_t02: CompileTimeError
LibTest/typed_data/Int32List/isNotEmpty_A01_t02: CompileTimeError
LibTest/typed_data/Int32List/iterator_A01_t02: CompileTimeError
LibTest/typed_data/Int32List/lengthInBytes_A01_t02: CompileTimeError
LibTest/typed_data/Int32List/offsetInBytes_A01_t02: CompileTimeError
LibTest/typed_data/Int32List/reversed_A01_t02: CompileTimeError
LibTest/typed_data/Int32List/runtimeType_A01_t02: CompileTimeError
LibTest/typed_data/Int32List/single_A01_t02: CompileTimeError
LibTest/typed_data/Int32List/skipWhile_A03_t01: CompileTimeError
LibTest/typed_data/Int32List/takeWhile_A03_t01: CompileTimeError
LibTest/typed_data/Int32x4/flagW_A01_t03: CompileTimeError
LibTest/typed_data/Int32x4/flagX_A01_t03: CompileTimeError
LibTest/typed_data/Int32x4/flagY_A01_t03: CompileTimeError
LibTest/typed_data/Int32x4/flagZ_A01_t03: CompileTimeError
LibTest/typed_data/Int32x4/w_A01_t02: CompileTimeError
LibTest/typed_data/Int32x4/x_A01_t02: CompileTimeError
LibTest/typed_data/Int32x4/y_A01_t02: CompileTimeError
LibTest/typed_data/Int32x4/z_A01_t02: CompileTimeError
LibTest/typed_data/Int64List/buffer_A01_t02: CompileTimeError
LibTest/typed_data/Int64List/elementSizeInBytes_A01_t02: CompileTimeError
LibTest/typed_data/Int64List/hashCode_A01_t02: CompileTimeError
LibTest/typed_data/Int64List/isEmpty_A01_t02: CompileTimeError
LibTest/typed_data/Int64List/isNotEmpty_A01_t02: CompileTimeError
LibTest/typed_data/Int64List/iterator_A01_t02: CompileTimeError
LibTest/typed_data/Int64List/lengthInBytes_A01_t02: CompileTimeError
LibTest/typed_data/Int64List/offsetInBytes_A01_t02: CompileTimeError
LibTest/typed_data/Int64List/reversed_A01_t02: CompileTimeError
LibTest/typed_data/Int64List/runtimeType_A01_t02: CompileTimeError
LibTest/typed_data/Int64List/single_A01_t02: CompileTimeError
LibTest/typed_data/Int64List/skipWhile_A03_t01: CompileTimeError
LibTest/typed_data/Int64List/takeWhile_A03_t01: CompileTimeError
LibTest/typed_data/Int8List/buffer_A01_t02: CompileTimeError
LibTest/typed_data/Int8List/elementSizeInBytes_A01_t02: CompileTimeError
LibTest/typed_data/Int8List/hashCode_A01_t02: CompileTimeError
LibTest/typed_data/Int8List/isEmpty_A01_t02: CompileTimeError
LibTest/typed_data/Int8List/isNotEmpty_A01_t02: CompileTimeError
LibTest/typed_data/Int8List/iterator_A01_t02: CompileTimeError
LibTest/typed_data/Int8List/lengthInBytes_A01_t02: CompileTimeError
LibTest/typed_data/Int8List/offsetInBytes_A01_t02: CompileTimeError
LibTest/typed_data/Int8List/reversed_A01_t02: CompileTimeError
LibTest/typed_data/Int8List/runtimeType_A01_t02: CompileTimeError
LibTest/typed_data/Int8List/single_A01_t02: CompileTimeError
LibTest/typed_data/Int8List/skipWhile_A03_t01: CompileTimeError
LibTest/typed_data/Int8List/takeWhile_A03_t01: CompileTimeError
LibTest/typed_data/Uint16List/buffer_A01_t02: CompileTimeError
LibTest/typed_data/Uint16List/elementSizeInBytes_A01_t02: CompileTimeError
LibTest/typed_data/Uint16List/hashCode_A01_t02: CompileTimeError
LibTest/typed_data/Uint16List/isEmpty_A01_t02: CompileTimeError
LibTest/typed_data/Uint16List/isNotEmpty_A01_t02: CompileTimeError
LibTest/typed_data/Uint16List/iterator_A01_t02: CompileTimeError
LibTest/typed_data/Uint16List/lengthInBytes_A01_t02: CompileTimeError
LibTest/typed_data/Uint16List/offsetInBytes_A01_t02: CompileTimeError
LibTest/typed_data/Uint16List/reversed_A01_t02: CompileTimeError
LibTest/typed_data/Uint16List/runtimeType_A01_t02: CompileTimeError
LibTest/typed_data/Uint16List/single_A01_t02: CompileTimeError
LibTest/typed_data/Uint16List/skipWhile_A03_t01: CompileTimeError
LibTest/typed_data/Uint16List/takeWhile_A03_t01: CompileTimeError
LibTest/typed_data/Uint32List/buffer_A01_t02: CompileTimeError
LibTest/typed_data/Uint32List/elementSizeInBytes_A01_t02: CompileTimeError
LibTest/typed_data/Uint32List/hashCode_A01_t02: CompileTimeError
LibTest/typed_data/Uint32List/isEmpty_A01_t02: CompileTimeError
LibTest/typed_data/Uint32List/isNotEmpty_A01_t02: CompileTimeError
LibTest/typed_data/Uint32List/iterator_A01_t02: CompileTimeError
LibTest/typed_data/Uint32List/lengthInBytes_A01_t02: CompileTimeError
LibTest/typed_data/Uint32List/offsetInBytes_A01_t02: CompileTimeError
LibTest/typed_data/Uint32List/reversed_A01_t02: CompileTimeError
LibTest/typed_data/Uint32List/runtimeType_A01_t02: CompileTimeError
LibTest/typed_data/Uint32List/single_A01_t02: CompileTimeError
LibTest/typed_data/Uint32List/skipWhile_A03_t01: CompileTimeError
LibTest/typed_data/Uint32List/takeWhile_A03_t01: CompileTimeError
LibTest/typed_data/Uint64List/Uint64List.fromList_A01_t01: CompileTimeError
LibTest/typed_data/Uint64List/Uint64List.fromList_A01_t02: CompileTimeError
LibTest/typed_data/Uint64List/Uint64List.view_A01_t01: CompileTimeError
LibTest/typed_data/Uint64List/Uint64List.view_A01_t02: CompileTimeError
LibTest/typed_data/Uint64List/buffer_A01_t02: CompileTimeError
LibTest/typed_data/Uint64List/elementSizeInBytes_A01_t02: CompileTimeError
LibTest/typed_data/Uint64List/hashCode_A01_t02: CompileTimeError
LibTest/typed_data/Uint64List/isEmpty_A01_t02: CompileTimeError
LibTest/typed_data/Uint64List/isNotEmpty_A01_t02: CompileTimeError
LibTest/typed_data/Uint64List/iterator_A01_t02: CompileTimeError
LibTest/typed_data/Uint64List/lengthInBytes_A01_t02: CompileTimeError
LibTest/typed_data/Uint64List/offsetInBytes_A01_t02: CompileTimeError
LibTest/typed_data/Uint64List/reversed_A01_t02: CompileTimeError
LibTest/typed_data/Uint64List/runtimeType_A01_t02: CompileTimeError
LibTest/typed_data/Uint64List/single_A01_t02: CompileTimeError
LibTest/typed_data/Uint64List/skipWhile_A03_t01: CompileTimeError
LibTest/typed_data/Uint64List/takeWhile_A03_t01: CompileTimeError
LibTest/typed_data/Uint8ClampedList/buffer_A01_t02: CompileTimeError
LibTest/typed_data/Uint8ClampedList/elementSizeInBytes_A01_t02: CompileTimeError
LibTest/typed_data/Uint8ClampedList/hashCode_A01_t02: CompileTimeError
LibTest/typed_data/Uint8ClampedList/isEmpty_A01_t02: CompileTimeError
LibTest/typed_data/Uint8ClampedList/isNotEmpty_A01_t02: CompileTimeError
LibTest/typed_data/Uint8ClampedList/iterator_A01_t02: CompileTimeError
LibTest/typed_data/Uint8ClampedList/lengthInBytes_A01_t02: CompileTimeError
LibTest/typed_data/Uint8ClampedList/offsetInBytes_A01_t02: CompileTimeError
LibTest/typed_data/Uint8ClampedList/reversed_A01_t02: CompileTimeError
LibTest/typed_data/Uint8ClampedList/runtimeType_A01_t02: CompileTimeError
LibTest/typed_data/Uint8ClampedList/single_A01_t02: CompileTimeError
LibTest/typed_data/Uint8ClampedList/skipWhile_A03_t01: CompileTimeError
LibTest/typed_data/Uint8ClampedList/takeWhile_A03_t01: CompileTimeError
LibTest/typed_data/Uint8List/buffer_A01_t02: CompileTimeError
LibTest/typed_data/Uint8List/elementSizeInBytes_A01_t02: CompileTimeError
LibTest/typed_data/Uint8List/hashCode_A01_t02: CompileTimeError
LibTest/typed_data/Uint8List/isEmpty_A01_t02: CompileTimeError
LibTest/typed_data/Uint8List/isNotEmpty_A01_t02: CompileTimeError
LibTest/typed_data/Uint8List/iterator_A01_t02: CompileTimeError
LibTest/typed_data/Uint8List/lengthInBytes_A01_t02: CompileTimeError
LibTest/typed_data/Uint8List/offsetInBytes_A01_t02: CompileTimeError
LibTest/typed_data/Uint8List/reversed_A01_t02: CompileTimeError
LibTest/typed_data/Uint8List/runtimeType_A01_t02: CompileTimeError
LibTest/typed_data/Uint8List/single_A01_t02: CompileTimeError
LibTest/typed_data/Uint8List/skipWhile_A03_t01: CompileTimeError
LibTest/typed_data/Uint8List/takeWhile_A03_t01: CompileTimeError
Utils/tests/Expect/equals_A01_t03: CompileTimeError
Utils/tests/Expect/notEquals_A01_t03: CompileTimeError
Utils/tests/Expect/throws_A01_t04: CompileTimeError

[ $fasta && !$strong ]
Language/Classes/Constructors/Constant_Constructors/potentially_constant_expression_t01: MissingCompileTimeError
Language/Classes/Constructors/Factories/const_modifier_t01: MissingCompileTimeError
Language/Classes/Constructors/Factories/const_modifier_t02: MissingCompileTimeError
Language/Classes/Constructors/Factories/default_value_t01: MissingCompileTimeError
Language/Classes/Constructors/Factories/default_value_t02: MissingCompileTimeError
Language/Classes/Constructors/Factories/name_t01: MissingCompileTimeError
Language/Classes/Constructors/Factories/name_t03: MissingCompileTimeError
Language/Classes/Constructors/Factories/name_t04: MissingCompileTimeError
Language/Classes/Constructors/Factories/name_t05: MissingCompileTimeError
Language/Classes/Constructors/Generative_Constructors/execution_t04: MissingCompileTimeError
Language/Classes/Constructors/Generative_Constructors/execution_t06: MissingCompileTimeError
Language/Classes/Constructors/Generative_Constructors/execution_t07: MissingCompileTimeError
Language/Classes/Constructors/Generative_Constructors/execution_t12: MissingCompileTimeError
Language/Classes/Constructors/Generative_Constructors/redirection_t03: MissingCompileTimeError
Language/Classes/Constructors/Generative_Constructors/redirection_t07: MissingCompileTimeError
Language/Classes/Constructors/Generative_Constructors/redirection_t08: MissingCompileTimeError
Language/Classes/Constructors/Generative_Constructors/superclass_constructor_t02: MissingCompileTimeError
Language/Classes/Constructors/Generative_Constructors/superclass_constructor_t03: MissingCompileTimeError
Language/Classes/Constructors/Generative_Constructors/superclass_constructor_t05: MissingCompileTimeError
Language/Classes/Constructors/Generative_Constructors/superclass_constructor_t06: MissingCompileTimeError
Language/Classes/Instance_Variables/constant_t01: MissingCompileTimeError
Language/Classes/Static_Methods/declaration_t01: MissingCompileTimeError
Language/Classes/Superclasses/wrong_superclass_t08: MissingCompileTimeError
Language/Classes/Superinterfaces/wrong_type_t05: MissingCompileTimeError
Language/Classes/same_name_type_variable_t04: MissingCompileTimeError
Language/Classes/same_name_type_variable_t07: MissingCompileTimeError
Language/Expressions/Constants/bitwise_operators_t03: MissingCompileTimeError
Language/Expressions/Constants/bitwise_operators_t04: MissingCompileTimeError
Language/Expressions/Constants/bitwise_operators_t06: MissingCompileTimeError
Language/Expressions/Constants/constant_list_t02: MissingCompileTimeError
Language/Expressions/Constants/constant_map_t02: MissingCompileTimeError
Language/Expressions/Constants/depending_on_itself_t03: MissingCompileTimeError
Language/Expressions/Constants/equals_expression_t03: MissingCompileTimeError
Language/Expressions/Constants/math_operators_t05: MissingCompileTimeError
Language/Expressions/Function_Invocation/Unqualified_Invocation/instance_context_invocation_t03: MissingCompileTimeError
Language/Expressions/Function_Invocation/Unqualified_Invocation/instance_context_invocation_t04: MissingCompileTimeError
Language/Expressions/Instance_Creation/Const/arguments_t03: MissingCompileTimeError
Language/Expressions/Maps/constant_map_t02: MissingCompileTimeError
Language/Expressions/Maps/key_value_equals_operator_t01: MissingCompileTimeError
Language/Expressions/Method_Invocation/Ordinary_Invocation/object_method_invocation_t01: MissingCompileTimeError
Language/Expressions/Method_Invocation/Ordinary_Invocation/object_method_invocation_t02: MissingCompileTimeError
Language/Expressions/Method_Invocation/Super_Invocation/invocation_t02: MissingCompileTimeError
Language/Expressions/Method_Invocation/Super_Invocation/invocation_t03: MissingCompileTimeError
Language/Expressions/Numbers/syntax_t06: CompileTimeError
Language/Expressions/Numbers/syntax_t09: CompileTimeError
Language/Expressions/Property_Extraction/Getter_Access_and_Method_Extraction/class_object_member_t01: MissingCompileTimeError
Language/Expressions/Property_Extraction/Getter_Access_and_Method_Extraction/class_object_member_t02: MissingCompileTimeError
Language/Expressions/Property_Extraction/Getter_Access_and_Method_Extraction/class_object_member_t03: MissingCompileTimeError
Language/Expressions/Property_Extraction/Getter_Access_and_Method_Extraction/class_object_member_t04: MissingCompileTimeError
Language/Expressions/Property_Extraction/Getter_Access_and_Method_Extraction/class_object_member_t05: MissingCompileTimeError
Language/Expressions/Property_Extraction/Getter_Access_and_Method_Extraction/class_object_member_t06: MissingCompileTimeError
Language/Expressions/Property_Extraction/Getter_Access_and_Method_Extraction/class_object_member_t07: MissingCompileTimeError
Language/Expressions/Property_Extraction/Getter_Access_and_Method_Extraction/class_object_member_t08: MissingCompileTimeError
Language/Libraries_and_Scripts/Exports/reexport_t01: MissingCompileTimeError
Language/Libraries_and_Scripts/Exports/reexport_t02: MissingCompileTimeError
Language/Libraries_and_Scripts/Imports/invalid_uri_deferred_t02: CompileTimeError
Language/Libraries_and_Scripts/Imports/invalid_uri_t01: MissingCompileTimeError
Language/Mixins/Mixin_Application/deferred_t01: MissingCompileTimeError
Language/Mixins/Mixin_Application/syntax_t20: CompileTimeError
Language/Mixins/declaring_constructor_t05: MissingCompileTimeError
Language/Mixins/declaring_constructor_t06: MissingCompileTimeError
Language/Statements/Continue/label_t07: MissingCompileTimeError
Language/Statements/Switch/equal_operator_t01: MissingCompileTimeError
Language/Statements/Switch/equal_operator_t02: MissingCompileTimeError
Language/Statements/Switch/expressions_t01: MissingCompileTimeError
Language/Statements/Switch/expressions_t02: MissingCompileTimeError
Language/Statements/Switch/expressions_t03: MissingCompileTimeError
Language/Statements/Switch/expressions_t04: MissingCompileTimeError
Language/Statements/Yield_and_Yield_Each/Yield_Each/location_t01: MissingCompileTimeError
Language/Statements/Yield_and_Yield_Each/Yield_Each/location_t03: MissingCompileTimeError
Language/Statements/Yield_and_Yield_Each/Yield_Each/location_t05: MissingCompileTimeError
Language/Types/Interface_Types/subtype_t30: CompileTimeError
Language/Variables/final_or_static_initialization_t02: MissingCompileTimeError
Language/Variables/final_or_static_initialization_t03: MissingCompileTimeError
LibTest/core/int/compareTo_A01_t01: CompileTimeError
LibTest/core/int/isEven_A01_t01: CompileTimeError
LibTest/core/int/isOdd_A01_t01: CompileTimeError
LibTest/core/int/operator_AND_A01_t01: CompileTimeError
LibTest/core/int/operator_GT_A01_t01: CompileTimeError
LibTest/core/int/operator_LT_A01_t01: CompileTimeError
LibTest/core/int/operator_NOT_A01_t01: CompileTimeError
LibTest/core/int/operator_OR_A01_t01: CompileTimeError
LibTest/core/int/operator_XOR_A01_t01: CompileTimeError
LibTest/core/int/operator_addition_A01_t01: CompileTimeError
LibTest/core/int/operator_left_shift_A01_t01: CompileTimeError
LibTest/core/int/operator_remainder_A01_t01: CompileTimeError
LibTest/core/int/operator_right_shift_A01_t01: CompileTimeError
LibTest/core/int/operator_truncating_division_A01_t02: CompileTimeError
LibTest/core/int/remainder_A01_t01: CompileTimeError
LibTest/core/int/toDouble_A01_t01: CompileTimeError
LibTest/typed_data/ByteData/getUint64_A01_t01: CompileTimeError
LibTest/typed_data/ByteData/setUint64_A01_t01: CompileTimeError
LibTest/typed_data/Uint64List/Uint64List.fromList_A01_t01: CompileTimeError
LibTest/typed_data/Uint64List/Uint64List.fromList_A01_t02: CompileTimeError
LibTest/typed_data/Uint64List/Uint64List.view_A01_t01: CompileTimeError
LibTest/typed_data/Uint64List/Uint64List.view_A01_t02: CompileTimeError

[ $compiler == app_jitk || $compiler == dartk || $compiler == dartkp ]
*: SkipByDesign
